 -49.72   -45.13   -17.72   6.723
 -17.44   -28.07   -38.70   6.474
 -59.59    11.46     2.49   6.954
 -19.24   -13.17    10.41   6.984
 -30.40    11.50    12.54   7.217
  22.21    15.73     6.86   7.517
 -28.52   -38.11    17.30   7.599
  26.79   -44.44   -24.92   7.562
  12.79   -18.05    22.59   7.546
 -69.67   -36.98    17.67   7.291
 -29.26   -29.16   -18.28   7.699
 -25.04   -31.42   -19.75   7.667
 -29.34   -24.95     2.90   7.743
 -16.33    -6.43     2.71   7.528
 -77.07     3.34    16.03   7.689
  -2.74    -0.61   -32.72   7.415
  11.20   -19.31    47.71   7.657
 -47.62    -6.90   -12.68   7.748
 -20.70   -43.17     2.53   7.425
 -26.23   -27.08     1.58   7.366
 -42.92  -103.26  -102.64   7.774
 -34.18   -31.03    11.07   8.166
 -32.39    -4.85    11.42   7.870
   7.84   -31.87   -30.54   8.120
 -21.13     6.80     3.04   7.819
  -9.96   -46.78   -11.39   8.089
 -14.45   -27.14   -34.21   8.240
 -28.43   -42.16    21.51   8.203
 -41.85   -11.59    -7.76   7.942
 -59.67    -8.79     4.97   8.085
 -32.08   -12.53    -8.65   8.195
 -36.70   -16.35   -34.54   8.112
 -10.08   -35.40   -29.60   8.240
  -2.27   -37.48     0.56   8.021
  47.41   -19.24    32.28   8.010
  39.79   -31.20    -7.56   8.226
  18.75   -43.30    13.04   8.190
  11.54     6.11    28.37   8.150
  18.46   -20.56   -31.17   7.830
 -28.04   -57.14     3.95   7.808
  13.90    -3.86   -29.79   7.869
 -63.17   -19.13   -15.13   8.043
 -25.70   -42.90    -0.94   7.770
 -31.59   -19.25    -3.61   7.844
 -58.87   -35.83   -31.18   7.876
  19.60   -13.62   -17.49   7.860
  29.98   -32.90    16.36   7.846
 -74.34   -35.48    27.33   8.715
  18.18   -33.42   -22.04   8.428
 -20.87    -9.25   -20.44   8.529
 -29.04    -7.44    19.15   8.617
  -3.78    -2.83   -46.26   8.298
   5.90   -30.67    -4.85   8.582
  50.66   -44.06   -16.43   8.645
 -16.98   -42.83    23.14   8.665
 -43.51    -9.71    -3.88   8.661
  44.78   -35.25   -61.91   8.334
 -45.67   -21.10   -36.50   8.581
 -20.17    -5.05   -15.85   8.505
 -53.47    -4.28   -14.00   8.460
 -22.25    11.99   -33.24   8.338
  15.98   -11.22   -35.34   8.730
 -41.41   -44.47     4.65   8.713
  23.76     1.09   -34.67   8.437
 -18.15    15.92    24.33   8.542
  33.99   -18.86   -14.56   8.725
  31.25    -9.14   -17.00   8.381
 -20.21    -9.88    22.04   8.492
   3.48   -31.85    25.82   8.368
 -58.26   -18.81     7.70   8.576
 -13.14   -21.36    41.68   8.457
 -68.21   -39.58   -10.00   8.444
   6.76   -23.79   -31.81   8.717
   3.50   -43.61    44.54   8.293
   5.98   -19.05   -19.88   8.485
 -14.85   -11.55   -31.35   8.423
 -23.18   -21.30   -28.93   8.695
  47.35   -37.69    -8.32   8.603
 -64.15     0.27   -11.28   8.302
  35.75   -31.54    -5.91   8.542
 -15.78     9.75    12.17   8.353
 -73.16    -9.82    10.82   8.495
 -12.23   -25.35    -3.25   8.327
 -36.70   -43.18     5.54   8.280
 -83.59   -29.77   -14.20   8.968
 -54.87     8.18    -3.05   8.807
 -66.29   -41.77   -32.92   9.202
 -50.13   -44.83    -5.55   9.115
 -25.04    18.07   -26.34   8.964
 -38.92    -6.62   -19.56   9.204
 -20.04   -14.85   -20.97   9.224
  50.39   -27.46     1.35   8.805
  15.43    15.50   -16.45   9.144
 -52.69   -20.65   -10.07   9.060
 -13.84    -0.77    14.43   9.204
 -10.49   -45.53    10.39   9.236
  -8.68    -6.20    35.90   8.970
 -10.66   -39.59   -42.04   9.246
 -13.72   -14.41    22.23   8.962
 -23.93   -25.84   -16.13   8.805
 -41.29     0.83    -3.83   9.096
  -0.29   -13.21   -26.29   8.884
  23.45   -10.53   -24.17   8.947
  43.33   -19.94     5.62   9.202
 -36.58     0.50   -28.25   8.807
 -20.82   -22.86   -28.19   9.170
  -2.09   -28.58   -27.39   8.804
 -54.23   -31.15     0.14   9.244
  22.38    -3.40     5.13   9.234
  -0.86   -24.86    -9.96   9.196
 -27.51   -14.69    11.57   8.877
 -16.47    -8.64    -2.56   9.158
 -42.89   -12.84     4.50   9.126
 -15.57    -2.29   -25.93   9.030
  14.82    12.47   -11.27   9.049
  17.93   -11.37   -21.81   9.192
  -8.30   -12.05   -22.24   9.175
 -42.78   -23.72   -25.70   9.045
 -34.13    -9.05   -48.78   8.838
 -33.22   -30.16    -0.11   8.917
 -52.38   -48.89   -39.49   8.791
  38.22   -58.06    -9.48   9.436
 -16.75   -44.83   -44.32   9.586
 -17.30   -19.80   -16.71   9.615
 -14.17   -13.21    32.50   9.259
 -51.12    18.50     1.72   9.737
   7.48   -49.30    45.09   9.383
  75.89   -34.59   -35.15   9.354
 -37.34     6.59     1.74   9.438
   4.90   -25.75   -16.83   9.567
 -22.71    -2.46     2.75   9.645
 -40.45    16.67   -20.90   9.556
  10.35   -21.13     2.20   9.450
  -2.19   -35.56     4.02   9.253
  44.46   -10.13    20.24   9.314
  -5.32   -20.60   -12.01   9.484
 -36.23   -16.00   -25.03   9.736
 -19.83    -8.80   -20.73   9.693
 -35.19    -9.18    18.79   9.571
  -7.56   -38.40    20.77   9.254
   9.68   -25.98   -16.33   9.655
 -38.51   -13.36   -25.05   9.654
 -33.72    -3.62   -31.81   9.323
 -14.05   -20.97   -42.21   9.592
   4.43   -47.95     9.13   9.628
   9.14   -13.77    54.03   9.693
 -32.51   -43.60   -18.31   9.629
  -5.11    12.47   -10.55   9.511
  -7.27   -23.68   -26.07   9.275
  24.04   -35.54   -65.87   9.272
  15.28   -20.11    14.72   9.380
 -18.32   -17.99   -21.35   9.561
  -6.64   -20.23    -7.70   9.718
 -59.43   -14.63   -27.19   9.362
 -62.84    -9.01    11.78   9.661
   8.43   -12.65    20.34   9.556
  -3.94   -36.48   -15.99   9.463
 -30.02   -27.17     2.49   9.726
 -53.39   -33.47    -6.00   9.394
 -20.89    -3.51   -15.27   9.339
  -5.57   -23.19   -15.99   9.378
 -15.66    -6.61   -27.76   9.478
   4.47   -19.10   -12.16   9.665
  -1.03    -8.24    19.53   9.717
 -25.40   -29.40   -23.00   9.294
  18.23   -16.87     5.40   9.286
 -26.77   -23.47   -28.87   9.323
 -61.81   -16.54    -1.29   9.413
 -22.40   -17.12    -1.34   9.731
 -58.51   -10.58   -31.84   9.660
 -30.17   -10.97    -1.16   9.385
  48.16   -39.15     0.91   9.558
 -25.08   -12.55   -40.23   9.587
 -13.17    18.23   -11.82   9.534
  41.01   -11.69    41.24   9.569
  53.01   -18.03   -19.15   9.293
 -18.09   -16.74    -0.17   9.624
   8.08     2.94    33.43   9.598
  33.70   -37.79     9.69   9.569
  14.62   -38.54   -32.00   9.458
 -26.28   -34.97    26.94   9.315
 -44.62   -16.93    -1.55   9.362
 -28.49   -23.40    14.32   9.432
 -15.62    -1.57   -15.44   9.471
 -42.38     2.65    -5.71   9.396
 -29.15   -21.06     2.50   9.386
 -12.20   -34.31    16.86   9.448
 -15.46   -18.92   -35.19   9.382
  11.95   -29.24   -21.36   9.362
  55.43   -27.58   -11.44   9.336
 137.92   -95.06    10.87  10.153
-109.97   -45.54   -15.56  10.212
  13.44   -28.05     1.60   9.768
 -10.22   -37.30   -38.17  10.054
 -64.53   -10.36    22.77  10.206
 -41.95    -0.86    -6.00  10.030
 -12.27   -38.02   -14.82  10.132
 -27.28   -12.61    12.83  10.042
  29.89     3.00    17.62  10.153
  -6.53     2.25   -49.40  10.085
   8.13     1.17   -28.21  10.008
  19.96   -21.61    18.59  10.142
 -12.66   -43.18   -16.78   9.859
 -38.70    -2.08   -27.17  10.105
  25.70   -24.31    -9.80  10.163
 -22.17   -14.70    20.97  10.169
  -4.20   -18.51   -16.96   9.819
  -2.18   -12.85    24.02   9.961
  29.76   -31.67   -16.52   9.894
   3.73    10.06     9.00   9.828
 -10.72   -19.47   -48.43  10.058
 -28.92   -19.05    -0.14   9.996
 -33.22   -16.96    11.81   9.811
 -18.30    -4.64     5.70   9.857
   5.91   -11.05   -27.53   9.757
 -22.21   -23.94   -28.61  10.156
  32.34     2.62   -19.13   9.808
 -32.60     3.56    11.15  10.188
   4.59   -31.83   -14.67  10.136
 -46.96   -25.45    -6.01  10.204
  -7.30    22.64   -12.79  10.226
 -30.07   -20.08   -45.41  10.141
   4.94   -40.12    30.88  10.050
  -4.90   -15.51    -1.16  10.207
   0.52   -29.59   -34.74   9.943
 -28.17   -23.37     0.25  10.199
 -34.34   -27.43    35.16   9.830
  28.37   -36.27    -0.01  10.084
 -30.55   -32.13    -0.33   9.857
  38.37   -19.87   -17.62   9.963
 -67.02   -27.74     8.46  10.058
 -43.80   -34.85    43.20   9.946
 -63.05   -15.54   -13.07  10.154
 -39.24     1.79    -2.43  10.071
  -2.26   -26.76   -24.10  10.214
 -36.86    -6.56   -19.59  10.130
 -27.04    21.07    -9.95  10.060
 -45.38   -14.09    -3.84  10.154
 -52.02   -40.86    38.28  10.155
 -70.44     2.91   -15.80  10.247
 -22.84   -14.69    21.95  10.204
 -13.61   -19.75    -6.46  10.005
 -40.58    -0.75   -12.00   9.952
 -16.72    -7.36    22.64  10.086
 -74.49   -30.11    -8.68   9.898
 -20.45   -21.32   -16.40  10.045
   7.54   -15.79   -22.11  10.240
  -1.49   -12.28   -30.88   9.908
 -76.22   -41.87    17.51   9.789
 -20.98   -35.63    10.39  10.202
  -5.11    -7.62   -16.50   9.996
 -33.81   -18.80   -37.07  10.192
   5.72   -10.89    16.65  10.212
 -19.34    15.11    21.69   9.821
 -15.23     6.98     2.25  10.111
  -5.06    -8.60   -11.07  10.128
 -38.00     3.24   -12.25  10.064
 -26.59   -24.40    -3.26  10.171
   1.81    14.28   -20.27  10.077
 -73.73   -55.58     3.58  10.059
   9.03    -9.51   -30.20  10.098
 -44.73   -27.55   -27.94  10.123
 -30.29   -31.65   -13.54  10.031
   1.00   -12.52   -20.69  10.078
  58.69   -37.78   -11.22   9.871
  -3.49   -25.67   -52.74  10.008
 -21.84   -20.60   -15.66  10.025
   8.65   -15.12   -22.85   9.913
 -39.94   -14.03   -27.21   9.912
 -13.59   -31.50     7.55   9.835
 -15.59   -19.25   -28.45   9.927
   8.15   -10.01    29.39   9.764
 -52.85   -38.82    -9.65   9.763
  -3.45   -23.92   -39.22   9.777
 -35.76    21.16    37.31   9.877
   9.16   -40.01    -3.28   9.875
  24.88    -0.36     4.85   9.783
 -27.08   -15.29   -35.64   9.759
 -43.59     3.28   -26.86   9.791
   6.72    -5.05    17.70   9.771
 -38.67   -18.93   -46.52  10.380
  40.02    -3.18    -0.89  10.522
  -2.33   -22.14   -12.38  10.481
 -39.40   -12.76    28.25  10.346
 -56.49    -9.33   -18.60  10.661
  49.87   -50.03    19.07  10.482
 -33.52   -12.37   -30.59  10.726
 -35.96   -28.26    17.56  10.730
 -28.10    -0.69    10.94  10.514
 -69.78    18.70     7.58  10.747
  14.61     4.39   -58.17  10.352
  -4.46    -6.30   -43.98  10.555
 -43.36     1.51    -7.92  10.266
   7.62   -11.45    28.11  10.557
 -11.81   -47.74     7.98  10.633
   0.03   -17.12     3.11  10.749
  24.04    -4.41     9.45  10.354
 -41.29    -7.74    20.55  10.347
  -8.96   -29.45    -0.31  10.270
 -45.14   -37.42   -20.31  10.367
 -17.94   -38.33    -1.03  10.294
  -7.69   -20.13    -0.04  10.505
 -23.91   -25.36    -2.63  10.677
 -30.26     3.85   -27.44  10.587
 -15.67   -19.22    11.24  10.740
  11.89   -10.74   -50.97  10.315
   2.24     8.56   -26.38  10.646
  12.37   -20.59    -5.04  10.496
 -83.73   -36.40    -5.49  10.736
   3.80     7.84     0.93  10.499
  22.68   -40.01   -17.98  10.494
 -55.77   -16.73    -6.31  10.435
 -13.65    -6.47    22.65  10.496
   6.34   -38.90   -12.04  10.673
  -7.20   -29.78     1.16  10.509
  20.68    -4.27     0.92  10.353
 -12.61    -7.94   -11.86  10.749
   4.68   -38.09   -20.65  10.503
   9.20   -29.06   -26.30  10.590
  13.01   -10.91    -1.06  10.548
 -35.81   -29.51    30.22  10.571
  -1.07   -47.35    -2.88  10.615
 -55.57    -7.48   -10.32  10.725
  -5.46    -5.80   -22.14  10.618
 -40.29   -38.66   -13.63  10.703
 -46.07   -12.52    -7.91  10.704
  43.17   -29.85   -15.88  10.391
 -19.49   -25.96   -30.08  10.708
   4.35   -12.59   -11.74  10.374
 -14.04   -55.52   -11.74  10.583
 -26.90     0.50   -29.24  10.260
 -49.67   -33.20   -12.91  10.560
  12.21   -35.38   -41.43  10.436
  25.79   -23.74     2.71  10.351
  18.83   -43.48   -19.37  10.623
  -1.71   -31.29   -17.50  10.585
 -28.20     6.12     1.89  10.557
  10.04   -20.72   -38.91  10.260
  17.49   -24.23    -1.66  10.520
   6.15    15.85    14.90  10.320
   0.40   -23.72   -47.16  10.537
  -0.18   -24.99     7.04  10.394
  17.33   -46.61   -13.98  10.348
 -15.42   -19.07   -48.60  10.499
  13.96   -20.97     1.19  10.331
 -26.54   -30.64    -2.74  10.489
  -0.03     3.34    14.14  10.448
  20.26   -22.23    20.72  10.443
 -48.90   -30.15    17.51  10.417
 -45.16   -10.51     4.24  10.375
 -43.45   -39.01    -6.73  10.392
  19.02     0.07    -3.89  10.417
   9.92     3.03   -20.51  10.392
  10.58     1.77    29.16  10.376
   1.65     4.27    17.05  10.310
  -6.98     7.34   -21.60  10.318
  42.37   -41.12   -20.71  10.257
   4.29   -17.71    14.06  10.298
  -3.15   -38.51    -2.67  10.265
  63.72   -39.84  -116.09  10.893
  -8.61    -9.11    23.17  10.945
   9.76   -35.29   -31.74  11.036
  20.46   -38.40   -36.49  10.855
 -10.45   -36.91   -32.84  11.047
 -39.09   -26.58   -16.02  11.219
  29.58   -18.57    15.10  11.178
  29.14   -29.24    15.15  11.063
  69.73   -54.16    33.77  10.894
 -46.21    -3.04     3.21  11.234
  24.14   -28.63    -7.69  10.970
 -39.36   -14.79   -31.21  10.949
  16.46   -31.92   -17.77  10.923
   5.42   -14.96   -33.20  11.017
  -3.51   -13.56   -47.92  11.134
  -4.75   -22.09     9.52  11.049
  22.97     0.50   -26.21  11.060
 -34.97   -19.49     3.40  10.964
   9.89   -41.94     6.49  10.833
 -32.08   -28.91   -54.60  11.228
  20.53   -47.83   -20.87  11.056
  -5.61   -13.95    -6.68  10.792
 -43.69   -37.91   -26.90  10.900
  -1.91   -38.28   -35.53  10.754
   7.46   -36.80    -5.73  11.179
 -74.43   -25.56   -33.80  11.169
 -41.41   -32.08    15.81  11.176
 -64.74    -7.64   -11.79  10.992
  21.75   -39.43   -34.23  10.942
 -28.39   -47.12   -33.15  11.197
  24.19   -25.41    -9.41  11.065
 -16.67   -35.00     6.54  10.840
 -60.74   -22.39   -12.53  11.174
   8.90    -3.01   -13.10  11.084
  -0.83    10.68    -6.34  11.191
 -47.83     2.54    10.90  10.961
   1.25    20.81    -1.16  11.004
  51.44     0.06     6.65  10.882
  -2.38   -45.20   -21.65  10.945
   0.22   -23.19   -27.37  10.933
  10.02     0.76    12.65  10.998
 -49.82   -30.96    14.44  10.889
  57.25   -44.14   -40.33  10.816
 -53.38   -12.77    21.08  11.156
 -17.02     2.95    16.52  10.898
 -14.40   -33.74   -31.01  10.914
  -6.74   -24.01    15.22  10.846
 -38.56   -14.10     1.97  11.087
   6.43   -14.49   -36.52  10.898
 -16.67   -14.02     2.47  10.896
 -37.78   -35.84    -5.08  10.794
 -19.11   -19.98   -10.45  10.824
   2.94   -27.36    -1.47  10.818
 -30.00    -6.80     9.21  10.760
   6.20    29.85    -6.42  10.796
  -9.11   -12.84   -18.35  10.783
 -56.81  -117.85    32.80  11.626
-109.44   -70.97    -0.35  11.529
 -21.38   -64.17   -80.31  11.341
 -23.98   -24.45   -10.65  11.573
   8.09   -48.71    -3.05  11.312
 -59.78   -33.47    -9.54  11.394
 -39.86   -23.11   -20.29  11.263
  18.58   -15.96    -1.46  11.290
  12.47    -6.19   -16.83  11.271
  -1.34   -24.83     6.20  11.445
  61.88     0.43    22.98  11.405
 -14.79   -20.09   -12.33  11.371
 -50.60   -26.22   -21.19  11.573
  27.08    20.66   -10.10  11.349
   5.85   -58.67   -21.93  11.685
 -25.20   -12.44    -9.67  11.631
   3.01    -1.39   -18.63  11.494
 -24.05   -16.16    36.63  11.252
   9.87   -22.71    21.10  11.360
 -42.42    -8.04    19.18  11.696
  -2.52   -22.47   -12.08  11.672
 -12.08   -28.13    10.13  11.535
 -40.97   -62.75    27.64  11.718
 -41.52    -7.53     4.35  11.545
  37.72   -38.79   -16.57  11.596
 -52.04   -33.34     1.16  11.257
  44.71   -16.14    26.28  11.339
 -24.89   -18.94     4.22  11.574
 -19.86    -9.57   -14.61  11.709
 -11.75     3.54    -2.93  11.743
 -57.61   -29.26     4.80  11.377
 -13.43   -28.03     0.39  11.443
 -28.92   -48.80     8.73  11.647
   7.94   -40.23     4.52  11.361
 -61.38   -10.42   -47.06  11.697
   2.07   -45.48     6.09  11.602
 -71.11   -16.92   -16.12  11.729
 -14.34   -10.36     9.38  11.292
 -32.02    -7.10   -35.77  11.717
 -21.75   -16.82    -5.14  11.267
  -9.75   -36.81    -5.18  11.681
  13.36   -12.91    -6.69  11.395
  20.32   -12.97   -20.58  11.645
   0.18   -28.99     3.10  11.715
 -68.42   -13.92    -5.02  11.422
 -53.49   -23.15    -2.68  11.599
  45.15     8.11   -12.67  11.661
  14.89    -1.04    18.41  11.548
 -33.18   -33.29    16.86  11.612
 -28.95   -36.00    -0.75  11.385
 -45.50   -20.85   -10.53  11.665
  39.80    16.35    -9.71  11.729
 -27.86    -3.53   -22.03  11.260
  38.56   -33.21   -28.00  11.651
  18.62   -21.48    18.78  11.634
 -48.75   -13.73     1.56  11.358
 -25.25   -14.98   -17.88  11.670
  14.77   -16.91   -11.39  11.302
 -19.58   -52.74   -43.67  11.616
 -20.08   -21.90   -44.23  11.559
  25.02   -25.08    -9.61  11.636
 -13.72   -12.91     7.08  11.567
 -36.65    -2.30   -24.97  11.601
 -31.61   -20.00   -35.74  11.373
  -9.43    -5.36     1.77  11.609
  48.17   -50.91    12.22  11.501
  18.08   -26.73    16.39  11.499
 -20.40    10.20     0.32  11.459
  18.59   -32.73    13.28  11.498
 -12.77   -34.72   -23.88  11.477
  10.21   -23.58   -20.45  11.475
 -37.03   -23.39    -6.36  11.319
  -0.48   -22.56   -22.88  11.395
  -4.39   -40.59   -17.18  11.360
  33.75   -12.65    -6.43  11.332
 -12.47     4.63   -61.10  11.304
  -2.39   -23.50   -37.43  11.305
 -26.38     2.99    -3.27  11.345
 -33.39   -48.68   -63.31  11.278
-152.08  *******  -340.40  12.036
  -0.53   -49.73   -19.72  11.810
 -34.89    34.64    -5.16  12.221
 -81.87   -55.27    -5.36  11.951
 -83.05   -56.21     7.17  11.880
 -35.51    -2.43   -43.65  12.130
   0.65   -48.87   -16.31  12.029
  47.75   -10.13   -17.88  11.751
  81.10   -62.50    50.41  12.125
 -10.83   -27.29    -8.04  12.032
   9.68   -18.26    -7.51  12.034
 -36.11   -31.31    -3.35  11.792
 -56.14   -20.87     1.40  11.964
 -52.69   -36.42   -25.92  12.211
   6.65   -56.60   -31.87  12.110
 -32.33    -3.77    -2.09  12.202
 -25.13   -31.18     2.28  11.797
 -87.19    -5.81   -13.37  12.229
  14.86   -18.22     5.22  11.806
 -58.85   -23.81   -23.64  12.147
  -6.05   -36.28     2.06  12.020
  16.87   -35.02   -27.55  12.217
 -22.68    25.47   -54.75  12.120
 -14.05   -15.21   -30.31  12.227
  14.82   -31.43     5.55  11.995
 -40.18    -5.32   -23.06  12.197
   3.15   -27.25   -15.16  12.132
  14.12   -19.51   -11.69  12.039
  49.51   -10.28   -16.31  12.085
 -28.05   -14.89   -11.92  11.756
 -35.75   -14.99   -23.84  12.102
   2.79   -57.99     5.31  11.754
 -38.82    -3.87     4.40  12.098
 -52.50   -14.69    16.79  12.150
 -11.67    -7.72    -8.26  12.198
  20.92   -29.70    -9.31  12.065
  -1.30   -14.60     9.09  12.198
  40.90   -38.86   -13.93  11.796
   3.64     3.68   -17.00  11.950
  28.36    -4.38    36.57  11.978
  14.92   -12.90    -8.97  12.153
 -12.13   -14.43    -4.53  12.085
  -4.59   -42.10   -33.77  11.927
 -21.56    20.88    22.76  12.003
 -23.65   -20.74    29.11  12.093
 -63.24   -28.70    -2.92  11.934
  23.08   -41.22    -9.02  12.130
  -8.16   -25.49   -15.28  12.121
  17.36   -11.18    -3.01  12.206
 -12.31   -19.63   -20.58  12.158
   9.99    -2.90    12.72  12.101
  -9.26   -42.10    -3.73  11.887
 -20.72     0.78    -1.41  12.114
  10.54   -14.50   -21.65  11.894
  10.50   -31.06    -8.06  12.090
 -65.54   -28.10   -24.79  11.929
 -29.43    -6.74    -6.77  11.790
  -5.44   -18.35    -7.39  12.231
  36.41   -23.09    -8.08  12.136
  -4.59    -9.13   -13.33  11.844
 -35.86   -30.71    17.90  11.870
   8.90   -15.76   -27.65  11.941
 -17.62   -30.66   -30.96  11.824
  13.54     8.54   -16.99  11.878
 -42.02   -30.52   -31.52  12.231
  -1.84   -12.44    -9.66  11.974
  21.04   -65.91     4.54  11.893
 -60.89   -19.75    -3.81  12.195
  31.34   -14.18   -37.25  11.811
  31.81   -24.63   -27.97  12.181
  21.66    -7.70   -19.02  12.164
 -35.35   -33.25   -32.15  12.080
 -13.85   -18.96   -18.57  12.154
  75.00   -22.03   -12.42  11.812
 -10.03   -27.76     4.43  12.144
  26.70   -26.87   -48.28  11.926
 -33.97   -28.08    27.36  11.828
  -0.40   -30.53    35.01  12.055
  16.56    -7.41    -4.77  11.845
  53.67   -35.83     5.61  11.830
 -44.74    17.20   -15.12  12.053
  -2.39    -8.36   -10.29  11.763
 -87.12   -30.99     6.84  12.110
  46.32   -24.01   -31.16  12.167
   0.78   -18.01   -15.29  12.230
 -13.89    13.34    29.41  12.062
   7.67   -37.86   -56.62  11.891
 -45.13   -33.18   -24.43  12.121
 -56.25   -46.48    -6.35  11.771
 -18.72   -23.16     1.50  12.103
 -46.96   -14.84    34.15  11.905
 -37.39   -11.24   -11.38  12.017
   9.88   -43.59    -5.63  11.904
  -7.36     5.32   -14.86  12.050
  21.23   -31.22    15.74  11.975
 -40.69   -47.45    -7.59  12.139
  23.33   -45.51     2.19  12.201
 -14.94   -24.14    24.27  12.190
  11.37    -9.50    39.07  11.999
  -9.77   -21.20    20.98  11.804
 -13.33   -21.22   -16.28  12.151
  -3.66   -21.18     4.85  12.039
  -1.01   -20.17   -28.68  11.818
 -73.14   -28.97   -34.23  11.886
 -25.24   -64.02    17.38  12.116
  35.45   -14.35     1.71  12.018
  -1.24    -1.67   -13.48  12.061
   9.24   -25.71   -29.72  12.043
 -19.76   -36.76   -25.09  11.843
 -23.45    -4.04   -16.57  11.975
 -30.18   -14.77    28.91  11.937
  -9.38    -4.78     0.92  12.005
 -30.29     7.94    60.48  12.008
 -37.53   -40.00   -15.89  11.964
 -43.81    -7.52    -9.36  11.760
  -0.52   -53.73     3.99  11.924
 -29.38   -38.48   -28.60  11.905
 -34.69   -35.40    -2.66  11.847
 -37.10   -45.14   -14.63  11.775
 -73.55   -12.18   -24.97  11.826
 -40.42    14.56    -0.51  11.751
 -13.52   -37.15   -19.53  12.041
  -2.66   -26.80    -2.16  11.750
 920.83  *******   235.88  12.677
-359.13  *******   192.67  12.447
 -12.05   -40.18   158.67  12.512
 -35.40   -48.79    15.41  12.547
 -30.38   -76.15    20.70  12.564
  16.25   -16.36     4.31  12.526
  30.59   -35.29   -24.82  12.561
 -17.31   -47.11    14.67  12.554
 -31.81   -41.28    20.95  12.669
  25.41   -19.80   -21.57  12.538
  13.38   -32.94   -15.55  12.597
 -22.30   -31.42    14.90  12.688
  56.27   -38.76    -7.71  12.480
 -40.94   -31.78    -8.21  12.676
   0.63   -28.21   -18.60  12.401
   4.27    -0.01   -29.67  12.590
 -11.96   -38.44   -39.40  12.600
  58.14   -25.50     5.63  12.680
 -49.47    -6.77     0.33  12.593
  27.39   -48.76   -13.29  12.585
 -10.65     7.13    -2.52  12.448
 -20.64   -31.87   -15.76  12.682
 -15.39   -46.46    18.94  12.632
  28.31   -24.25     1.51  12.339
  -1.76   -27.91     6.15  12.689
 -23.76    -2.65    -4.46  12.623
 -16.88    11.86   -10.06  12.638
  -8.22   -10.59   -21.41  12.571
   2.95   -32.70   -10.01  12.635
  11.90   -25.81     2.37  12.416
 -21.59   -39.92   -33.15  12.681
 -74.76     0.48   -28.88  12.471
 -10.02   -21.44     7.25  12.738
  -9.33   -14.95     4.52  12.526
 -52.74   -42.31   -12.33  12.507
  16.29     0.56    39.25  12.541
  -7.96   -22.35   -19.16  12.494
 -72.21   -18.32   -53.26  12.537
  25.58   -11.61     3.84  12.681
  42.94   -41.48    -7.77  12.482
  34.35   -26.03   -14.11  12.748
 -16.52   -21.39    16.05  12.710
  52.52   -45.99    43.81  12.359
 -42.94   -21.47   -20.59  12.736
  -6.90   -12.88    20.04  12.612
  -8.46   -44.39    37.30  12.480
 -82.85    -3.47    -6.14  12.515
 -20.82   -26.70    10.54  12.640
 -28.66    14.60     2.37  12.503
  -6.70    -8.01   -31.15  12.569
  20.57   -31.41   -25.55  12.529
 -20.20   -16.48    15.84  12.554
 -22.05    -5.77     7.15  12.643
   1.00   -26.10   -10.29  12.705
  12.23    -5.13   -19.18  12.704
  18.16   -34.20    -2.33  12.433
 -33.94    11.56     2.03  12.533
 -31.82   -68.83   -31.64  12.499
 -13.37   -28.99    25.31  12.424
 -29.54   -24.88    50.64  12.509
 -82.40    -1.10     2.29  12.435
  34.22   -26.56    -4.47  12.532
 -17.23   -38.30   -29.29  12.628
 -18.74    23.27   -33.12  12.447
  22.57    -8.69     1.10  12.522
  -8.72   -35.54   -38.19  12.437
  30.13   -34.22   -13.13  12.675
 -38.35   -15.80    -1.19  12.689
  11.98    19.71     2.64  12.506
 -13.94   -33.18   -40.25  12.539
 -34.50   -35.54    -2.42  12.749
 -12.78   -14.38   -48.93  12.598
 -25.77   -59.59   -13.98  12.355
 -29.40   -17.38     8.28  12.594
   8.59   -25.24   -11.82  12.593
  17.72   -39.34    -6.00  12.556
  17.66   -25.59     7.10  12.681
   3.59   -18.52     1.89  12.561
  -9.84   -17.38    -9.97  12.525
  17.27   -12.70    17.83  12.651
 -44.37   -27.18    12.25  12.687
  -6.78   -44.02     4.93  12.584
   5.13   -23.02     6.98  12.539
 -44.86     3.36   -25.03  12.558
 -44.37   -60.89    14.19  12.537
 -18.16   -37.14   -12.48  12.259
 -16.19   -41.09   -48.60  12.256
  19.78    10.44     6.79  12.307
 -33.18    15.76   -15.08  12.707
  51.06   -38.11    11.95  12.297
 -38.94    13.82   -22.34  12.422
 -52.53   -25.50   -22.55  12.532
 -25.95   -18.75   -15.87  12.360
  -7.21    37.69    18.60  12.251
  17.40   -10.23     3.43  12.610
   6.47   -21.62   -10.47  12.335
 -39.67    -1.91    23.93  12.441
  -5.55    -2.52    23.05  12.533
   0.34   -24.66    -2.51  12.524
 -22.11   -30.20   -13.85  12.351
  37.29    23.65     1.51  12.737
  -3.26   -18.53   -18.02  12.496
 -11.64   -27.32    22.94  12.442
   2.76   -21.34     2.97  12.747
 -31.85   -20.43    21.95  12.334
  -1.06   -22.46     2.47  12.614
 -39.84    20.84   -39.69  12.644
  13.31   -27.27     9.91  12.342
  -2.57   -16.72   -16.02  12.698
 -50.25    16.75    17.26  12.683
  25.92   -15.93   -12.88  12.644
 -31.45   -49.50    -9.89  12.680
  21.48   -35.82    -8.66  12.307
 -20.42   -15.04   -28.54  12.666
 -11.67   -40.40   -33.32  12.716
  17.94   -15.10   -35.71  12.469
 -29.47   -24.83    -4.04  12.563
   0.03   -21.12   -53.48  12.261
 -16.01   -27.69     0.38  12.647
  17.21     9.65     2.72  12.640
   1.60   -26.07     8.95  12.265
 -15.45   -28.26   -22.34  12.716
 -23.05    -4.56    26.63  12.560
 -14.16   -12.66    -6.78  12.587
  -4.24    -6.72   -19.32  12.398
 -43.27   -18.16   -19.43  12.510
  32.50   -27.42     2.48  12.603
  10.65    -2.97    -5.17  12.361
   2.41   -18.83   -20.34  12.579
 -25.19     1.79    48.27  12.525
 -52.21   -18.74    17.31  12.566
 -50.15   -25.59   -33.08  12.323
  -5.43   -24.24    -7.08  12.496
 -15.26    -1.41    -5.45  12.492
  13.05     3.83     6.35  12.391
 -25.37   -21.11   -37.67  12.427
 -33.57   -14.99     7.08  12.440
  11.67   -23.48   -14.77  12.383
 -27.75    -6.44   -14.55  12.282
 -10.84   -14.47   -35.42  12.337
 -24.26   -34.80   -29.96  12.410
 -53.06   -21.77    12.91  12.364
  25.73    -7.75    -2.25  12.387
  16.91   -20.60    -1.80  12.368
 -11.59   -15.65    -0.94  12.268
 -24.21   -20.34     5.67  12.320
  29.08   -21.62    -8.11  12.289
   8.62     9.30    -7.98  12.261
 -34.46   -62.42    48.28  12.849
 -16.71    -3.13   -10.55  13.004
  37.48   -33.75    23.21  13.050
 -59.46   -65.46    -2.71  13.068
 -25.45   -93.23   -23.48  13.063
-105.79   -21.71    -9.95  12.811
 -22.12   -50.33    -9.54  13.244
 -11.22     9.41    21.74  13.164
 -41.39   -46.49   -44.80  13.054
  19.01   -53.90   -21.50  13.117
  -0.88   -22.51   -17.98  13.231
 -23.08   -26.71   -21.55  13.131
  -7.26    -9.42   -23.96  13.178
  12.61   -25.98     6.52  13.195
  -8.28   -29.26    25.75  12.925
 -48.60   -40.70    33.95  13.076
 -32.45   -37.89    -5.72  13.137
 -45.54     8.13    -8.71  12.962
 -32.63   -11.15   -28.20  12.976
 -19.66   -31.63   -25.35  13.212
  -5.51     0.76   -42.70  13.226
  18.18   -19.91    -3.80  12.839
  14.21    -1.03    -7.86  12.995
 -25.25   -30.33   -16.32  13.118
  65.93   -25.73    36.82  13.047
 -26.29   -37.32    -3.60  12.788
 -20.26   -29.33   -10.78  13.139
 -53.11   -17.32   -17.29  13.078
 -31.15   -15.80    -9.70  13.023
 -17.71    11.14   -54.09  13.107
 -13.52   -13.29   -37.17  12.996
 -21.84     0.05   -25.24  13.002
   4.30   -25.37    28.70  13.248
   8.48   -23.76    -3.04  12.946
 -49.14   -33.02    23.36  12.970
 -10.66   -31.41     5.38  13.204
 -27.69    24.68    -0.87  12.871
  53.65   -21.88    -0.74  13.073
  -9.38   -10.90   -45.22  13.114
  34.58   -16.45    -7.71  12.897
 -60.95   -16.81   -29.15  12.874
 -23.18    -4.33    20.43  13.240
 -38.07   -23.68   -44.26  12.887
 -43.79   -54.17   -13.60  13.246
  -9.24     1.42   -25.95  13.237
  -1.85    13.99    18.95  12.958
   4.07    -7.88    29.24  13.132
  41.36   -57.22    -0.88  12.914
  52.26   -24.14   -14.95  12.766
 -17.51    -9.70    17.66  13.139
 -33.04   -50.41   -44.09  12.996
  10.30    -1.72    25.44  13.194
 -49.15   -35.92   -43.29  12.999
  -2.20    42.07   -13.87  12.928
  36.74   -53.20    -8.38  13.157
  30.47   -23.16   -38.69  12.934
 -39.19   -18.20     7.38  13.172
 -56.56   -32.71   -27.58  12.867
 -45.27   -34.62     7.72  13.242
 -13.19   -18.40   -29.21  13.097
  35.12   -37.44   -52.36  13.026
 -14.30   -18.73   -10.40  13.009
 -23.75    -2.75     7.86  13.243
  -8.56   -39.45    -2.03  13.041
  -2.71    -9.07   -40.83  12.838
 -27.26    -2.45     2.45  13.182
   3.54   -13.72   -40.52  13.036
 -65.03   -33.70   -18.68  12.891
-111.01    -7.78   -24.11  13.200
 -25.01   -50.64    -9.33  12.936
  26.15    -0.63    -0.36  12.968
 -12.14    -1.03    18.37  13.001
 -29.37   -19.64     5.96  12.882
 -67.91   -20.06   -22.46  13.062
 -68.86     2.98    24.48  12.995
  -8.57   -17.20   -34.28  12.975
 -32.28   -12.81   -10.11  12.863
   7.90    -0.57   -14.37  13.127
 -28.15   -31.40    23.34  13.122
   9.90   -14.26   -30.00  12.823
   3.45     2.54   -14.69  13.234
 -39.86   -10.25    10.55  12.895
   4.98    11.41    -5.87  12.937
  12.15   -73.70   -13.50  12.923
 -57.43    -8.81    19.04  12.920
 -23.74    -4.84   -47.31  13.194
 -55.06   -30.81    27.84  13.021
  16.24   -26.38   -10.12  13.144
 -18.81    -5.98   -19.90  13.207
 -12.25   -17.55    17.03  12.837
  61.92   -37.56   -32.13  12.780
   6.58   -30.09    -7.50  13.204
  13.59     5.42    16.15  12.766
 -28.12    23.42    -6.51  13.198
  38.70   -14.27     0.65  13.006
  41.02    -9.90   -19.60  13.121
  41.85   -24.58   -23.64  13.107
 -22.23    10.87   -10.20  13.219
  47.59   -23.50    -0.22  12.846
 -84.91    -8.73    12.21  13.176
 -47.09   -18.99   -17.60  13.192
   9.00    -6.09   -12.05  13.119
 -22.32   -53.82    -0.65  13.077
 -16.09   -17.48    23.19  13.184
  19.08     1.95   -32.81  13.186
 -14.49     7.39    11.25  13.231
  69.60   -15.61     1.29  13.209
  -0.36   -52.57    22.25  13.246
   4.66   -38.17   -31.16  12.947
 -19.58   -30.35   -10.20  13.149
  16.92     0.54     6.82  13.190
  -1.10   -13.52    47.57  13.126
  30.25   -32.47     4.35  13.140
  -4.51   -19.74     3.00  13.155
  31.32   -22.78   -34.16  12.990
  -0.11   -20.64    51.31  12.799
 -32.05   -20.95   -15.53  13.082
  14.38   -35.84   -31.60  13.085
  18.53   -26.61     9.85  12.920
   4.52   -15.00   -15.51  12.871
  14.64    13.23     5.29  13.230
 -58.95   -31.65     4.49  13.057
 -56.98   -16.68     2.02  13.179
   5.96     3.13     3.80  13.131
 -15.98   -23.45     0.73  13.074
  10.09   -34.75     5.60  13.204
  11.25     2.10   -20.96  13.214
  -4.32   -11.13   -12.50  13.146
 -10.98   -19.03     7.42  12.832
 -14.98    -5.75   -33.14  13.176
 -14.39   -16.48     1.52  13.197
  21.59   -20.21   -25.67  12.898
  -3.93   -27.93    16.95  13.160
 -13.13   -15.66    -3.46  13.070
 -33.11   -18.92    -8.29  13.207
   9.81   -23.60   -12.57  13.190
 -45.92   -34.54   -28.34  13.146
  13.02   -23.69   -21.16  12.947
 -37.41   -18.75   -29.58  12.988
  -0.82    18.38   -20.93  13.060
   6.42    -6.88   -16.14  13.087
  -7.47   -17.64    19.58  12.987
  -9.30   -12.88   -11.56  12.975
  64.33   -37.44   -19.79  13.097
 -36.91   -16.37   -13.48  13.135
 -26.85   -20.03   -10.19  13.073
 -32.71   -35.17    -1.52  13.106
  -5.74    -9.08     3.15  12.814
 -33.32   -12.58    -6.15  13.106
  26.28    16.38     7.28  13.078
  46.51   -29.81    -4.43  13.082
 -43.10   -29.35   -19.77  13.042
  15.59   -19.27   -36.69  12.953
  24.52    -1.72   -20.51  13.006
  12.21   -41.26   -23.20  12.907
 -26.79   -12.68   -23.96  12.835
  -7.57   -11.61    13.07  12.999
 -21.29   -29.08   -33.65  12.886
 -31.59   -10.56     3.81  12.801
 -44.90     8.15     3.02  12.980
   3.30   -34.13    -2.05  12.948
 -36.97   -29.62   -14.84  12.974
   1.75   -27.76     1.71  12.897
   4.45     5.60    18.59  12.999
  35.73    -3.03   -10.81  12.807
 -37.34   -43.99    11.99  12.978
 -28.57   -19.68   -37.01  12.887
  33.26   -37.87    -5.81  12.966
 -54.02   -11.23   -15.03  12.842
   4.95   -15.22     5.07  12.959
  47.94   -25.87    18.10  12.895
 -39.09    -8.32     1.83  12.805
  21.63   -55.80   -13.95  12.791
  16.65   -19.05     3.82  12.772
 -34.84   -23.63    -5.29  12.870
  44.87    -1.71   -36.62  12.856
  21.90    14.66   -21.90  12.764
  15.46   -16.19   -23.02  12.785
 -18.34   -35.23    17.73  13.002
  37.08  -530.31  -215.72  13.335
 -67.89  -652.23   -38.21  13.443
  63.87   -74.77   -74.33  13.275
-158.07  -147.60    50.06  13.396
-221.74   -74.27    31.73  13.293
  16.15   -49.97  -121.50  13.642
  44.60   -39.53     5.93  13.510
 -19.78   -15.98    -9.72  13.713
  27.75   -27.99   -20.15  13.537
  -2.21   -28.61    -0.96  13.391
  25.61   -92.98     9.23  13.684
  24.98   -59.75   -50.58  13.566
  -4.16   -38.52    17.01  13.506
 -37.99   -46.38    28.46  13.535
 -70.33    -8.81    39.15  13.605
  44.19    20.34   -59.44  13.637
  30.38   -51.24   -12.78  13.289
  51.51   -50.62   -67.13  13.634
 -22.37   -36.17    34.55  13.510
 -24.28   -19.27     1.46  13.715
  -3.25   -20.06   -27.22  13.603
 -58.29    11.37    15.41  13.573
 -56.90   -17.58   -11.57  13.677
   4.71   -36.45   -17.88  13.743
 -19.45   -35.52    -8.56  13.268
 -94.73   -53.17    13.26  13.288
   7.40    15.88   -22.07  13.662
 -17.34    -3.54   -30.43  13.592
 -47.38    -4.29   -50.60  13.569
  30.95   -32.59     6.78  13.653
  17.26    -2.06    38.94  13.609
  21.28   -20.24    10.07  13.705
  34.60   -25.87    33.04  13.673
 -11.20   -26.04    19.84  13.570
  15.34    12.41    11.04  13.670
 -74.67   -47.45   -38.96  13.740
  40.82     2.73    52.85  13.387
  -6.67    -5.13   -18.42  13.643
  34.17    -9.17   -22.61  13.671
   0.27   -23.09     2.80  13.565
   9.61   -11.60    32.08  13.583
 -47.73   -17.97   -12.24  13.268
 -50.80   -11.33    -5.60  13.402
 -30.27   -24.62     5.49  13.274
  32.52    -1.59   -20.21  13.370
  -0.95   -48.24   -12.70  13.508
  58.71   -30.22    56.48  13.378
   2.58   -36.00   -10.13  13.436
 -16.56    -7.98   -36.97  13.357
 -31.06   -18.67     5.17  13.497
 -14.61   -21.35    11.62  13.507
 -22.34   -18.63    -3.41  13.324
 -14.59   -23.64   -58.66  13.272
 -13.65    -3.94     1.24  13.333
 -25.40   -16.61   -23.50  13.621
 -36.28     3.33   -17.22  13.301
 -34.44    -7.64   -46.78  13.681
 -18.12   -12.23   -12.83  13.467
  -3.73    -6.60   -22.13  13.609
  -1.26   -37.15   -24.04  13.413
  -1.09   -33.20     7.26  13.545
   1.78     8.28    25.12  13.477
 -16.90   -31.21    12.60  13.557
  23.97   -27.31    -7.96  13.743
  -5.27   -31.16     6.14  13.721
 -12.64    -3.62    35.22  13.381
  -8.83   -22.84   -21.61  13.321
 -24.60    18.73   -25.52  13.503
  -7.31   -11.07   -32.65  13.472
 -18.53   -19.92   -17.43  13.538
  63.20   -13.83   -11.17  13.340
  -7.94   -21.59    -6.44  13.360
 -28.79    -1.48    49.89  13.461
  -4.52    -2.05   -32.92  13.251
   2.04   -31.76    -6.34  13.375
  -8.97   -57.17    -1.98  13.671
  34.99     8.37    -1.89  13.346
  -5.30   -43.99    13.31  13.354
 -16.46   -21.21     2.06  13.556
 -60.95   -62.10    16.29  13.633
 -72.27   -23.67   -15.35  13.568
 -22.33   -30.45    12.36  13.300
 -52.10   -22.82    -5.94  13.296
 -22.75   -33.70   -20.41  13.745
  -5.61   -34.55    34.13  13.457
  57.87   -24.68    -9.34  13.383
  -9.09   -10.29    15.58  13.380
  -9.14     1.29    10.55  13.489
 -28.70   -35.08   -10.75  13.633
 -36.58   -25.96     3.15  13.716
 -31.22     5.87    18.51  13.362
   7.29    15.70     3.20  13.451
 -19.24   -12.73   -30.47  13.507
 -37.17   -22.15    12.59  13.254
 -27.59    -2.64     1.87  13.251
  -8.88   -40.79    22.02  13.526
 -18.28   -22.23   -14.72  13.252
 -12.80   -16.04     3.46  13.689
 -11.16   -31.26   -25.57  13.591
 -37.35   -52.56     1.01  13.501
 -12.38     2.46   -21.40  13.574
 -27.89    -4.74     8.32  13.605
  11.89   -23.98     7.24  13.262
 -12.45    -6.97    28.90  13.681
 -60.03   -19.09   -33.73  13.673
 -34.80   -24.19   -52.99  13.258
  -5.26   -35.40   -24.51  13.669
 -46.91   -13.09   -53.80  13.688
 -12.78    -8.72     0.77  13.256
  26.97   -48.56    -8.38  13.470
 -23.89   -32.39     5.56  13.652
 -43.12   -35.25   -35.24  13.651
  -5.53   -32.74    -0.80  13.407
 -15.08    -7.07    16.54  13.718
  12.85   -54.57    13.02  13.666
 -43.55   -18.12    37.49  13.305
  13.80   -18.49     4.58  13.332
  19.35   -22.65   -14.61  13.747
  45.39   -16.85    -2.10  13.459
 -27.09     2.86    11.63  13.468
 -11.24   -55.73   -18.42  13.703
 -28.89   -31.61   -63.22  13.741
  37.57   -37.05    44.43  13.400
  -1.36     4.12   -35.02  13.681
 -55.01   -19.44   -17.03  13.740
   0.85   -17.58     2.73  13.638
  14.99   -19.88    -6.33  13.445
 -40.40   -13.08   -56.02  13.639
  -9.95    -6.83    -3.84  13.513
  -8.16    -4.42   -61.49  13.648
 -10.50    -9.80   -56.02  13.691
 -36.93   -19.99   -51.46  13.677
  26.40     0.02   -27.30  13.715
  18.07   -34.31   -23.00  13.541
  -0.90   -18.81   -30.63  13.706
  29.78   -14.54   -17.59  13.634
  21.64   -12.16     2.50  13.283
  -9.26   -10.17   -16.67  13.643
 -33.95   -28.02    -9.59  13.457
  29.53   -34.02   -13.86  13.590
  11.59   -27.62     1.87  13.600
  -3.47   -30.90    -8.58  13.606
 -52.60    -9.49    13.17  13.596
 -75.32   -38.86     4.43  13.437
 -64.34    -3.36    -2.74  13.637
 -26.23   -26.46   -34.64  13.513
  19.06   -23.86     7.49  13.540
  31.12   -30.41     3.19  13.664
 -18.43   -51.40   -28.51  13.727
  24.17   -19.64    10.41  13.657
 -33.92     6.44   -12.97  13.518
 -34.87   -28.25     0.01  13.636
 -17.47    -5.15    33.53  13.659
 -13.19   -36.94    -0.35  13.359
  20.47   -23.52   -21.58  13.435
  -5.30   -65.55    29.42  13.413
 -25.67    19.82   -16.34  13.585
 -57.22   -26.44   -29.20  13.625
  36.09   -29.14   -31.33  13.430
  34.48   -41.06    -5.30  13.390
  -6.44    -7.93   -21.63  13.619
 -53.16    -8.91    29.26  13.500
 -51.20   -20.03   -28.83  13.532
  40.38   -21.26    12.34  13.326
 -15.17   -22.09    -8.48  13.342
  21.15    27.78    -3.36  13.274
   4.35   -20.78   -13.34  13.565
  66.75   -17.35   -43.22  13.499
 -37.80   -19.37     7.13  13.321
 -50.53   -40.05    14.92  13.491
  14.40   -24.51     1.52  13.534
   7.49   -18.16   -15.79  13.433
  -5.60   -27.28    16.54  13.531
 -17.94   -12.85    -7.40  13.479
  -4.24   -43.59    -3.75  13.270
 -34.35   -15.80   -22.94  13.445
 -44.06   -33.39     1.26  13.352
 -41.24   -24.89   -23.40  13.321
 -43.10    -7.42   -19.35  13.441
 -16.13   -22.71   -17.31  13.456
 -25.30    -8.28   -59.09  13.434
  -9.35   -16.16   -35.18  13.490
  24.33   -31.65    27.75  13.485
   7.09   -35.92    22.32  13.459
 -17.79   -14.10   -56.75  13.473
  -6.66   -15.18     2.32  13.382
  30.56   -12.20   -49.95  13.465
  13.76    -6.64   -30.41  13.391
 -51.47   -17.28    53.54  13.398
  17.55   -32.39   -48.36  13.377
  17.22    -4.80    -7.25  13.429
  39.67    -2.38     6.88  13.388
 -25.08   -12.25   -20.04  13.414
  15.07   -17.96    -7.24  13.328
  21.29   -20.32   -25.36  13.408
  -7.27   -13.86    14.42  13.435
   9.85   -19.42    16.33  13.387
  39.03   -19.61     0.33  13.345
  -9.43   -60.49    -2.35  13.262
 -13.09   -52.54   -23.93  13.299
 -55.42   -18.24    36.79  13.296
   5.23   -30.56   -10.23  13.266
 -18.76   -35.00    -4.75  13.280
  -2.85   -36.89   -25.04  13.676
  18.66   -16.37   -19.48  13.292
-143.24   -17.18   161.64  14.174
  -6.17   -36.31   -71.38  13.818
  58.69  -122.05   -67.37  14.080
 -46.81   -16.92   -45.28  14.142
 -36.72  -114.98   -82.91  13.906
 -67.28    35.60   -81.32  13.908
 -82.00    17.03   -54.94  14.118
   8.66    -3.72   -25.86  13.792
 -41.74   -88.62    -4.57  14.244
   5.64   -49.08    14.08  13.777
  42.81   -28.18    44.46  14.227
 -24.86   -31.99   -47.05  13.885
 -27.34   -39.62     7.72  14.054
 -35.61   -62.26    32.23  13.980
   6.05   -18.57   -98.31  14.039
 -30.19   -44.15   -10.33  14.146
 -92.78   -49.86   -58.17  13.754
 -68.82   -26.88   -32.73  14.229
  27.34   -31.96    12.26  13.988
 -29.31   -38.67    -1.69  13.847
 -14.84   -20.99   -20.12  14.181
   8.93   -30.34     6.42  14.249
 -61.17   -14.76   -15.32  14.108
 -10.95   -49.58   -16.60  13.997
 -16.85   -58.23    14.63  14.240
   3.76   -54.93   -25.93  14.066
 -40.87   -39.22   -37.35  14.097
 -14.69   -23.58   -10.76  14.138
 -94.50   -28.42   -12.99  13.811
  12.32   -34.11   -31.68  13.877
 -66.21   -17.06   -12.46  13.911
 -22.74   -45.85     6.26  14.149
 -21.74   -58.07     0.31  13.970
 -23.87   -40.58   -34.89  14.004
 -34.92   -40.21   -84.43  14.030
 -17.59   -49.94    23.66  14.013
  47.34   -39.04   -18.06  14.155
   1.13    29.96     4.19  14.136
 -52.98    -0.96    38.13  13.893
 -37.68   -33.08    28.39  14.178
  69.98   -26.83   -45.22  14.150
   9.55   -10.80   -10.49  14.068
 -27.44   -50.28    -3.91  14.014
   3.23   -23.46    35.63  14.005
  65.42   -26.87    52.30  14.188
 -59.67   -28.35   -30.60  14.113
  -5.82   -69.02    -7.45  14.219
 -49.73   -62.50    24.15  14.223
 -68.82   -21.00   -20.64  14.216
 -42.98   -18.48   -40.65  13.969
 -33.66   -24.83   -20.20  13.895
 -39.58   -12.89   -27.14  13.888
-115.66   -42.14   -14.13  13.973
  50.47     0.08    34.01  14.143
  -9.75   -30.30   -20.67  13.933
 -74.14   -70.82    63.51  14.138
 -50.33    19.59   -22.76  13.806
 -21.85   -47.66    -1.48  13.990
 -19.77     1.80   -49.83  14.189
 -58.20     3.40   -38.25  13.818
  43.80    -9.54    17.60  13.986
  12.39   -54.38    37.97  13.823
 -21.64   -15.05   -44.06  14.150
 -33.77   -10.79   -38.08  13.801
  27.30   -15.15   -30.80  14.089
  22.87   -13.71    11.24  14.122
 -37.74     6.06    41.71  14.098
 -45.24   -48.53   -26.54  13.758
 -38.35     9.51   -21.24  13.898
 -45.64   -26.90     8.05  14.234
  48.50   -39.49    13.49  14.143
 -30.17    15.16    16.47  13.931
 -76.31   -63.40   -21.58  14.037
 -64.52     7.48    12.39  14.236
 -15.83   -44.45   -13.57  14.244
 -26.74   -46.43    26.56  13.968
 -72.03   -29.78    -7.76  13.791
  13.84   -46.47   -57.13  13.859
  55.25   -23.34    20.99  13.887
 -31.34    14.24   -31.26  14.031
   4.93   -60.70   -47.47  13.871
 -93.24   -10.95   -45.35  13.970
 -25.20   -27.95    39.01  14.011
  21.23   -37.11   -33.86  14.170
  52.54   -21.32   -42.45  13.978
  19.07   -38.21   -25.04  13.801
 -25.88   -30.53    -1.19  13.903
 -34.27   -36.31   -31.80  14.165
 -20.78   -48.66     2.22  14.177
  49.14   -22.68     9.79  14.089
 -80.17   -24.24    -7.44  14.166
  27.63   -29.57    11.46  14.072
  -3.38    21.58   -37.88  13.973
  -7.80   -22.53     2.80  13.914
 -50.79   -38.37   -19.58  13.932
 -49.38   -37.58    13.10  14.225
 -33.26    14.03    -0.29  14.140
 -54.37   -15.71    12.00  14.133
   9.64   -27.98    -8.22  13.920
  -4.39   -37.20   -80.79  14.236
  -2.72    10.89   -19.54  14.234
  74.93    -3.29    12.11  14.058
  21.96   -36.31    11.51  13.921
  25.21   -52.63    22.16  14.135
 -13.76     7.17     0.22  14.224
  63.10   -58.44    -1.30  13.991
  15.72   -45.22    14.09  14.143
 -63.37   -31.81    -7.88  13.905
  -5.53   -35.46   -37.95  14.019
 -44.00     0.61   -56.12  13.909
  -3.17   -25.27     5.23  13.766
  -7.88   -16.78   -19.93  14.191
   0.35   -43.03    -0.50  14.186
 -18.41   -20.16     6.99  14.123
 -23.16    17.37    -0.40  14.122
   2.37   -20.08    29.58  14.167
 -37.26    17.31   -16.98  14.114
 -55.76   -39.05   -11.72  14.055
 -27.47   -31.10   -14.94  13.947
  22.41    -4.94   -28.80  14.084
 -21.29     0.03   -11.14  14.200
 -15.27   -18.57    30.08  14.176
  39.58   -55.62   -40.38  14.129
 -16.41   -29.79   -32.64  14.193
 -13.54   -48.60   -22.84  14.090
   8.09   -33.41    15.68  14.180
 -15.53   -24.97    13.85  14.184
  12.89   -60.16    -2.56  14.166
 -43.55    -9.92    34.13  14.141
 -45.41    -6.83   -30.73  14.151
  27.07   -48.70   -32.54  14.053
   2.61   -41.23   -54.74  14.148
 -57.29   -12.87    -7.71  13.961
  46.43   -37.95     4.06  14.169
 -18.16   -14.86   -27.63  14.168
 -56.74   -10.45   -23.07  14.018
 -13.36   -32.36    -8.25  14.120
  40.71   -34.52   -35.03  14.026
 -49.49   -69.30   -21.96  14.034
  10.48    -9.53    18.64  14.164
  46.72    -7.33    18.86  14.030
  36.34    13.89     5.60  14.149
  93.87   -14.99    16.97  13.901
  49.37   -26.98   -33.88  14.141
   4.74   -29.99     7.83  14.033
  11.14     7.32   -52.83  14.053
 -34.87   -51.41    17.53  13.930
   3.36   -28.04    10.74  14.139
  16.00   -26.48   -10.71  14.143
  16.06    -5.53   -14.00  14.127
 -11.40   -35.73   -50.16  14.142
 -28.69   -33.46     8.42  14.133
 -23.56   -13.31   -30.82  14.065
  42.38    -3.54   -12.08  14.097
  10.60   -31.65   -16.11  14.131
 -34.48   -18.73    -6.64  14.108
 -20.38    -6.09    -8.52  14.126
  46.96   -23.38    -2.68  14.085
  16.59   -32.34    17.83  14.116
 -37.27   -33.83    -9.62  14.061
  20.26   -32.04    20.79  13.964
 -14.68   -21.75   -22.84  13.968
  15.23   -40.19   -29.10  13.982
 -25.79   -25.98   -14.91  14.113
  12.50   -21.64     8.70  14.008
  27.96   -17.31     6.04  14.064
 -22.25     4.56   -47.10  13.786
  25.43    28.98   -48.58  14.094
  -9.57     5.16   -15.41  13.968
  -6.90   -33.03   -39.21  13.982
 -24.39   -44.49    -6.87  14.047
 -11.64   -35.07    -6.84  14.085
 -51.98   -48.32     5.09  13.988
  18.81   -22.31     9.34  14.080
  62.51    -9.87    32.25  13.766
 -45.19   -26.46   -40.31  13.920
 -31.16   -54.22    -7.39  14.006
 -16.47   -44.94   -11.14  14.006
  35.43   -48.72    10.59  14.056
  12.30   -38.84    13.67  13.943
 -22.14   -49.07   -16.21  14.055
 -23.32   -34.41    -2.53  13.989
 -35.97   -27.69    27.17  14.035
  18.87    -4.18   -15.13  14.035
  23.48   -48.65    15.54  14.019
 -71.37   -41.33    36.45  13.989
 -40.36     0.85    22.89  13.992
 -43.40     4.13     4.83  14.017
   2.47   -48.10   -31.46  13.929
  12.80    -7.12   -40.87  14.010
 -39.59   -41.66    -2.27  13.870
  11.19   -17.20    -3.89  13.803
 -16.78   -26.57   -17.48  14.009
 -11.70    -1.13   -23.49  13.824
 -92.59     9.47    13.39  13.888
 -60.06    -7.71    -7.91  13.985
 -16.30   -36.23    -6.85  13.958
 -24.12   -29.10    34.12  13.880
 -26.28     6.25    -4.33  13.783
 -11.99    -6.67    16.20  13.954
 -27.45   -11.50   -13.97  13.835
  20.60   -32.55   -28.79  13.945
 -34.17   -12.74   -43.36  13.845
  12.75   -18.67    19.56  13.775
 -24.67    16.71    -2.05  13.958
   7.87    16.38    -8.97  13.938
 -29.39   -37.51   -37.66  13.910
 -25.16    -9.81   -17.00  13.881
  10.66     2.08    12.13  13.879
  -7.40   -20.64    14.03  13.903
 -32.47   -25.60   -17.03  13.937
   7.07   -41.40    18.79  13.903
  31.06   -45.45   -32.16  13.805
 -40.11   -18.14    -1.31  13.894
  -9.91   -40.04   -22.62  13.882
 -18.39   -21.03   -13.51  13.890
   1.38   -28.33     6.71  13.816
 -49.11    -7.28     4.38  13.846
  -9.35    -5.88   -47.34  13.823
 -12.63   -22.46    15.77  13.840
  26.37   -34.03    25.26  13.855
 -60.57   -20.22    -0.99  13.852
  22.85   -20.43   -16.02  13.782
 -12.03   -15.25     8.91  13.840
 -56.31   -39.19     4.60  13.843
 -45.58   -58.66   -27.84  13.827
 -19.16   -18.17   -10.36  13.755
  -7.46   -41.50     8.80  13.785
  37.72   -31.99    27.13  13.799
 -15.46   -27.33    27.64  13.777
  14.59    -3.55    15.34  13.755
 -12.71     5.24   -50.29  13.780
 -37.79   -52.60    12.52  13.775
  11.95   -48.38    -1.82  13.757
 -39.00     4.80    19.95  13.756
   5.48   -29.71    22.87  14.093
  27.60   -11.55    -2.37  14.176
 -84.35   -41.86     5.30  13.797
  -6.67   -13.91   -30.62  13.798
  59.11    -8.91   -30.13  14.010
   2.24   -18.09   -50.50  13.784
-345.45  -614.75     8.58  14.301
  82.28  -103.84   -13.31  14.704
-109.53    -3.10   -64.49  14.650
  60.00  -123.74   -19.90  14.418
 -46.00   -33.69    62.70  14.690
-125.48  -128.73    11.17  14.586
  74.54    45.41     8.47  14.673
  29.03   -79.81    33.96  14.727
 152.02  -140.90   -15.62  14.530
 -71.39   -82.47   -81.04  14.717
 -99.12   -70.46   -41.56  14.543
  28.77    -7.12   -30.63  14.526
  69.22  -126.18   -14.50  14.494
-131.46   -63.51    73.07  14.561
 -34.70   -90.66   -35.34  14.498
  15.99   -22.91    11.03  14.629
  -8.34   -76.70    38.29  14.500
 -27.70     4.15   -45.42  14.740
 114.21    -0.66   -16.14  14.680
 -13.26    -9.10   -87.36  14.745
 -17.86   -31.80   -43.93  14.695
  80.63   -31.94    52.08  14.251
  -8.28   -62.83    -3.83  14.698
 -43.08   -69.71    49.43  14.364
 -66.27   -30.77   -33.57  14.613
 -42.48   -32.55   -13.17  14.630
 -69.03   -59.50   -82.67  14.635
  11.35    -2.57   -22.71  14.683
 -16.35   -83.58   -34.74  14.679
 -31.92   -30.31   -96.00  14.524
 -51.04   -17.45     7.87  14.590
  -3.15   -43.36    22.13  14.628
  30.68    39.62   -45.66  14.505
  -5.53   -39.54    57.03  14.654
  55.18   -21.16   -87.28  14.660
   4.18    -6.79    42.97  14.425
 -87.83   -37.02   -12.46  14.712
  99.63   -24.94     5.25  14.462
 -46.19    20.92    18.50  14.395
 -42.33   -23.97   -30.02  14.638
 -77.38   -61.09   -67.38  14.638
 -25.02   -26.21   -54.39  14.492
  -3.71   -60.21   -96.78  14.627
 -39.88   -76.26   -32.74  14.324
  18.76   -42.13   -82.34  14.645
  25.75   -68.52    21.07  14.528
 -46.66   -35.84   -24.55  14.383
  66.63    -4.63     6.13  14.530
 -62.23   -64.28   -55.46  14.543
  -0.85    -2.40   -62.66  14.563
  61.74   -49.72   -55.23  14.573
 -24.78   -61.48    -7.69  14.602
 -87.58   -21.48   -10.39  14.599
  34.74   -50.33   -75.63  14.443
  34.39   -31.71   -62.56  14.510
  25.77    13.45     0.29  14.395
-118.92   -53.08    12.35  14.590
 -22.31   -47.81   -34.01  14.321
 -24.52    -8.32   -20.34  14.346
 -23.92   -52.47   -27.06  14.513
 -42.64   -32.74   -29.49  14.581
 -70.89   -68.48    14.87  14.416
-125.26   -43.10    28.43  14.372
  -7.74   -54.77     4.40  14.485
-118.71   -26.40    -9.61  14.410
   5.12   -16.94   -18.41  14.570
  54.75   -52.71    24.96  14.262
 -43.64   -24.95   -32.36  14.391
 -90.84     3.69   -11.19  14.539
 -20.10   -75.34   -21.37  14.373
 -37.18   -12.29   -27.52  14.537
   7.35   -59.89    25.55  14.410
 -37.82   -76.43     1.83  14.298
 -70.79   -69.73   -60.76  14.465
 -40.86   -33.18    -4.24  14.290
 102.88   -61.81   -28.80  14.451
-114.57   -36.89    19.60  14.479
 -57.88   -10.68    27.54  14.532
 -12.66   -43.25   -46.73  14.528
 -28.05   -56.87    21.98  14.282
  57.03   -27.16   -67.80  14.515
  49.72   -38.55   -52.83  14.515
 -82.99   -36.56   -11.61  14.260
   1.34     2.04   -41.97  14.310
 -50.91   -41.43   -27.80  14.418
 -39.73    33.47     8.68  14.393
 -37.12   -30.16   -23.76  14.469
   2.42   -32.15    12.87  14.284
  38.12   -27.42   -18.21  14.319
 -54.48    10.52    11.61  14.383
  53.98   -48.58   -60.90  14.390
 -85.35   -31.81   -54.94  14.302
  18.70   -34.14   -54.93  14.404
  21.07   -27.23    23.81  14.376
  31.87   -28.28    -2.01  14.467
 -59.28    24.87   -64.63  14.325
  20.39   -29.39   -26.38  14.290
 -89.53  -109.39    38.25  14.297
 -44.36   -41.99    26.88  14.338
  52.49   -33.57   -19.81  14.423
 -38.22    -9.88   -18.56  14.404
 -18.30   -32.38   -43.64  14.406
   9.59   -78.86    40.11  14.270
 -10.18    -5.64   -32.56  14.416
 -13.87   -45.29   -25.11  14.353
  16.17   -65.73   -22.37  14.311
 -20.76    20.94    17.34  14.400
 -30.85   -28.52     6.50  14.329
 -11.80    22.39   -11.05  14.320
   8.99   -64.64    17.00  14.384
 -13.97   -26.77     9.01  14.335
 -27.22   -35.45   -41.95  14.353
  11.07   -16.62   -23.58  14.304
 -35.52     4.48    20.92  14.338
 -26.53   -41.89   -15.02  14.310
   2.22   -40.27    -6.80  14.333
 -39.48   -58.33   -21.93  14.313
 -31.17     3.25   -54.52  14.348
 -11.19   -43.30   -21.24  14.342
   2.85   -36.42    36.42  14.313
 -28.17     2.53     4.55  14.281
 -10.62   -22.82    34.20  14.288
  44.89     5.06   -10.86  14.260
  18.12   -18.86   -43.02  14.258
 -16.24   -47.76    -0.24  14.258
 -94.12   -33.96    24.14  14.251
  17.90   -28.74    -8.98  14.369
  10.34    15.37   -30.43  14.528
 -11.27   -15.07    10.13  14.689
 -44.61   -44.51    16.70  14.740
-400.73  *******  -137.17  15.081
 -78.45  -563.34    37.85  14.943
-286.69  -700.65  -262.95  15.043
-389.76  -323.66  -307.84  15.026
  -4.35  -216.81  -183.06  14.942
-105.75  -200.53   191.72  14.957
-154.33  -177.20   155.23  14.951
-318.10  -116.98   -54.74  14.896
-123.67   -33.43  -140.75  14.926
 -63.99  -529.99    89.46  14.926
 -95.20  -219.93   -45.72  14.779
-197.04  -205.44   101.86  14.827
-296.06  -309.67   -21.63  14.906
  14.41  -277.37    48.76  14.905
  18.89   -61.61    40.38  14.828
  32.26  -153.54   -22.27  14.877
 192.63  -145.08   117.12  14.801
 -29.84    26.73    91.33  14.758
  60.72   -75.02   164.47  14.874
  35.14   -67.92    -6.31  14.809
-166.00   -86.47    70.04  14.935
  53.19   -79.02   -42.22  14.857
 -41.46  -125.05    -3.80  15.060
   8.82   -51.43    26.15  14.813
 -93.22   -93.93   -64.84  14.817
 -68.22   -49.01    30.30  14.792
 -19.36  -119.40   -63.91  14.774
-110.52   -98.29   -59.26  15.158
 -61.16   -23.55   -34.48  14.794
 -73.17  -101.30   -66.28  14.929
 -19.29   -27.04    14.24  14.757
 -39.67   -37.81    14.66  14.761
  -8.25   -48.20   -40.23  14.802
 -92.77   -42.53   -61.56  15.034
 -46.38   -22.77   -38.46  14.930
 -53.54   -27.37   -36.22  15.233
  -0.61   -46.60    -6.07  14.805
  20.51   -14.22     8.43  15.239
  -1.13   -60.74   -28.95  14.987
 -42.15   -40.23    -6.76  14.970
  11.08    -7.99   -14.27  15.141
*******  *******   173.19  15.624
-265.11  -285.81  -317.68  15.408
-392.79   -88.18   181.93  15.269
  44.95  -159.10    16.52  15.372
-132.19   -88.47   -76.17  15.577
   8.89   -82.13    19.81  15.261
  -4.73    18.13   -18.78  15.593
  16.60     3.64    31.31  15.279
  47.64   -26.89    31.61  15.649
 -51.58   -23.76     2.57  15.509
  13.61   -30.80    14.56  15.541
 -11.90   -40.13    11.24  15.639
   1.05   -50.28   -25.80  15.397
 -12.57   -25.07    41.91  15.469
 -59.13   -10.14   -17.56  15.669
-118.37   -87.90    68.66  15.955
  10.08   -28.97   -54.49  15.819
  62.13    27.97   -36.96  15.946
  43.58   -82.07    26.83  15.893
  26.41   -40.89    12.41  15.809
 -12.64   -36.70   -42.84  15.812
 -14.16   -35.64   -56.49  15.867
 -35.47    -2.47   -40.79  15.913
 123.07   -41.49    14.55  16.734
 -41.15  -226.78  -140.29  17.291
