   6.9531436082559572E-310   1.0000000000000000     
   25.007012425759697        7.6524343275244586E-002
   30.692534821216753        1.1452830098841369     
   29.344548483563614        1.7414577823989419     
   24.234674651978573       -1.2390258881962768E-002
   25.183206565458377      -0.16362256821413970     
   26.102863191124278        1.1228266545927741     
   24.948412970182556        1.1315875289698605     
   24.131298057968387       0.33144377193321151     
   24.380940486879005       0.37360785941885988     
   26.205751250363445        1.0177797909118098     
   25.409592086703775        1.4598424644681784     
   24.437869112377022       0.79475261650163254     
   24.260014725869507        1.0433520301100498     
   24.415212509956834        1.0608632162989833     
   24.494115618845431        1.0783252407038166     
   25.007835989629999       0.77926102721050561     
   22.983127162665433        1.0338214442007696     
   25.957378101957321        1.0712191388598602     
   35.749462590764679        4.1306471882960416     
   23.613983525914257        1.0370074221152519     
   24.743248365536310        1.0446076668110242     
   26.467744877157067        1.3840310148745747     
   25.408503312964168        1.3083556260129869     
   22.468714170362485       0.66020204235181412     
   20.515965099850565       0.24327004480282302     
   24.088842244629241        1.0308447427507796     
   24.473369572416182        1.0293905082221861     
   21.200419019835792       0.81897888208976810     
   20.283458972793177        1.3575672539871131E-003
   23.821241450054369        1.0193558026637493     
   24.135980835918883        1.0179259081557581     
   21.776520577039197       0.74976306456480768     
   24.554264004457941        1.2345202547259386     
   22.800227783124704       0.95464612110777569     
   21.430493846245454        1.0072923867297223     
   24.759393204928131        1.0958177862753351     
   21.269820631206915       0.98645227740746999     
   20.201504571109947       0.47347405960037192     
   22.150420649955333       0.95587630253067579     
   22.240982137056172       0.96096490401101620     
   22.468191981935298        1.1043617266504637     
   21.114622247795062       0.23939917043452186     
   21.235999464402539       0.66722858698691867     
   19.251248281267323       0.12247565819823356     
   21.890532002019814       0.34037293913276023     
   21.362179003196971       0.74441121384629028     
   21.490078175813835       0.96578656388255479     
   21.931962284715286       0.95648907123983884     
   17.813506728413074      -0.55775491940986632     
   22.784654632638947       0.96739427699738334     
   22.786636831666677        1.0053950755309660     
   20.408808129502436       0.92552203021217050     
   21.845051622180939       0.73925236481326240     
   17.683656481444125      -0.91200248348437196     
   22.662384457237884       0.96993716823482568     
   23.535869715229509       0.96341680740026214     
   21.110592276899627       0.93432501204431895     
   18.687662160804692        9.4013486605245833E-003
   21.058065559622122       0.95223529430726728     
   23.120073985775850       0.99077306011302357     
   24.538626265998392       0.89547833430660428     
   26.043853782592059       0.57403995843895439     
   20.278411158776020       0.94781281860145539     
   23.365470264568955       0.59887867852423815     
   20.155271477848309       0.88234172670789168     
   27.181153491127596        3.1502262305467132     
   20.029317481667235      -0.28878053104595292     
   19.408579576100557       0.91507809390362627     
   19.150845278585564       0.60101701938304353     
   18.993912013235288      -0.36417607656079909     
   23.889043322545845       0.83790225809638363     
   17.714599237549756      -0.26373638248516201     
   22.999236791348444       0.82991078172006094     
   23.426642922536836       0.86150473576436504     
   21.607956100042756       0.87602001434730248     
   19.330891256047330       0.65560154844158336     
   21.587993295655760       0.29515394268534778     
   16.508414496202956       0.55736210261068497     
   18.663386589793554       0.91724333572637429     
   21.773283526607308       0.59380239156347225     
   20.053753077483933       0.10844507830677827     
   20.421471221740212       0.90364003632780299     
   22.152573276617797       0.81125806019332847     
   21.131455407546525       0.90307267663349733     
   18.100141300668071      -0.42934293175969040     
   20.712285634821775       0.44519407522505750     
   17.474369012527976      -0.11189396079981700     
   16.757456553242836       0.87272632699200114     
   20.628533049138177       0.91142978818745424     
   21.666407547574611      -0.16103129675954495     
   21.898758227146807       0.74926179468588994     
   18.524091868105096      -0.21262003025452342     
   20.189543572339119       0.89368765047301790     
   16.359090790828290       0.17840196609206252     
   18.460726490689485       0.80714575810005318     
   25.284016711071388        1.0109000763174105     
   21.214344412645588       0.89874250990286630     
   25.944001423596589       0.77504239351622972     
   22.066498949021273       0.70088565332362318     
   22.987996845625322       0.78147659793102153     
   19.022683750637889      -0.60399473112807556     
   18.807542619649531       0.88166345177079108     
   21.819563406126235       0.88069773443173860     
   21.936124611166630       0.72813421039946613     
   21.860665331323968       0.86941202568778697     
   18.074081720551685       0.83220849048650880     
   20.483308398490180       0.73732697692882487     
   19.962819130660137       0.88858832805954879     
   20.568411529304139       0.64387305245837134     
   18.093150179077661       0.19591537172595108     
   20.994043157230404       0.82507807275952405     
   21.962599653942505       0.85732479651007076     
   18.537997779148085       0.83028828582171910     
   20.564453793038560       0.78278894346793348     
   20.784801776953085       0.84141518822683747     
   20.343714839883010       -1.6820731716217480E-002
   19.490848500457346      -0.24035308861460034     
   20.088082502696388        1.2062057276396603     
   17.489064408805984      -0.15013095278904701     
   17.129135328608108      -0.17925508972671056     
   19.509566780236444       0.73379685644426074     
   19.601100545211558       0.86547100352439510     
   20.325108165325364       0.84074180599623705     
   21.019302810143092       0.20077961986394877     
   23.405752415508541       0.68520521593777184     
   14.084615989040486      -0.35154831800849218     
   18.177534193723304       0.86420372305590742     
   20.616049231009441       0.84630524006525665     
   21.569202950149126       0.83185725896360951     
   17.154643841215858       0.45304803675558769     
   20.154636653989762       0.47599241318337709     
   21.217377049639335       0.72204317775965676     
   17.540620298099157       0.68889469254300928     
   21.686734355380192       0.70313571326476143     
   19.883940706008843       0.15609013299273916     
   19.883940706008843       0.15609013299273916     
   21.017314517813421       0.74214770824666143     
   20.266961969991950        1.0372919590720120E-002
   19.268369958110558      -0.10979230007506338     
   20.423615950651275       0.80265204131409673     
   19.622542520030354       0.84660906763778854     
   21.189006260097496       0.56196432529523199     
   21.882004564054011       0.84770518324604083     
   20.384301101063230       0.84926837889147666     
   20.105920945645011       0.19930375353024757     
   21.428470426954942       0.85052440244811933     
   20.453266930919238       0.82659543344209541     
   20.561275315864442       0.82712112419732653     
   21.039567337499506       0.82199777676699970     
   21.107069236341893       0.83957741084688220     
   18.091521472755819       0.71372099258412036     
   17.900779264824934       0.80001226903983169     
   27.980513423381080       0.67072229756525936     
   17.343642053812989      -0.82039140984901693     
   19.552396052213748       0.77512397766500107     
   20.192962300876061       0.65068097107710987     
   19.104180628429710       0.78354057263818566     
   19.831848489853570       -1.2125904198490467E-002
   22.957061524746130       0.83393376548475784     
   19.865419965675070       0.80671278348578157     
   17.008031454248655       0.38043912799628282     
   21.742818901931482       0.80872592147065303     
   20.966893957226695       0.79234953490103732     
   20.632070860324443       0.82757378651683267     
   20.988783145600369       0.59449631088896981     
   18.351591320999987       0.78526769415235831     
   21.141680064436638       0.65287259392462893     
   20.506789041852794       0.57745662848483637     
   22.662626771694722       0.82983832149124603     
   21.574651834780873       0.56161731211344490     
   20.707030487722452       0.82678171843213755     
   18.745186243746186       0.20785610011864014     
   21.292519261003935       0.80272850326970779     
   20.415250248263135       0.11511078852845838     
   16.098209690822884      -0.25939878118573967     
   17.977122545274671       0.66304113756125016     
   20.146755452786259       0.55957379531715956     
   16.944983977923009      -0.21465332962786696     
   22.526002061635722       0.81140301051663721     
   20.320165533708099       0.75418109537870626     
   25.941666571505351       0.80689888707440860     
   19.819633300281048       0.68814317834320637     
   22.075355731222608       0.60184731380013590     
   18.287350928511977       0.39129108928872208     
   21.506826941676930       -7.3097588943150132E-002
   18.879941222337827       0.72807120886793941     
   20.140157480193650       0.77630436588965912     
   20.173153774340125       0.77576511307216345     
   20.279335839139357       0.49108341957473139     
   19.912792409505155        9.8579796104905096E-002
   19.585719579793604       0.19176402674533530     
   22.066123238154024       0.75509401892096251     
   21.031998424097608       0.77108255585599583     
   21.162309116828133       0.73776316078745519     
   16.992783399772179      -0.69048855756377603     
   18.837983258905428        4.0628228543525768E-002
   17.962938550140823       0.75531721217423964     
   18.787110410074554       0.70293327749317602     
   16.274489849961025       -5.7825636405137576E-003
   16.779952318370022      -0.84101157856003095     
   18.346549569608499       0.62366316249230946     
   21.039408123537630       0.78434114766813723     
   21.145978399835240       0.57285507102851108     
   23.388123618044915        1.0156654716791877     
   17.976263286212749       0.53263357812089973     
   17.283055567386953       0.27795878856250134     
   19.637847236219145       0.72621775765568986     
   18.314800387674719       0.78149014752344281     
   20.213013680760639       0.78830495762635155     
   18.999923052830624       0.74182365641609649     
   20.616648878599875       0.39716751437930875     
   18.041036972225026       0.21823395002284759     
   19.721239780306561       0.54654448185743876     
   20.773356405752253       0.77437058117702684     
   20.691303793896299       0.49141059862455838     
   23.744357696326738       0.52984013702474542     
   20.578426705812404       0.77399242326880380     
   19.079678533447336       0.29845027507051664     
   20.303671401659319       0.32844304434647242     
   18.418113359345369       0.67905539927033620     
   19.485736394147747       0.76975777563071279     
   20.782376174701803       0.51719574089588727     
   19.708382459875008       0.76729218179280245     
   20.160590737753296      -0.23874605103139951     
   17.346172368145563       0.71588631525340674     
   21.238165923828056       0.55973556243512734     
   19.439962218255143       0.47437273356496451     
   20.096698602786937       0.52273597159355900     
   16.572566459940106       0.57854886474854594     
   20.300768581530370       0.14515879695920722     
   19.260475053822464       0.68123665433380620     
   19.227344171420889       0.59701213462844815     
   20.576863110585567       0.74117356686289626     
   18.187628222789758       0.25082055231781575     
   19.345851085663014       0.53005382690833724     
   20.206593699194759       0.52515741711963138     
   20.094862800826352       0.39931962140825517     
   19.092758456373623       0.56308484720139773     
   17.077886803144921       0.68774035916564447     
   18.655201383623233       0.12961199847618013     
   18.131898979151465       0.69057789733917607     
   20.488578266010510       0.59363879589889179     
   20.566379038164722       0.69998235703721190     
   21.525711654748083       0.75351454509365101     
   18.091912985396554      -0.29908840744690030     
   18.758467358259288       0.33116228232773459     
   19.231666470586820       0.74647666918265709     
   20.398179699474415       0.25193188607194672     
   19.986157620193360       0.40463483632388630     
   19.022630987420694       0.71690811260683074     
   17.172308404849936       0.23494294935205737     
   19.672781545394752       0.74032084824973055     
   21.935451201698353       0.73441567352650350     
   17.088347757710054       0.33440231328482450     
   19.346801155257314       0.51462958051688046     
   19.088014012500235       0.51145162447016013     
   22.488104526245827        1.0019746025430658     
   16.564875505176090      -0.44535864686917470     
   18.791606585694495       0.69956954949462380     
   17.348590381307144        4.9181159474742109E-003
   19.363169867820325      -0.13207884119920518     
   19.683077817716722       0.73190797193512447     
   17.909978251307258       0.59025525693688063     
   19.772064315825538       0.54611672017927226     
   20.361951095566379       0.65696695107945724     
   21.341677803106048       0.48258889319360537     
   19.919185066741036       0.48736565431852386     
   19.966463597986387       0.47833244166502292     
   24.373424716008678        2.1137555151777097     
   21.537023204436242       0.49482586615602631     
   18.187700502494113      -0.35061941693308929     
   20.515212182326046       0.72100432901386291     
   19.525228465482897       0.46926307824701752     
   18.154979157535490       0.72847228349652626     
   27.901770754489998        2.8538561153907032     
   18.097334717533499       0.19082828158660256     
   19.229565799972775       0.17589119826126379     
   20.292305338910246       0.73081242548533010     
   20.994895482550586       0.49451781538031925     
   17.175048777996821       0.69866259459414815     
   19.926662268103172       -9.6653366539393964E-002
   19.950020955227785       0.53116140300273451     
   18.426299725121439       0.72019339022537854     
   18.750538486232699       0.57504013406234933     
   19.731279631506169       0.72552500515289253     
   19.731279631506169       0.72552500515289253     
   21.762957073468016       0.52039711852589043     
   19.206404002753370       0.51210852333752332     
   27.177622801097613        2.6974930421382850     
   17.967986323680680       0.71636924552417525     
   21.215498652929877       0.59899715245659180     
   19.732786250091866       0.46753249380149386     
   18.253457007146444       0.71768019965274554     
   19.168487384712616       0.43426207630714514     
   18.819462964483801       0.28447280189648583     
   19.770842934358527       0.38823266155174596     
   19.415564793614756       0.43403920607351626     
   20.344736647614216       0.23241885801199585     
   19.468954287220946       0.66592853385306527     
   19.674337646897669       0.71111250100023071     
   20.389548315168994       0.69200007370228422     
   19.148256185213516       0.50925322798557304     
   19.170727328338319       0.27751336096532453     
   19.062530310780801       0.46667242704235934     
   19.878119741615905       0.69537604556565669     
   21.235829718293424       0.38942117448876312     
   21.235829718293424       0.38942117448876312     
   20.847484382593425       0.51644659814380534     
   18.792182603361873       0.62425418091056573     
   20.015880021821737       0.40959207306346335     
   18.599700742394987       0.69769938701614098     
   20.314365548148412       0.36213948978770949     
   19.126001533506226      -0.15491899103214848     
   17.076651326455050       0.63669367940815735     
   17.517890383343104       0.69146326203298425     
   18.880020840740293       -3.4382053237192012E-002
   19.796659356151487       0.69000122982929435     
   19.476460976505752       0.44054658691258808     
   17.995421314885551        5.5425828478767258E-002
   18.280565201248965       0.25621007719088296     
   20.569814630829583       0.34826549679858387     
   17.431067472475466       -4.8900202776873361E-002
   18.601808630753538       0.31056529760984436     
   17.790600396064089       0.54385763696591627     
   19.099939226999822       0.61441762543366030     
   16.165166818564014       -7.4359636492465686E-002
   19.585055686170111       0.57629497464325552     
   18.549316217329402        2.2722644560672953E-002
   19.547659961882026       0.55825529626118586     
   19.040048844292357       0.46440215430671389     
   20.662623337439573       0.41135889873501552     
   20.334048375982022       0.53203523647721906     
   18.173457491380915        6.9899999517328670E-002
   15.452431413148602      -0.83449359841456650     
   15.826116776429286       0.33696303901502123     
   21.014764625015399       0.22569516689275901     
   18.418371742631134       0.60854023169796245     
   17.226920175714554       0.67185414498288831     
   15.967714819159003       0.67570158671695035     
   16.311099119115667       0.64476315589050570     
   22.104433123896275       0.21286431167234923     
   21.242250510264586       0.58089648557274942     
   21.332330282498447      -0.15654045240142522     
   15.601151099407227       0.34082227700251666     
   19.672110660981460       0.44446490452745924     
   26.975061016931736        1.3867057832502709     
   20.639352539358324       0.48543510358594055     
   21.312749830773797       0.27898377119133566     
   20.271460843176847       0.58343072956276676     
   19.427965188236129       0.59412473561353440     
   20.208706627401682       0.66779024424486411     
   19.032447030711683       0.15571573059357113     
   21.774831945604376       0.24631044241260566     
   20.149625964394883       0.65770583275831151     
   17.693661317346152       -2.7537902994341917E-002
   16.375142636127741      -0.19134400478291175     
   18.586346926360520       0.65896932543931952     
   19.773206555959234       0.41029329455948205     
   17.046612272880324       0.62750511779866325     
   17.577125485110734      -0.40219372440865275     
   22.781018240376490       0.65587296026367947     
   19.150165461651515       0.62206216808569992     
   21.301759500452576       0.28011473459911840     
   18.004863732667921       0.39657569871820431     
   16.219616766831429       0.28776077146213508     
   15.280881022788673      -0.19090770432238505     
   17.554006887102648       0.27975272905646137     
   21.205081200109476       0.63348280843941640     
   20.204532306437052       0.65561615478763624     
   18.488649613412836       0.21325547994087904     
   17.792816376003621      -0.39497827734526758     
   17.894789790840107       0.36008412506313953     
   17.327036748476747       0.64231592176753494     
   16.016713003475775      -0.80312045766678009     
   19.940662644475410       0.64336750073962279     
   25.322119577995792       0.46563523411502372     
   21.320955567414273       0.31146108491691749     
   17.702226685775155       0.32521643985015691     
   21.449779862080394       0.47110643461291751     
   20.904479709599123       0.63100124210331954     
   17.797269335865607       0.62113663541640984     
   20.178434915071790       0.39456108939892753     
   18.850405836869434       0.34802988180979166     
   21.636315719933989       0.63778986091517587     
   17.388324803857227       0.59021409746106057     
   17.656215714052742        4.1114340479328312E-002
   19.519362698768671       0.58286003337302950     
   18.004654135740413       0.63558158595862480     
   20.695745300978196       0.40513016650361278     
   19.623658638382352       0.59440844633480383     
   19.864178771305930       0.39431485827091001     
   19.794497316226504       0.15164767941488336     
   15.124934318741506      -0.74980496512498518     
   17.842858785811050       0.40874134658531935     
   18.308864357670011       0.55395043268582977     
   19.323366304344756       0.63905306190737687     
   16.979862866786281      -0.46406742476694818     
   17.759560550790837       0.62964965915249183     
   18.443478209605672       0.62883465074192824     
   17.842990188867848       0.63625118043713158     
   16.436405218584841       0.57067256468797167     
   19.098896790275127       0.62561715047051913     
   20.226948316567420       0.60778532394390095     
   20.226948316567420       0.60778532394390095     
   21.402662117028040       0.30944890713623374     
   18.948124123898094       0.61661202582090546     
   18.099000093871915       0.60761816881206665     
   19.513512418616347       -6.0912749316122033E-002
   19.139060916532124       0.62689456832464185     
   20.559100920087793       0.62410577426963876     
   16.644258588281168       0.34701318181220109     
   19.379779887625190       0.61347669459831100     
   18.893724173648128       0.61511029170644371     
   21.703364415490078        3.5759543294242579E-003
   19.287752059927119       0.56086612729312457     
   18.329814558529460       0.56907940209927432     
   23.585028160109818        1.1377548587704942     
   20.797208185712929       0.62267376263430974     
   17.941982025999618       0.21723554039747511     
   17.618149784761954       0.11996004262422269     
   17.095575963298845       0.43926479500016014     
   18.439171554337747       0.62192651596246717     
   20.107417764048986       0.62138053328332421     
   16.978823741083499      -0.37451029106455325     
   19.309961192800507       0.41735800926551203     
   20.202840184895564       0.52853535235280968     
   17.585981730073883       0.18421644712742707     
   15.552043545580753       0.60799657921465133     
   19.606805990830320       0.33471361475000017     
   18.192084636160814        1.2213855794964493E-002
   18.876261075802901       0.59462989911305575     
   18.115941460644546       0.59825867614600325     
   17.072837768639843      -0.78316580909947864     
   18.342941264783555       0.58777180737869350     
   17.709618220569197       0.61175827986250353     
   18.709344066020325       0.59065513856885554     
   20.874287599843782       0.59280450224346803     
   17.822973008141581       0.59132274117943417     
   17.340491431778453      -0.25271879809370051     
   17.091615273228225       0.43610879732396512     
   18.489523344167583       0.59107125099459357     
   19.221621739434458       0.60180781016845963     
   19.198873980820121       0.22000784608910651     
   17.962853634121203        9.7007160638401535E-002
   19.453844339892029      -0.18137894032005786     
   24.090982934647549        1.4152969342011084     
   16.598301014079517       0.57614811505787256     
   21.543212910515255       0.38680175841066899     
   18.763773992004005       0.29281414009238849     
   18.540222332732561       0.18870144146189824     
   16.389727416439456       0.33368523467539341     
   20.131017121559090       0.59430358024475427     
   18.524246089403427       0.58800115189485558     
   19.242838634898355      -0.41149693919472752     
   18.705772654338187       0.14850783562615608     
   16.353955318421086      -0.71597473048639515     
   16.085186695935924       0.26167370934703704     
   19.331291643522903       0.59131450962597543     
   19.741048674221325       0.54362797673335095     
   19.859744660168744       0.54732667407286151     
   18.461785829868653       0.58907745545428991     
   18.911715431836338       0.30870273234006118     
   18.761331720728741       0.58519096651040614     
   17.804708007660984       0.53020590622473907     
   16.960652803123196       0.50691143677007988     
   18.567042102150896       0.16322891869146294     
   19.969526515209289       0.57811376446446572     
   18.937754848517393       0.54304066621563796     
   18.401913461439566       0.45248970711446457     
   17.576408516184774        3.8400124933141669E-002
   18.657798573647035       0.15021419515584336     
   19.180023215939528       0.49480234342209284     
   18.017970603419577       0.26538834326758276     
   18.346285337753351      -0.21460311436631430     
   18.576810329789126       0.55612728813854773     
   20.137991294887645       0.59050994764370657     
   18.155062551077133       0.54984573435171691     
   19.198574052776991       0.25340748006362818     
   19.335811080334587      -0.21686939192933119     
   20.721769915095326       0.58740368471059723     
   18.534176298830047       0.53806254090682071     
   19.290730014983332       0.30902435191761357     
   19.826868122667072       0.46230808543284135     
   18.535851452595580       -4.3047175859400447E-002
   19.003549223785487       0.55755843641713110     
   19.936138431126370       0.24441248086428838     
   18.748453628237016       0.55845462732179851     
   19.638586273160819       0.56287881225741354     
   17.253603151235648       0.56744731606040388     
   18.918602672381205       0.33416692530462594     
   18.282366387211169       0.30340634840533953     
   16.554872444951059       0.40328169639127553     
   16.554872444951059       0.40328169639127553     
   18.598543220603140       0.35972354401717305     
   18.052502201357662       -4.9876883431689958E-002
   17.078783544167585      -0.22267241657713810     
   20.039981928677989       0.56760846345927751     
   18.272178257957627       0.57771414765433582     
   19.105226314866048       0.20659773736660533     
   19.186088330423090       0.21422489988794274     
   19.258067750852927       0.54691402469116479     
   17.496832471873979       0.55375826201773271     
   17.496832471873979       0.55375826201773271     
   15.572776937815828       0.10846115491384652     
   16.508140102245708       -3.5458636007878908E-002
   19.625217498045242       0.55637996058921546     
   20.693211366095817       0.57137611835849977     
   16.649757606375161       0.56125864794164082     
   17.528061310454920       0.55359456460271073     
   19.079614007912937       0.55651900415837741     
   18.513667148937209       0.53826303468950665     
   27.517211617023342       0.74036839652446729     
   17.263108013412630        1.2623103690880350E-002
   18.573498556715080      -0.18440595055643327     
   19.962285280299348       0.46636321619662441     
   19.760671867665920       0.53334137382614555     
   18.282205433339101       0.24640636537409916     
   18.836024406710465       0.29527679605666235     
   15.020788682752199      -0.87609729705211492     
   16.408525288812307       0.25162615797541182     
   16.408525288812307       0.25162615797541182     
   15.530353129574300       0.17085936647987185     
   19.851346937508204       0.43145369986822601     
   17.047404366529964       0.55683583004771608     
   13.646806336201927       -1.0036317750613111     
   19.432499853750663       0.43340979806435942     
   17.839814498000322       0.54883853081259337     
   16.636569421777111      -0.16010300968333208     
   18.350563092587997       0.53766504704672058     
   16.396282179298133        6.3080895555208030E-002
   19.459043569935062       0.14704205439948273     
   18.810313232195085       0.50699793454960251     
   20.764307846726236       0.30588109448540446     
   15.984052379127920      -0.42212209241645426     
   19.316295701309436       0.42331511136182531     
   23.228834193707428       0.48254040519343222     
   17.413933875316367       0.25789149065915123     
   18.568854942864551      -0.31298696431058920     
   16.532519019141539       0.26828711119292475     
   18.556740551275880        8.3481132791746182E-003
   13.792291097389354       -1.0737613205541305     
   19.530484740828655       0.18159773471912830     
   17.617422426780585        1.3149269286762771E-002
   18.195045970943617       0.18148562128593351     
   18.195045970943617       0.18148562128593351     
   17.154126540921514       0.53173629643803877     
   16.945184268011545       0.25721540435725654     
   18.896541916388646       0.53517460469647382     
   18.896541916388646       0.53517460469647382     
   17.360908749590656       0.26724895396608200     
   16.926412779871686       0.20833846980292797     
   17.482875654380276       0.19225606022419203     
   19.520305257993776       0.54046040221101865     
   21.053184747629707       0.53788802977940853     
   15.864702863039422      -0.81112753497794721     
   18.660884159806507       0.52472254013880393     
   17.877014080973993       -8.3914984778554552E-002
   17.378368199415213        4.4162682493763067E-002
   19.216792069565390       0.52316975647575692     
   22.175992576599313       0.57907243278705733     
   16.871692726713722      -0.66541820209120472     
   19.007946119167656       0.47904543334502747     
   19.504764824104896       0.32003935426782032     
   17.060417741440300       0.47667623346107840     
   19.987717879630516       0.15416371676548452     
   17.307061314414398       -4.5799058742389875E-002
   18.329326720955830       0.51919169088645556     
   15.469218379020523      -0.45858737775187963     
   16.911895996714062       0.48390172965499600     
   20.980117742089117       0.50832594940840736     
   17.947261614419784       0.35550010927734887     
   17.947261614419784       0.35550010927734887     
   19.851761305730797       0.45431590065941574     
   20.288869475607534       0.29498644726070777     
   15.102535176906445      -0.55514494086718313     
   16.497466393474781       0.43241243750601965     
   18.030634307846871       0.14851942795439416     
   18.700803768328637       0.51943743439273582     
   18.935483943875798        6.7768607712385631E-002
   18.646663177356395       0.18940494294252033     
   19.301509922027570       0.50096121638551105     
   17.085500367808734       0.16953558885822720     
   19.958905649293705       -9.4517784155470991E-002
   17.481563203573451       0.25684861656768632     
   17.667267633814994       0.43077862331448818     
   18.322005110197082       0.48270603017546965     
   15.441562350002334      -0.38383165781042250     
   19.051313062979624       0.50667987855343766     
   16.892409461459298       -7.0241753667462242E-002
   19.016269785357416        4.5978552750757490E-002
   15.928104537218461       0.47058941800829762     
   19.969716258077835       0.31140061818346154     
   19.161952616901182        2.0223739206289351E-002
   17.704839373216682       0.25322836201251986     
   16.433081816414376      -0.76977012180697169     
   18.943536618332523       0.48425537467374402     
   15.509798431600935       0.48870785863583444     
   17.669664372166825       0.25821987477617170     
   18.181901308508312       0.30110807481670487     
   18.789494287412641       0.19803241175942463     
   18.001207160235946       0.48559266181508021     
   22.373766615773743        1.0111970997440969     
   17.232325262428830       0.43277738901894802     
   21.997358909503681       0.50037791516728558     
   15.965794536014226      -0.40646230667499628     
   17.871871102784723       0.41677505866299391     
   18.406157004523735       0.49212674543322066     
   18.255708082105510       0.20309916150855939     
   15.199518248189445      -0.69477848528270425     
   18.056969663578631      -0.28888570528534774     
   18.049689098190395        6.6642605638391403E-002
   16.641205307393925       0.36550959957506657     
   17.122238799018689       0.49522056993709107     
   16.721297166417209      -0.43708818789098752     
   17.391074922059524        9.5282319644697369E-002
   19.088114215384053       0.47109141184883352     
   20.387524437400081       0.40056113791092407     
   24.100456576359274       0.37580943024966473     
   19.204019135901810       0.48141865354379554     
   17.983889404136679        2.4062805840789361E-002
   17.367507350710113      -0.26312358024084603     
   18.922143970262411       0.18404656244515841     
   22.085810357581000       0.11212059271168295     
   21.708633788242000       0.34379238807213242     
   18.567925033073877       0.25390785154007278     
   18.489187922346133       0.33135207315226289     
   19.828335929007331       -3.6020251356854355E-002
   16.145861691747328       0.18949834586195494     
   18.049478936571717       -1.5697202357532497E-002
   15.268995061665741      -0.39214077379594392     
   14.539733442625462        5.3767541808611707E-002
   15.855510282553210        6.1565344334684649E-002
   21.116978510336903       0.45662836747345581     
   19.612006534981099       0.42542152198861932     
   18.889809940816800       0.40854739024756725     
   18.702601725655416       0.39263680823937464     
   17.969093295662468       -6.1971751226953808E-002
   17.942531876916714       0.42260742530292728     
   20.562589096119225       0.14294592636370285     
   16.237716030282122       0.15514190018299656     
   18.313955766272592       0.45097335620649637     
   16.467958783684306        4.2674709741694128E-002
   17.637864538853844       0.15251857701232074     
   17.041898608207021       0.34817797104194170     
   15.426493118015806       0.25378495700785658     
   20.256339955407761       0.45576198941903989     
   19.543055379165239       0.45461882420247235     
   18.988124475801698       0.45343112593119927     
   16.368348851931291      -0.32892589947560552     
   13.323463381954074      -0.83807584868507390     
   19.487000647018995       0.16017453353343047     
   18.110719311484104        4.3525793767136015E-002
   15.554826335241529      -0.22315238860801126     
   18.523349683822119        9.7716331884674643E-002
   15.535134181672980       0.44660169664419758     
   18.144109690190838       0.38317848216247524     
   17.818753327086903       0.24634124000112093     
   18.514680260099993      -0.42127114134046489     
   18.081647162979078       0.17712097619095049     
   18.993070927688741       0.40566857551790508     
   15.400897265014299        6.7269070887537211E-002
   18.258397873239623      -0.22457871853594835     
   18.451813659591210        3.5380605490587441E-002
   17.369254252089419       0.44010558764666174     
   16.293853494459448       0.42294776597115891     
   16.920229620072558      -0.13112186541015747     
   17.019190624340570       0.11375943292131262     
   17.378498788894181       0.23733261951759627     
   17.378498788894181       0.23733261951759627     
   15.843110739336524       0.43983838724995578     
   19.458516208443278        6.1571741320467624E-002
   18.955392730850413       0.32693089618384519     
   16.314583958519933       -6.1850766837227511E-002
   18.681108002091960       0.15787887345303631     
   17.729878912676512       0.43745707088375985     
   19.337129934654307       0.34010391357538672     
   18.924061991296860      -0.12473505064787266     
   16.092652044266796      -0.72050452026049983     
   14.084290591610062       0.14995836885305730     
   20.222497380333657       0.43290123137930325     
   17.385306996585403       0.36403994398168116     
   18.073291037453163       0.37336592127556628     
   19.107443815771166       -1.6463494994798100E-002
   15.493933679665007       0.12645713851840204     
   18.094092874045536      -0.16908299232124505     
   19.011840227029669       0.24862170724751845     
   18.089412304678071       0.24062229563135248     
   18.749685269343310       0.10890211052015834     
   20.503145562236952       0.42015348443238332     
   21.145597958561080       0.23723210302186737     
   17.980627859347035       0.24587848485646313     
   17.346696175341467       0.39280030292140111     
   15.759870950512580       0.37369537526853563     
   19.907976362457063       0.25241566225260559     
   17.550915305322224       0.42204013161533088     
   19.265959590392626       -8.4798356280829490E-002
   18.845957645840365       0.10558516577804893     
   18.321355972633533       0.32410276842688135     
   18.212860423539674       0.38460688951736577     
   17.165518141237765        9.6355314875024606E-002
   16.831939809314612      -0.34347055175953090     
   15.944145059205976      -0.43347893442451274     
   17.395967439714244      -0.18080116466354637     
   19.170391836615394       0.38198042803981319     
   18.531373892322094       0.36459264213769238     
   18.897785979682141       0.39639539358737996     
   16.815334933893652       -3.1896587487888678E-002
   18.707019766450415       0.36094935647637683     
   17.948294701349560        6.5696205442966477E-002
   20.116367593610292      -0.46895032940749709     
   17.199580180573566       0.40722382572883931     
   18.766763636805578       0.40132901589300390     
   18.588985555876938        4.0794536429480110E-003
   20.298006373168988       0.50476095923532771     
   18.008358995254259       -3.3058184513591327E-003
   19.513874496664450       0.40091650992512373     
   16.337298818592199       0.29767871693303138     
   17.368608405401261       0.30612202490305873     
   19.329889179755085       0.25512740277728418     
   13.276771922721769        4.4289005741331364E-002
   19.098502601421249       0.26130185596346844     
   16.773023016327286        1.2207269470660836E-003
   17.109848854489755       0.10734854995138901     
   17.482283520834834       -2.5821033684746697E-003
   18.242613522658644       0.34309063202755158     
   19.845299616300423      -0.14068990362043154     
   17.149108665858790      -0.12062612419207849     
   19.868796857458268        7.7971061520624108E-002
   16.811318126874916        8.5766878453839901E-002
   15.852785492838839       0.28373496869718129     
   19.152712447362852       0.37124318963068170     
   19.470168656964276       0.38650325015764708     
   17.152293357465442       0.37083881849530376     
   19.244852966942631        8.2399214428853049E-002
   16.918213938745513      -0.58202377710535280     
   16.806707790996846      -0.19070170346815585     
   18.428682583885578        9.0411541187880334E-002
   19.696812166090261       0.35265963237779480     
   19.503224576959184        4.5198407128587484E-002
   19.503224576959184        4.5198407128587484E-002
   16.824256429502103       0.28731169022270320     
   19.673824796740362       0.37430035327308242     
   17.283055985584440       0.36657849743892001     
   16.487242221474187        7.6836320531270486E-002
   19.621417816558886       0.25049885022157392     
   21.361290420075559        2.3265677772181373E-002
   16.528205418707074       0.32447322129746370     
   18.445651793401559      -0.16895045967457639     
   18.372118773389261       -3.6824482565209038E-002
   16.937871647130713      -0.13977640417902748     
   16.843420315546812       0.20506572904321926     
   19.434173299060230       0.26416639978524714     
   19.126782549755610       0.31297004522555771     
   19.546645592031673       0.37071124532783661     
   19.069147080344401      -0.22044386612493777     
   16.975971403710016       0.34647797749300002     
   17.228063382128855       0.17334697279544437     
   18.084070611007895       0.37077001338600690     
   16.564815716819425       -8.2075938612979071E-002
   16.901610087982966      -0.47745709309112672     
   19.179447041388830       0.23005280348286095     
   17.636892355658297        4.0840753435517102E-002
   18.673125942696899       0.26000746919967854     
   19.367912383710063        7.4810368356154594E-002
   16.776346991281958      -0.36602583495484781     
   15.734837075260156       0.14272799326597818     
   16.004368716435476       -1.4842717463150801E-002
   17.526461928238252       0.22906646314572257     
   16.440160561813485       0.27615339330308253     
   18.310919995346236        7.1490971583329607E-002
   18.617979457670621       0.30088565764417297     
   18.691407505756867        8.1700839756434898E-002
   16.465163224175804      -0.28733911633389159     
   19.079254410394071       0.34040747080020006     
   17.176206554026130        8.2411182574904929E-002
   18.418421704770353       0.34158322433092880     
   16.638082760075598       0.20536292332959288     
   18.090521564005151      -0.20909418782211547     
   17.980811524875982       0.34347101379940359     
   16.803424080938544       -2.4653339131375990E-002
   16.583971158459104       -9.3505654005058475E-002
   20.485821528605847        8.3702720818321127E-002
   19.102141000608107       0.33880066852100788     
   19.300873805558062        9.9624889285029633E-002
   17.367563347918772       0.28210341024097674     
   19.184269220036796       0.31313024896510716     
   20.720906450795891      -0.32043732881359327     
   18.148009681699016       0.19420861472828430     
   18.140410464194698       0.31766785673170717     
   19.540643303592631        2.8631069067153569E-002
   14.323538887876985       0.21672054887104425     
   16.514042433735366      -0.55433586985240213     
   20.057268091978486       -6.6943924912108099E-002
   19.046728424947805      -0.13352681452884699     
   16.306982849551943      -0.53674673786577032     
   19.818524211755559      -0.15165164868469266     
   17.264512175455788       0.31391040886382632     
   18.932434461366711       0.17932874116351746     
   18.612179860071279       0.34439702108584280     
   19.901553188891533       0.14199766076052561     
   18.093911592262625       0.33564145443780913     
   18.467403221910352       0.26312178028659461     
   17.660944948800768       0.11449054164833210     
   16.011185188138946       0.11297602695309833     
   19.960959111953549        7.3804684300601830E-003
   19.646896707134388        9.3619169269028205E-002
   18.031516016752079       0.32928969814559994     
   16.775047677706333      -0.16372632404900370     
   15.345224699326110       0.10973516498978270     
   19.498751668041017       0.33443318648033582     
   21.080802251360975        8.4453296018934032E-002
   19.151299724104526       0.28337573417916884     
   16.670227116676404      -0.41231962768750069     
   18.762952812435287        8.1662773980470782E-002
   15.952261571686844      -0.64360698425917295     
   16.207690774673956       0.12457257263110390     
   16.006233527070151       -2.8443398239911266E-002
   16.751297551147260        1.6789801571297308E-002
   17.447467070540728        3.6335211655665292E-002
   18.737668401505015       0.15571423950772301     
   14.520862617337208      -0.28769401652446425     
   18.939147884254471        5.8460733615786908E-003
   16.756515437026827       -6.9990413280221320E-002
   17.726494460827830        3.9260548318119176E-002
   18.626209057105449      -0.31513549579744293     
   17.335060758894755       0.30797656001512497     
   16.278280903304630       0.17751680656052699     
   17.416600607131748      -0.46165122016969840     
   18.369851382212925       0.17517635066018106     
   19.404839185949740       0.18617153771714173     
   19.192081804136198       0.30336169226321180     
   19.332938209993983       -8.0714048999107169E-002
   15.838737484384250       0.27302808997599504     
   17.451074847779878      -0.33248843840166831     
   17.439868809394042        4.5800693064061745E-002
   16.268148666424953      -0.39938783747661810     
   17.271562675886088        5.9925151589062059E-002
   15.296395970483445        7.2019733321975338E-003
   19.913726865571839      -0.16698521839932870     
   19.913726865571839      -0.16698521839932870     
   16.025436032271543       0.21356909984910105     
   15.009116415646595      -0.44338126375363135     
   17.760342558370706       0.25683460185535606     
   16.133195700968386       -3.3181309545034426E-002
   18.870690489740429      -0.43019508096982317     
   15.062610415326013      -0.76839085842753785     
   15.719687962785088      -0.21305757438719602     
   18.129668929533810        2.7342812955013535E-002
   18.814171138830680      -0.14689222417139786     
   20.043553600749398       0.19696015044170684     
   18.760118572609393       0.24022634791667435     
   20.010449538945785       0.28482682022677525     
   19.313741195288681       0.23143172444441631     
   18.035110696267459      -0.18265025628745063     
   17.558578538584577       -2.8813969230770925E-002
   15.890668430809226       -7.6845012558598991E-003
   15.890668430809226       -7.6845012558598991E-003
   19.123101918706780       -3.4489015080919339E-002
   15.999170589335815      -0.43750403246988551     
   19.450546182915144       0.14702037138619767     
   16.759519546431115       0.10218254902515145     
   18.619755633561113       0.19627244655330922     
   13.773642168034401       0.11912300210415620     
   17.562262859043255      -0.17517371389449418     
   16.714755560043130       -4.5942712003511466E-002
   17.875776885507555       0.17824029947047890     
   18.268347847576557       -3.0990522527222425E-002
   16.861831673201785       0.23780799754208903     
   16.416623967242991      -0.39996942806208202     
   18.077530037128156      -0.17867651058695111     
   15.825174549595429      -0.26681586886053243     
   16.672259044181168       0.19899801331317299     
   14.403462183438467      -0.49657822620553344     
   16.486816046381470       0.19367203924641585     
   13.961913930319588      -0.41276182668283923     
   18.004655019826345        1.0912436980511142E-002
   18.827282712979056        2.7949053923989026E-002
   15.282243396843242      -0.70885496554644800     
   14.503158260970453       0.27405402047403749     
   17.868613917909929      -0.29145746323077470     
   20.198144418710019       -8.2732206126198082E-002
   20.198144418710019       -8.2732206126198082E-002
   15.282770652684100      -0.72046208818237634     
   18.894357013211639       -9.7730187376815492E-004
   17.233976815914794       0.19517555587592789     
   15.868828721298188      -0.43547131570001030     
   18.575325990774203       0.17283487960145702     
   21.718084957410866      -0.24592675210761469     
   18.838175392225747       0.10272078273273556     
   13.641693275320538      -0.56234203332345389     
   19.023276472301863       0.22553712678065263     
   16.022949613828800      -0.35470478225286617     
   22.491733265768136       0.25595624625742874     
   16.067521347047187        4.5729157646473562E-002
   17.500987393647520       0.19067772934027599     
   19.180489889475183       0.19232592551051794     
   17.958669181247441       0.12304187621992588     
   19.347449729536827       0.25152556362975259     
   17.322064892011294       0.25317279596989067     
   12.800244266454550        6.3194417374816125E-002
   18.786030504322895       0.25223832961554765     
   19.193902210795848       0.20357324395900511     
   17.634143071657917        3.7985447185383506E-002
   18.492544856462164       -6.1053327813618774E-002
   19.256117763005950       0.25164673276090416     
   16.965811696005712        2.5096268025472185E-002
   16.094969848583872       0.23643426992340100     
   19.156909099700535       0.21776810275374536     
   17.613058792135373      -0.14827785528247206     
   14.409691363329713        2.7816506342903988E-002
   16.354167960330791      -0.22767989516249101     
   17.286235765585655      -0.15493198923902390     
   19.353556953471784      -0.73363619912100919     
   18.165468803027778      -0.17296479348795449     
   14.580742665710254      -0.40191554169481919     
   17.814439697595418      -0.57375594245926975     
   19.471145161249204       0.15539654922295784     
   17.903957048391710       0.15094324294441272     
   17.903957048391710       0.15094324294441272     
   17.594877182019182      -0.17932442160884746     
   15.127903164101799      -0.47803380708773507     
   16.313114683449907      -0.21289920758083772     
   19.688626714668182       0.15972634572004785     
   17.792320929714130      -0.19667816899606028     
   15.937876426600273       0.18531915908666022     
   18.928413713115354       0.22421041498841457     
   17.101507470627325       0.20373696235737332     
   16.813007457201905       0.15596074817038613     
   18.400978128138100      -0.27880913119034173     
   17.706131710585751       0.22546279924546098     
   14.610271004277706       0.22454807401281912     
   14.774787668449132      -0.55403138638076710     
   18.591746782060962      -0.61362888820481376     
   16.004490189430399      -0.67522156536636402     
   16.733426777185763       0.21012185243575429     
   20.984942129915286       0.17105936873973776     
   18.705406661551464       0.17517756656659186     
   17.618369403182218       0.19818256440017085     
   16.474708699781143      -0.29953654823286952     
   17.562601321194784      -0.33607135183885739     
   15.914869799310498       -4.1338056026869824E-002
   17.057629791944809       -4.0732857766440367E-003
   14.683476588258543      -0.70624780057645564     
   20.511160296906311       0.13800782822564092     
   16.767635461752079       0.16862364962746876     
   16.575772284672482       0.16889834583994573     
   16.321437524592252       0.20471514787946746     
   15.239407824548358      -0.64932704888766701     
   15.841008746181885        5.1386141203217828E-002
   16.833516616149183       -7.0374511230665238E-002
   16.155001977757781      -0.31288988226657966     
   19.499158102129101       0.19607368691142613     
   20.616498240492596        3.8094961124471430E-002
   18.319209919890792       0.17768754522830577     
   15.821428200886553      -0.48621260474979300     
   17.842490119524236      -0.15237097228281352     
   16.748156654668726       -1.2585367321239910E-003
   14.590234738351597       -5.5744115006602757E-002
   16.754464089619418      -0.50765761303115720     
   16.290877009775649      -0.20433716387903797     
   16.142034028088325      -0.39749751842453040     
   17.048231219944547       -4.7832938707951023E-002
   13.686755215456099      -0.47930346839818555     
   16.412226762009386        3.2575884404601033E-002
   14.136440671248923      -0.13426594548657594     
   16.059613716010073      -0.71692686674493888     
   12.549973410475873      -0.67947205970845426     
   16.083687669673601       -1.0299905954956501E-002
   17.951684981834450       0.14491889641498182     
   19.445275131687616      -0.27379058071320472     
   16.078519079934956        1.4206155784355606E-002
   18.295569279229376       0.16836703963693239     
   16.422137184345040      -0.11648489699648820     
   17.225664577189757      -0.11075605293171095     
   16.488284492972511      -0.31818578870535141     
   15.230522632646309      -0.80196270663137770     
   15.746953842073601      -0.28646564021384313     
   12.279895329409829      -0.26383237982179053     
   17.350213906834373       0.16512114751807611     
   14.839206284370984      -0.72671079465335553     
   16.666779185095209      -0.55729751094153590     
   16.751600033570710        9.9853911320369429E-002
   16.125189494265456      -0.44938217802502362     
   15.373296213549008      -0.56257289870851990     
   18.183838420120395       -9.5501614662473283E-002
   16.449228871908943        4.0495772974687691E-002
   17.209423999091811      -0.19622076029148863     
   19.374599471709018       0.14874988267312186     
   16.364122223045047      -0.29492799010938153     
   21.731670756498115      -0.29201179681642259     
   17.092929151644896       0.15712891071687787     
   14.453605099270113      -0.15285592193333672     
   16.454970819386045      -0.46938147747055581     
   16.707254419279138       -3.2378825998913285E-002
   14.491907312547447        9.3077987409544538E-002
   18.132311994857275      -0.11568717262877376     
   17.839564784113129      -0.54214281953614674     
   18.409338969369060       -2.8620873810148439E-002
   18.581905088385817      -0.34754415916962655     
   13.476251597850398      -0.74583967127015693     
   20.011974478885250      -0.33881146733702761     
   18.529905938601580      -0.14448336877610402     
   14.681740843035328       -2.8738859996024296E-002
   18.478116717341628      -0.58984331768223752     
   18.340938775170386       -9.0960694665182612E-002
   13.785981787215485      -0.36041577588294071     
   18.106056295252841      -0.17042992065380677     
   15.353751617040059      -0.17367926344075252     
   16.668072652114333       0.13912029177943694     
   16.918626975885580      -0.28182906537187835     
   15.863863596478367      -0.54705755539086653     
   23.316387616815458       0.11130070191971375     
   23.316387616815458       0.11130070191971375     
   18.437796139886089        5.3975200124223174E-002
   17.522146443953684       0.12326035267730764     
   17.063960721785541       0.11197382111857804     
   17.336876487299815      -0.96138467336432409     
   17.919933052026835       0.12896269888754963     
   16.988873665576186       0.12532385749107067     
   14.795971507067961      -0.30211410917589265     
   15.724038820080148        3.1942131466733914E-002
   16.748406391215184        4.3611879317038749E-002
   16.762478878026883      -0.51946756241227399     
   14.868867352858915       0.11884047196354168     
   16.585247216402671      -0.18309499812727653     
   17.025765798937648      -0.11492385280872941     
   18.423255697170813      -0.52053287399882986     
   20.007990088817245      -0.38839909921404925     
   15.794653920624892        6.0050093509822725E-002
   17.524042198263359       0.12418560141472156     
   16.894161253027956        6.1477322426573139E-002
   15.157107259717257      -0.44477084120154098     
   17.383900954965494        4.8010464933756020E-002
   13.532304183495897      -0.78910050378776297     
   14.407486007559667       -9.4540057080971407E-002
   15.880038747030255      -0.62516020238232639     
   15.566463396598621       0.10377678848396130     
   17.516962410777737      -0.39827258879840377     
   15.924939422752677       0.10017050177499372     
   18.600069840743274        4.4426232263389612E-002
   17.662573491521485      -0.38092124004515932     
   18.567259233066039      -0.39086356095570152     
   17.773322257171042      -0.11983868780289583     
   15.286138353249999       -1.9369066479359154E-002
   15.855120321799401      -0.39911393444959853     
   15.003103553552849      -0.50097209311270030     
   13.840283497439458      -0.26831900831794142     
   16.335557562112285       0.10070058787971262     
   16.928865250738287        7.9991334043856985E-002
   13.698686734642227      -0.55797847203554340     
   17.353193600241593       -1.0301898420710776E-002
   17.548955763869223       -6.3434538758491976E-003
   16.455875647204664      -0.33617439896308626     
   16.700811711653181      -0.40613464347669737     
   16.127840584750565      -0.48470341538271955     
   18.209561699423627       -5.4296986036281608E-002
   19.636700706314542        9.6998636001011912E-002
   17.567151899725957        9.9943603014178428E-003
   15.973453836264957      -0.44392829875788992     
   18.437698185668470        7.0360316333502537E-002
   16.820610798853682        8.8847138710406892E-002
   16.005386924868962      -0.21729849947558821     
   17.211329852897798        8.5855043276109336E-002
   17.232254598449654      -0.11394673825467497     
   20.104269709518118      -0.14308251052069829     
   13.577608400041013      -0.44883203370669722     
   14.837246307028170      -0.17176547071957898     
   17.909211685456043      -0.12274584526592450     
   16.306457752662116      -0.12291410217889440     
   18.839731317003647      -0.31037546059572046     
   18.633730235924880      -0.40844688368523141     
   15.375275036676765        2.5396172409507117E-002
   17.121705012719609        5.9422529795883569E-002
   15.840189878695931      -0.28456600417518263     
   16.476128352455202      -0.17040580764167665     
   14.280773540205326       -1.0528850729000174     
   17.213605668585263      -0.24941784115057120     
   14.635598366757437      -0.18882760175508034     
   14.677751921806138      -0.90510762841462356     
   17.619806634730839        6.2846328317677683E-002
   15.502231267421148       -6.3581520077592574E-002
   16.284554260796387      -0.31087478221064974     
   19.580203751097706      -0.44283112712928507     
   18.367821130814995        6.8570627506614149E-002
   17.496753354493251      -0.26775665044888175     
   12.597164768787756      -0.68644898742793192     
   17.996810334723055        5.3340027435621287E-002
   18.652811525458894       -1.6550675290482653E-002
   17.404131819601531        6.1191845626868496E-002
   15.219537781177284      -0.76002610472955956     
   21.607825668762317       -9.6408287677212379E-002
   16.033986688564461      -0.39899745968452349     
   16.794476515095845      -0.97241824663994580     
   19.263081101155571      -0.45016736249208888     
   17.083570687219286       -4.9731436805550144E-002
   16.645001041154359        2.1606171381350472E-002
   16.367977776297227        5.0636419024593801E-002
   17.646050610701259      -0.10778092514349233     
   19.881053542570204       -6.3845826013045726E-002
   15.438652238378626      -0.56345889614531286     
   14.809494288190441      -0.21280826656639551     
   18.260381685247445      -0.45280511806610613     
   18.334118693535068       -5.8787150523290366E-002
   19.535857812553040       -6.5842890418408795E-002
   15.320993001636250        1.0407343106653325E-002
   17.597575509932561        4.2144472645884848E-002
   17.159446981752360        4.1352377524595280E-002
   18.072745577115640       -3.9033041992508455E-002
   18.328846410969486       -1.0333340970609206     
   15.893095237136567        3.0787877219704593E-002
   17.304958453116235      -0.65995078776273508     
   17.476907641868593      -0.17107657478521440     
   14.517525719210379        1.2178639126538993E-002
   16.376087854514889       -5.0998363219212639E-003
   16.544448153539786        7.5495687318527793E-003
   15.646021709306734       -2.8831027418252109E-002
   15.724653096853023      -0.61657116869669637     
   14.277576449164533      -0.16213657926391775     
   11.896098167587351      -0.82320403820182597     
   18.216410186725604       -9.4451886134364005E-002
   21.423313949465900      -0.32697011050758656     
   17.032965454505014      -0.59385691263092744     
   17.527807384162248      -0.62094405932788788     
   17.506646780623825      -0.19888016438097619     
   17.658110225647853       -2.4722903235318894E-002
   16.128406645065095      -0.35621071612758848     
   16.209077382515236      -0.20211147492099255     
   15.839277394362345       -2.3379351494224238E-002
   19.227255322857552      -0.48950612798300913     
   17.378832562338427       -4.2912981530232597E-004
   15.215504034384226      -0.18533624062568801     
   16.851468234844660      -0.14848984453577832     
   18.079302629237766      -0.10916504543775518     
   18.026377952415405      -0.49803002947188468     
   13.631159153731625      -0.15817622564042946     
   17.584729705325387       -2.5689439877603498E-003
   15.951496444188923      -0.61692342782263099     
   18.569490199991080      -0.36548676123522272     
   17.248661247935438      -0.13004471225958508     
   17.248661247935438      -0.13004471225958508     
   16.587860029052280      -0.13251373024177102     
   17.498626422917368      -0.18167727813959014     
   18.606231395127743      -0.13694881905407333     
   15.371726169278119      -0.50247331692328234     
   17.091641976957426      -0.40587541248519021     
   15.376137289276215      -0.65581715968183052     
   16.264942907868402      -0.71352786930337209     
   15.601848840185767      -0.82936080399390644     
   16.898949294140635       -2.3597123473339754E-002
   16.386720168217039      -0.20032349957484943     
   19.761327597755646      -0.21878189009311241     
   17.471855045775669      -0.29192294822538567     
   17.473489829797309      -0.49987487603344849     
   16.391629807552004      -0.30826976899372693     
   16.201835513390499       -4.7019594033357009E-002
   16.159817782717649      -0.74839764806793962     
   17.304400103936736       -3.6744541642907663E-002
   18.031926733251069      -0.11110218084059048     
   16.020727860041141       -8.5830503382432227E-002
   12.399279063459108      -0.57091249137368516     
   17.483958731883305      -0.46872589382385582     
   14.714483120429453      -0.51924844971641049     
   17.314015668564416      -0.27679403260422664     
   18.332235050943900      -0.51157575723770454     
   17.486425033370111      -0.13389987027643610     
   18.722052157017824      -0.15214428343801695     
   15.872355304434166      -0.29385276765070761     
   17.434768521293805       -8.7196774891692336E-002
   13.014493501617926      -0.74030096578968241     
   16.622371686037877      -0.34033070988880143     
   16.973378882257535      -0.22260990139182260     
   16.109955340630641      -0.28306258197971246     
   16.505671184658190      -0.32920262007487666     
   17.088076344089668      -0.11977122224242037     
   18.692078515667834      -0.11812162415796643     
   17.624705366844758      -0.21331931913444208     
   15.675750828479815       -7.9955776197588646E-002
   15.582874668243178      -0.35831454128531898     
   17.628824190352990       -7.8773900532262492E-002
   17.238685119985888      -0.21812489284109776     
   16.710108426291210      -0.79601711128736108     
   16.710108426291210      -0.79601711128736108     
   15.183063168804837      -0.96943168142659419     
   15.431977657126755      -0.54560561603539670     
   17.411361759894277      -0.30654279353278457     
   16.724251328285483      -0.79858828511119007     
   16.248579942699614      -0.28407231572302005     
   16.094056727257804      -0.13376029123143598     
   14.652787340383133       -1.0466586152061277     
   20.498405767331420       -9.5241815632587795E-002
   17.866858228266739      -0.19451951879755866     
   18.444907429399265      -0.14293014584679253     
   16.619025123385246      -0.48920262998290776     
   16.271368713702710      -0.10090833153548751     
   16.694920755977584      -0.68576147235996499     
   18.556958909355799      -0.57948043120912263     
   17.344099253849333      -0.12497723033397934     
   16.353716895019467      -0.25231572075294384     
   17.948190137006641      -0.30947852605880100     
   18.800529876249158      -0.57745465253565598     
   17.334433638746045      -0.17058806978579713     
   17.283857762722107      -0.32421667566099110     
   15.909249003894072      -0.30785589880614356     
   17.068750073270351      -0.47481803833897429     
   16.390522859455956      -0.15740805947662626     
   16.393473084245766      -0.25077894119803318     
   17.002250178211945      -0.58974836128555053     
   17.623837843655188      -0.24451912012554816     
   18.619078748601986      -0.51843087999180326     
   17.014253979256186      -0.21650020538690767     
   14.645885155035824      -0.65207709275732861     
   15.745003814978048      -0.15039162282749366     
   14.566119236052419      -0.40594950136777452     
   14.284889405838651      -0.22125921012685992     
   17.533406460326404      -0.13025809705833349     
   16.467194638838453      -0.13219758278368116     
   15.286936672992679      -0.69913630111277003     
   15.596051237468441      -0.59279959057415854     
   14.460530575008018      -0.28101620981543163     
   12.783409934877112      -0.66580398304036359     
   16.943080025296823      -0.16996715200643453     
   16.943080025296823      -0.16996715200643453     
   13.181514797321153      -0.70135493965223339     
   16.481183004757064      -0.25649358214620011     
   14.211517410596457      -0.36587801795021957     
   14.211517410596457      -0.36587801795021957     
   17.704148647500190      -0.16664454402344725     
   16.356984959508527      -0.72189076115179562     
   18.008752344192466      -0.30988112208846508     
   19.335826332298481      -0.44940297216676434     
   19.028555597463821      -0.25404676417162070     
   17.198295421946980      -0.33675565408581948     
   17.198295421946980      -0.33675565408581948     
   15.326896509561177      -0.34531374779641066     
   16.277537603789291      -0.25334878775993219     
   15.466937761973490      -0.65323347517118824     
   17.183695116628975      -0.45758836835886196     
   16.258669149246934      -0.25274266647042881     
   18.215582771086538      -0.23943967828571949     
   16.092585073181674      -0.26017407538319237     
   18.364011727919419      -0.33902452493085811     
   17.155228644679209      -0.64078485370439409     
   14.907836959769602      -0.18672412918112341     
   16.700222053627083      -0.60049862747553384     
   17.774445511593555      -0.30334974812968191     
   17.597466294259522      -0.33548591377519110     
   14.926552573450483      -0.18301307082775570     
   15.748591895674931      -0.26366267793444487     
   17.854346770682618      -0.18281233384139731     
   15.554807404730608      -0.94086367750527700     
   14.265244784840217      -0.20431164206139485     
   18.738852823127957      -0.93944078798778397     
   14.170479112643212      -0.44093614211181054     
   17.210928779644032      -0.24627784103007183     
   14.333574901232602      -0.35728692137083001     
   19.449673608275013      -0.27185618865533001     
   15.421062551240142      -0.81295372469847182     
   19.062596990974924      -0.23558712127963169     
   16.592050259080114      -0.20048064511534699     
   17.169704697612392      -0.21003464976470285     
   14.442267116912154       -1.0283047431798831     
   15.861188235015026      -0.39290169150943932     
   16.873161658327369      -0.20737964919813978     
   14.644422844274326      -0.62093756637965347     
   17.875971476353882      -0.24689040697335071     
   18.196945001155939      -0.20628741123801775     
   15.811324378329612      -0.45766757697506144     
   18.747016943917934      -0.39527536906492977     
   18.106524048429563      -0.25978843312063826     
   11.608864763876298      -0.25454448955870762     
   14.763789279479678      -0.59297589296326292     
   15.877372962591741      -0.61290196081368531     
   16.335088227637669      -0.26119258576203663     
   15.666694319015999      -0.22657052982140061     
   16.254454015802580      -0.23164603986627549     
   17.320479601066062      -0.63928239416480892     
   18.060731048339498      -0.32325395767128939     
   14.149076406517175      -0.87513767406543019     
   14.709415503880585      -0.62051710068016952     
   18.527252144047360      -0.36108902762651351     
   14.855078920503097      -0.48319851495297794     
   15.315106597849544      -0.26507761858542983     
   16.236843050242832      -0.71728583192600281     
   16.298970064236975      -0.28225333809383402     
   15.312938175668384      -0.69192501171430232     
   18.349071946565161      -0.29948190495301230     
   17.907306019942460      -0.30872168842930114     
   17.528550227606221      -0.25773513626330413     
   15.858473201840834      -0.53804878292818659     
   18.120212090540633      -0.33392984646241675     
   15.261337532518896      -0.27428899797877393     
   15.178599057087286      -0.29065486512369554     
   17.180086547500942      -0.31344595532255715     
   17.180086547500942      -0.31344595532255715     
   18.057607688982486      -0.27791535697488301     
   15.572573459799877      -0.71749683919395801     
   15.572573459799877      -0.71749683919395801     
   15.482150493536016      -0.36354745885773238     
   16.980195043550872      -0.37780583053754113     
   14.177110399102455      -0.67988178081069939     
   16.874076853783897      -0.31503146706030827     
   15.766585464303414       -1.0448526308296351     
   16.534559911284525      -0.29595571663641235     
   13.439885024619899      -0.62549422987000258     
   16.356824965600339      -0.42357985094598144     
   15.759557014016458      -0.69289641292761683     
   16.186646806331858      -0.66896606649864077     
   11.762016005789315      -0.71521533137015825     
   19.155163389090514      -0.33875839164616911     
   17.827696578402861      -0.65603291758763238     
   17.199150772999502      -0.38641249659313304     
   15.333901679139615      -0.42162027363192411     
   16.966604427474788      -0.33322775055474829     
   14.745807322996106      -0.34172045622499558     
   17.084525421197377      -0.34336532112994261     
   16.707789059577593      -0.94156706705509585     
   17.504110842462737      -0.67750424122021846     
   16.654598012902778      -0.34985814584519426     
   14.484603695342155      -0.86995484434657522     
   18.472951269411659      -0.35659652882091025     
   14.775934451682705      -0.35534483926710980     
   16.879684477122964      -0.60219991251575211     
   16.879684477122964      -0.60219991251575211     
   18.260543990619269      -0.41451841019118912     
   15.462119216233415      -0.43068205652641151     
   15.996389208148399      -0.79626106762420035     
   16.644807670956400      -0.62824692788678616     
   15.332064943395478      -0.70755749403315360     
   13.376948413142827      -0.39269491716422567     
   18.220751099445955      -0.38840087150660108     
   16.365254893766696       -1.0110571320086958     
   14.892802997939242      -0.74737844140410381     
   18.442704223970360      -0.42571471781701492     
   16.624005185441856      -0.54463547736503792     
   17.922661024264755      -0.56646906222845794     
   17.398806923663173      -0.37802162331169931     
   17.969898067143617      -0.54852749118875754     
   15.280487903189128      -0.49426063667858011     
   15.543605249170017      -0.54778024819463789     
   18.034261706585728      -0.43887500956567888     
   19.539068757202230      -0.42731141691492730     
   15.589630439757988      -0.96748581249243459     
   16.586871457121699      -0.41403195870301551     
   17.720179417454787      -0.45544344299681133     
   17.739668203273030      -0.43937315494462215     
   13.445170625410732      -0.40873492793319699     
   20.369460205577894      -0.50466857449426517     
   17.399587829930240      -0.59048772279236217     
   16.843632779405752      -0.44760366487486603     
   16.082985069560269      -0.75603528440451140     
   15.373908049412668      -0.51366493699655691     
   19.977508200351551      -0.76768299896052672     
   17.025105953526666      -0.50061756817743375     
   15.736673426584014       -1.2041314041719329     
   17.352408056417453      -0.54795859014511827     
   16.032692496801438      -0.47015340550772411     
   17.330401908295755      -0.55151787916468709     
   17.536563323202287      -0.50664387525771348     
   17.018735549101500      -0.45246694527990861     
   16.367215172716374      -0.47976207921453862     
   16.716200616674762      -0.44934302307426055     
   16.585374280586297      -0.49444981432991658     
   16.431756373284401      -0.48801967439921717     
   13.638606288949902      -0.49750662541422797     
   16.772414442553337      -0.52038641780570216     
   14.433157024119417      -0.50894241277167396     
   16.798794583140655      -0.53257974484143622     
   18.128671877882738      -0.85839425968173444     
   14.251390648515141      -0.58079678796897449     
   16.827463765867058      -0.50357461500776901     
   16.479327011661105      -0.64427202985266718     
   15.606203333053461      -0.88102032684515541     
   16.380192788746029      -0.71039316857639068     
   13.354206829218764      -0.49884823594887723     
   15.229892842469617      -0.62604025486783543     
   16.773171847954092       -1.2660091908685192     
   14.245637579657927      -0.54776893696069628     
   17.321299608792948      -0.51887080806662422     
   16.583137905141456      -0.70071889318715042     
   16.275308283391329      -0.79067829079498930     
   16.699404299780831      -0.54705058257571593     
   14.707241963093853      -0.91661339031902211     
   17.763696540045228      -0.77069955865699424     
   11.834933337885101      -0.93759281625375390     
   14.153327627697724      -0.58988767273596410     
   14.841648097484271      -0.81931682995809263     
   18.021424268796764      -0.64817577433272522     
   14.923795659466638      -0.90274091858475392     
   15.016493620721366      -0.61490236286915700     
   15.220128794343305      -0.71357896393183551     
   16.471001720920814      -0.58229138268933311     
   14.359494949266558       -1.1589262087374563     
   16.735616625073249      -0.93006799593741074     
   17.971443058910957      -0.85321165702830015     
   19.090748209048481      -0.57180314664467491     
   14.057683907271244      -0.49463208257864344     
   18.317753173090892      -0.61271423364830258     
   13.761044855607325      -0.54574785385363278     
   15.709580142358938      -0.85464681794833330     
   17.699756127497601       -1.0857549421362496     
   14.849950479506321      -0.51814388310426185     
   16.417487169835635      -0.52888542400753868     
   16.705583781272328      -0.62953146076894750     
   14.955731474241549      -0.68165491605433726     
   15.345945808616655      -0.68651502141554621     
   18.456113040196463      -0.80167822709592551     
   16.413833701926663      -0.53381038191707220     
   17.176375646184947      -0.81419445318878192     
   14.430701905181571      -0.53375401503514830     
   14.641683142031338      -0.78763917519006543     
   16.031275959084699      -0.72626610422531446     
   16.982932249510512      -0.83471447293122425     
   20.235789862898638      -0.79338257177615523     
   15.619328575617480      -0.57619922953838998     
   15.099075019482331      -0.86265718315586426     
   16.165835441117213      -0.64388086475557815     
   15.077019642870827      -0.90980405569816480     
   15.077019642870827      -0.90980405569816480     
   16.956055872416389      -0.64430982050497010     
   16.692326313390488      -0.56990526335179081     
   14.998900926525952      -0.82388872684857306     
   17.029775927315150      -0.88553438109631988     
   13.766177360757634      -0.64966127978960209     
   16.149989651034410      -0.78380177370981596     
   16.058308290451468      -0.68508979277533566     
   16.563056166215915       -1.3313061518319778     
   15.971341793991410      -0.86158717980612864     
   14.836847511453495      -0.69619104907363427     
   16.079948848043422      -0.72248079781271013     
   13.967444971527412      -0.68037094348398852     
   15.602250731916710      -0.86526431419612515     
   15.750037766158588      -0.67054640669841337     
   16.229324615083243      -0.95283073902838067     
   13.396945501441762      -0.67759574695974911     
   15.319595580054635      -0.84503403977604008     
   15.157272606918845      -0.87626727637446900     
   17.923916889705769       -1.3009188504071467     
   15.137869537342638      -0.61873102039241057     
   15.590988346771127      -0.64614363399824137     
   18.085776500695381      -0.71042529589014580     
   16.280444429907657      -0.75678399310436995     
   15.757832972160660      -0.87214360582538530     
   14.792274993917719      -0.70916221050872763     
   12.139099325061682       -1.0119743877231067     
   17.490797508028560      -0.91747707966401904     
   14.550981126059101      -0.74408932007461914     
   15.170042445098776      -0.82534648575260539     
   17.221526979221967       -1.1316713568592052     
   16.303973351769926      -0.71732333260656866     
   16.144777797687688      -0.80872843048332843     
   13.729064972923080      -0.86822460873120610     
   17.652795910485416      -0.72171401961907844     
   14.640261467787717      -0.79330185236121764     
   16.264197399517776      -0.75842455099797712     
   14.862311790463471      -0.95638713715703549     
   16.230959092006138      -0.70431564027928983     
   14.488178973377272      -0.80792508488863335     
   14.720929842773460      -0.72041035664845210     
   14.211836475356730      -0.73284083497627484     
   14.526579979828103      -0.95179836598108147     
   16.293202550600824      -0.78773519537539249     
   16.485058630564176      -0.72399768557012134     
   16.628325814931099      -0.72094298818403402     
   14.134454728209498      -0.64412626981639987     
   17.279550446985336      -0.72095569415292848     
   16.852731459499939       -1.3191939456898440     
   16.052554763192287      -0.76972626357623042     
   14.495675082721053      -0.83507027355095298     
   11.731977272468995      -0.87578446115150244     
   15.310682498730156       -1.2441816775741965     
   13.654618466507985      -0.75668725959010508     
   16.913064756187907      -0.94223401401909090     
   16.773681665892351       -1.0042782105862718     
   17.550303860044110      -0.82338151567319806     
   16.776991543505382      -0.89469823252575442     
   14.512536606397983      -0.79257354086309673     
   12.916603876355627      -0.84151668182846118     
   14.298959320882837      -0.68863745546091537     
   15.100293568813495      -0.82538675285418439     
   14.131398946448229      -0.93917926225034776     
   17.209820345867723      -0.65084394881787588     
   16.190502930761969      -0.74467447860039138     
   14.147552637650534      -0.70940515773788093     
   18.594802523092348      -0.70472826644112219     
   15.966113416778438      -0.73333295639717389     
   15.195045544449449      -0.73837808293245488     
   13.447453444782603      -0.79683809269532846     
   14.371113202965063      -0.80912614750143463     
   16.082042611544765      -0.86496552703478002     
   15.056059515895516       -1.1487508987526163     
   15.832009453088499      -0.70083174620784694     
   17.984168629186080      -0.96398935050134427     
   11.173090268882143      -0.67708932592077531     
   11.173090268882143      -0.67708932592077531     
   16.803768332627037      -0.84387592020694169     
   15.123726227553959      -0.79015759995271473     
   13.421039417546837      -0.81679205189163573     
   16.185623249970135      -0.76052930339334812     
   15.598056498098138      -0.82497908408351539     
   15.240046874671288      -0.78654955174327412     
   17.056352700367434      -0.89333757752558463     
   14.037192726144172      -0.83370187587206745     
   17.184270483223592      -0.68531331176593091     
   17.447565472830739      -0.85236485644137983     
   15.268229971952881      -0.80611171513425472     
   15.351442103268425       -1.1538003096701983     
   13.980816775829652      -0.77268810580589398     
   17.682069140734345      -0.80181723216237322     
   16.892395166681126       -1.0313076119882021     
   18.036602300635600      -0.84019220647580728     
   16.746495770009680      -0.68894061369004578     
   15.494813222516626      -0.75180172903157527     
   16.518389512640049      -0.77143973905507301     
   13.045074024489228      -0.89141940984821355     
   14.034082869717974      -0.76215617582771045     
   16.037449692855255      -0.70111258996237424     
   15.227189754214617      -0.76644167932439988     
   15.723360941649883      -0.76352585414728158     
   13.083598596868056      -0.70685251246842939     
   15.328879547267146      -0.77048967003943603     
   16.154980363591360      -0.81657803081179092     
   15.869209394358194      -0.71316355948564314     
   16.110030705571319      -0.75832671259323126     
   16.383222307911559      -0.92683673820167090     
   14.877032375264399      -0.82658180219428079     
   18.664567890371114      -0.87851230434631744     
   15.314027810556642      -0.80095278807836390     
   15.926484807621815      -0.71158679374363454     
   15.873848468226804      -0.83352529448735080     
   15.001014431194829      -0.91996763720975394     
   12.936054347844058       -1.1224269221014374     
   15.735784257144324      -0.70501914907510932     
   14.162395006515334      -0.90204442249804173     
   19.064970139393392      -0.94215745534672368     
   17.183158493757173      -0.78177051318498558     
   16.752963193476141      -0.84826740215615182     
   17.950050498936768      -0.77632291832223432     
   17.950050498936768      -0.77632291832223432     
   16.480645419118218       -1.1095704990686301     
   15.868897852706263      -0.81912826116482806     
   15.095622288349976      -0.85338353446111603     
   16.796854595558180      -0.80211537529234933     
   14.804923717862824      -0.78863371126979975     
   16.670082945484594      -0.83413174951477975     
   16.805782739417868      -0.76230466037541889     
   13.562492110127712      -0.94338730872749177     
   18.596341346485872       -1.1642907796882858     
   16.893288723101108      -0.90152803685674865     
   14.951442994630931       -1.0699484987192052     
   15.441693885290842      -0.70240762313167227     
   14.140202013469136      -0.85496352913594698     
   14.692890887634915      -0.82905120782339892     
   15.084657982470116       -1.0597724371188213     
   16.538404685534761      -0.78222107925829643     
   15.863339942208968      -0.96904245892246732     
   16.261425977905496      -0.77754201776672482     
   16.366290380239938      -0.80849943596829077     
   15.373122029434985      -0.88326054919533470     
   14.180818817353330      -0.73957806032102857     
   14.501119931804938      -0.88915860765705934     
   16.646963554907792      -0.82200973196344251     
   15.227796345355744      -0.84123562910627092     
   14.869801546264416      -0.79817929096671458     
   15.944134113932856      -0.80602506293994236     
   15.744148199918076      -0.80212861432684046     
   17.721984666307932      -0.75787373103741107     
   14.806868579507590       -1.4270481104738311     
   21.150580452197485      -0.70879999094870394     
   15.066824498330156      -0.78801547633412550     
   16.263742979612928      -0.80649711637877841     
   14.209561169801750      -0.95007462500198625     
   17.185035180922668      -0.88133369349910740     
   15.086170766736092      -0.86790778915644962     
   15.579630448539444       -1.0183986994057996     
   15.836481752910164      -0.84749816599107142     
   15.992042380295935      -0.83247149923973840     
   18.139137607153142      -0.79561546773732728     
   17.621805259761203      -0.87184489096130025     
   13.420963214194929      -0.81224199791983642     
   16.872138923294450      -0.84641062057032213     
   18.871991803957318      -0.78188824512966404     
   15.358281539016609      -0.79673922726591151     
   17.484988000746565      -0.73364614655175908     
   16.973875675041356      -0.78438582610819951     
   14.468674600361251      -0.85878926859418958     
   18.542291599303493      -0.75336034204192937     
   15.245962667611336       -1.0180480273444454     
   14.029057470026332      -0.82007620949055837     
   15.339320814755288      -0.80325665430933180     
   13.057332337252030      -0.87887142653936512     
   14.894675118126862      -0.77047587336189705     
   15.362012121029744      -0.83615939034738651     
   14.073017747351990      -0.79252260297727584     
   18.287896254621323      -0.79565774869505790     
   17.115524364069337       -1.1095823452329010     
   14.826364366223110      -0.73374402788391535     
   18.199234495189657      -0.77809728678811996     
   14.858877869168818      -0.96587273321025946     
   15.723647450859374      -0.82548388390881078     
   13.012091252887950       -1.0117728509082449     
   15.482234687713779      -0.83822777117578662     
   13.852512637953986      -0.90158791278037287     
   17.615818767728030       -1.1386874901946498     
   16.548202765358333       -1.3091453871320793     
   13.939150193404712      -0.73640288126406461     
   14.653230553873692      -0.86636717424472520     
   15.168863162829281       -1.0083728840143746     
   18.363454488810284      -0.86525357300325234     
   14.838941700958298      -0.77327146477238318     
   16.963223764967871      -0.87758505244866281     
   13.647169271017029      -0.91132209842743750     
   16.018799777719643       -1.0535388167925632     
   15.832818226595915      -0.84456981459373948     
   14.368418170368393      -0.82671231190984096     
   16.160416675653046      -0.81072636315507007     
   14.720000746296382      -0.81968488963367914     
   16.809675099112763      -0.83805585886742862     
   12.846285508542337      -0.82224941935730145     
   15.581805616285493      -0.91547233739783340     
   15.318043215447094      -0.86422856166985706     
   16.311676194987683      -0.85851741083907362     
   12.946393480066661      -0.84097896507203207     
   18.161644066930432      -0.82466976238067935     
   14.706128069256273      -0.76578305923661261     
   18.665898146464738       -1.0257384994628553     
   16.085988195006685      -0.93452764111504294     
   15.973770571729611      -0.88045801796366296     
   13.200722137210757      -0.86828445648063957     
   17.746752838293474      -0.88003201443621848     
   11.254349308901091      -0.89764573998928410     
   16.825688477031630      -0.87075912930157706     
   13.540870323704059      -0.82051358728124213     
   16.388705418468270      -0.91950468799609553     
   13.949297039806675      -0.83901021462833369     
   15.210476420492192      -0.82428976061330028     
   18.169680427502882      -0.77611979250983176     
   13.785719369701798      -0.87190756077957032     
   15.013739334075854      -0.84206813292085869     
   12.079771432150247      -0.84639773540808161     
   13.818449284284824      -0.87081394217847707     
   16.071897423153082       -1.1073738420092627     
   16.525576041512949      -0.85308974436896712     
   15.293440957031398      -0.89093839036845723     
   14.730164094591258      -0.91004426480000866     
   12.770917887815436       -1.0575560287482695     
   15.651393230718337      -0.87880680346592444     
   16.142906965627276       -1.0312110979901192     
   15.122657537940308      -0.84567479281868652     
   15.816701768439103      -0.77738185635962864     
   15.825650637866044      -0.93129177232429927     
   13.482016666610519       -1.0594132633809701     
   14.312803832633797      -0.94200691606888143     
   14.633151459797546      -0.76772612086061653     
   13.992814691326508      -0.91448213762678410     
   14.500908652992424      -0.86392270662218384     
   15.873060011343469      -0.79277813612099446     
   16.797449749666313       -1.1668131844818932     
   14.474996829271600      -0.85248883480523885     
   14.337993406116428       -1.1293001500410811     
   17.236501221167735      -0.98134242762609269     
   18.645768107588655      -0.94087559080616867     
   15.833344608304825       -1.0518326718898905     
   17.964426318468742      -0.88313013775026461     
   14.681465337281955       -1.1968705352236264     
   16.579162609825573      -0.79917181568809603     
   13.130558654410191      -0.84132140659354337     
   18.307127430491725      -0.97960685505729317     
   11.817347645539083      -0.84939285612129700     
   14.144078733941022      -0.97424518392493853     
   16.045115031859090      -0.94241871957101175     
   13.752411696679733      -0.87738012643188568     
   16.600553584661572      -0.78033432388579715     
   14.617981585090453      -0.85853212623648234     
   16.691938070809933       -1.4647961477914040     
   12.624476460231392      -0.84716877724537509     
   15.429414634139462      -0.88940752678001855     
   13.959535207523031      -0.85820979889990712     
   15.816978951973843      -0.93348237874757112     
   16.270515573109115      -0.89172448689945605     
   14.330064385703288      -0.87483282489550440     
   12.992773083627052       -1.0624954507723883     
   15.366777511577055      -0.90896667071821058     
   13.005173659381169      -0.91404206495323970     
   19.795060139979483       -1.0293656396835056     
   17.514833235713169      -0.95277092942396546     
   14.254129155326265       -1.1621259879718813     
   15.753213045658853       -1.1186165933370709     
   17.730621099325532       -1.0739200574042640     
   13.856236839645346      -0.86777998809816426     
   13.348760197328719      -0.89886747153912461     
   17.546969833481821      -0.84230796946741626     
   14.911684820751418      -0.93833017373599625     
   14.901328154656223      -0.90705672755727906     
   16.261533911909979      -0.88833095375329574     
   15.671263483661985       -1.0286976387625013     
   15.802211720538047      -0.88860914862599671     
   13.642387393647027      -0.92724634141618290     
   12.124425831035760       -1.0609985881280062     
   16.200045483732300       -1.4246599799886430     
   17.006297221734179      -0.91702280055321950     
   16.088430660497060      -0.84021953662773519     
   17.247867060180141      -0.95671759532507716     
   15.739909246215653       -1.2414423352513908     
   16.006901608367052       -1.0360421698737681     
   16.624322342958422      -0.99792142129434014     
   12.887941957073368       -1.0674325758956267     
   16.942884720094405       -1.1141825805995560     
   13.769652001760026      -0.81615587108153331     
   15.720040311530074       -1.1233872818834663     
   17.499718184767861      -0.91282951137699853     
   12.256328945376977      -0.93606949570192222     
   12.402101042377412      -0.92179375693551779     
   14.135698639196011      -0.93719586629580121     
   12.088274747668788      -0.96816783531781159     
   15.490879456773939      -0.97243115841058170     
   15.105374192420513      -0.95674844255700575     
   15.121808191652955      -0.88706670977423563     
   15.249880691821186      -0.92661832827797896     
   14.641564957986947       -1.0943880512793445     
   15.323090977201385      -0.92793898392867480     
   16.547817763917791      -0.91597811341799251     
   14.836508413449700      -0.97687690828387430     
   15.442286480289027      -0.92516839972318432     
   12.458094861498935      -0.97229015329917934     
   14.921345928553439       -1.2046470454543186     
   13.828121531056805      -0.84255350422100861     
   14.403073036219903      -0.94367979042667460     
   15.742759521411170      -0.92689676394160858     
   12.854820448204185      -0.94784422061372564     
   17.138802467704203      -0.85654705600763625     
   13.945776982296039      -0.91658582205704120     
   17.650470704844508       -1.3266908816009111     
   13.124397202851643      -0.92334051684318497     
   12.688871391932452      -0.84790133557949443     
   15.952394422709329      -0.95283643588927025     
   16.523950905767638      -0.85063737039524212     
   15.356233277595255      -0.95571435161268059     
   16.046503081956192       -1.0128294091051668     
   12.634951402709206      -0.93566929999729231     
   15.881253216060308      -0.94355473039871030     
   14.674693926845048      -0.94421887194792575     
   15.255431906918634      -0.93596343194038978     
   16.272441982825359       -1.3287229434682131     
   15.232116410260520      -0.98766898695812866     
   16.160746104557411       -1.4152345477312518     
   16.819315333045264       -1.0464824483701900     
   15.374155133380295      -0.88224803797103479     
   17.890596804676221       -1.0339553576973031     
   13.979694625195885      -0.97479140839694267     
   15.475694462568597       -1.3291764742934198     
   14.184492883070298       -1.1192203313384184     
   16.222591890994156       -1.0611081099552901     
   15.719213635360189      -0.98208888986356246     
   13.558255327249819       -1.0763305056790540     
   12.619255595112211      -0.98446719170601205     
   14.284790190231618       -1.5367254296407564     
   15.630792679262244      -0.99817754613522247     
   12.619585315602603       -1.5212302116335508     
   16.117402291462277       -1.0866490620791232     
   16.468409890307093      -0.99788075001343046     
   13.827542472141896       -1.0124216179581098     
   12.626453235664970       -1.1116117453432222     
   16.578298163534189       -1.0040620703126983     
   15.210220769582806       -1.0110401764745061     
   15.585429664665163      -0.99967035943235527     
   14.471174660800111       -1.0052460145062649     
   15.667037263393954       -1.0706655646494467     
   16.080047340308344      -0.91297940744340034     
   16.231695902426427       -1.1291795845445043     
   14.719164323039152       -1.1551526309395737     
   20.739889662024446       -1.0075686408962199     
   15.580969467693665       -1.0360067044292967     
   12.571897658991642       -1.4567970170779976     
   14.535393083282671       -1.1835681765377983     
   14.237459561359788       -1.0258395261272120     
   17.730168954093600       -1.0136148604598452     
   14.520212001628312       -1.3312487495904346     
   17.510041545313818       -1.4686942285895084     
   14.828378870317518       -1.0697763720426314     
   16.215497894355579       -1.0326286630502131     
   16.626070775857286      -0.93722246354399885     
   16.143266588494171       -1.0420184523101821     
   15.209335778676170       -1.2853029828382125     
   17.758684892672257       -1.2660413587951482     
   15.184795405289895       -1.0373696334549383     
   12.825007960379338       -1.0455901169030541     
   13.721650289158255       -1.6013888413395918     
   11.766156206364988       -1.5218562692993878     
   15.895908377790640       -1.0557820053526417     
