 0.000   0.600  -4.8585343D+00  -4.1720100D-16  -4.1720100D-16     2   1  -3.3673729D+01  -1.1411638D+01  -1.5038446D+01   9.5937263D+00   3.4252385D+00   3.7242225D+00
 0.000   0.800   0.0000000D+00   0.0000000D+00   0.0000000D+00     0   2   0.0000000D+00   0.0000000D+00   0.0000000D+00   0.0000000D+00   0.0000000D+00   2.4703282-323
 0.000   1.000   0.0000000D+00   0.0000000D+00   0.0000000D+00     0   3   0.0000000D+00   0.0000000D+00   0.0000000D+00   0.0000000D+00   0.0000000D+00   2.4703282-323
 0.000   1.200  -4.5575043D+00   1.4269901D+01             NaN     4   4  -5.6696103D+01  -2.0611552D+01  -1.5349963D+00   1.4528361D+01   3.4824634D+01   4.1656068D+00
 0.000   1.400  -4.3144662D+00   4.3628295D-16   4.3628295D-16     7   5  -3.1186308D+01  -3.1899503D+01  -8.5072934D+00   2.7362852D+01   1.9794944D+01   1.6301072D+01
 0.000   1.600  -4.3144662D+00   4.3628295D-16   4.3628295D-16     7   6  -6.8736083D+00  -2.9545380D+01  -1.2464735D+01   3.2473850D+01   2.2273023D+01   2.3528881D+01
 0.000   1.800  -4.3144662D+00   4.3628295D-16   4.3628295D-16     7   7  -1.6164933D+01  -4.8517755D+00  -1.6869170D+00   2.8571317D+01   1.4790250D+01   1.6013241D+01
 0.000   2.000  -4.1181716D+00   2.0816682D-16   2.0816682D-16    11   8  -3.6738493D-01  -2.0483423D+01  -9.1187857D+00   4.2422619D+01   2.9467660D+01   2.6080393D+01
 0.000   2.200  -3.9834730D+00  -2.1033522D-17  -2.1033522D-17    15   9  -8.6973835D+00  -2.6384004D+01   3.1337251D+00   3.2518959D+01   1.6798369D+01   2.2883318D+01
 0.000   2.400  -3.9554443D+00  -1.4810202D-16  -1.4810202D-16    16  10  -2.2959684D+01  -1.7849600D+01  -1.6297447D+01   3.4259757D+01   2.6001459D+01   2.0555452D+01
 0.000   2.600  -4.0134363D+00   3.7773604D-16   3.7773604D-16    14  11  -2.3746601D+00  -2.3049780D+01  -1.1087431D+01   2.9531726D+01   2.5720395D+01   1.5810196D+01
 0.000   2.800  -3.7978365D+00  -9.8879238D-17  -9.8879238D-17    23  12  -7.4963217D+00  -2.4936321D+01  -1.4715367D+01   3.7593766D+01   2.5866572D+01   2.0679149D+01
 0.000   3.000  -3.6682026D+00   1.2576745D-16   1.2576745D-16    31  13  -8.0056611D+00  -1.4934903D+01   2.2403916D+00   3.9629114D+01   2.1363375D+01   2.2919215D+01
 0.000   3.200  -3.7978365D+00  -9.8879238D-17  -9.8879238D-17    23  14  -5.6613097D+00  -3.1335448D+01  -1.2915162D+01   3.4243743D+01   2.1066772D+01   2.6881853D+01
 0.000   3.400  -3.4271705D+00  -2.2768246D-17  -2.2768246D-17    54  15  -9.9842740D+00  -2.5853557D+01  -9.2339355D+00   3.0168937D+01   2.4022482D+01   1.7690278D+01
 0.000   3.600  -3.4113763D+00  -1.8279649D-16  -1.8279649D-16    56  16  -9.4340546D+00  -2.6145456D+01  -7.9227600D+00   3.6367090D+01   2.8043844D+01   2.0164882D+01
 0.000   3.800  -3.2787507D+00   6.8521577D-17   6.8521577D-17    76  17  -1.4173388D+01  -2.0790118D+01  -5.4485992D+00   3.1455862D+01   2.7058085D+01   1.8754467D+01
 0.000   4.000  -3.1383750D+00  -1.4636729D-16  -1.4636729D-16   105  18  -1.6127098D+01  -2.5144884D+01  -1.1104592D+01   3.3192093D+01   2.2280555D+01   1.8660823D+01
 0.000   4.200  -3.2564743D+00  -8.9771940D-17  -8.9771940D-17    80  19  -1.1878175D+01  -2.3949760D+01  -8.8488928D+00   3.1461799D+01   3.0972597D+01   1.8994966D+01
 0.000   4.400  -4.2053218D+00             NaN   3.7231515D+00     9  20   1.0055626D+00  -2.1404166D+01  -4.6240235D+00   3.1648499D+01   2.2672235D+01   2.8133861D+01
 0.000   4.600  -4.8585343D+00  -4.1720100D-16  -4.1720100D-16     2  21  -2.0324551D+01  -9.4007697D+01  -5.3690803D+00   1.8450157D+01   4.2823321D+01   1.7950744D+01
 0.000   4.800   0.0000000D+00   0.0000000D+00   0.0000000D+00     0  22   0.0000000D+00   0.0000000D+00   0.0000000D+00   0.0000000D+00   0.0000000D+00   0.0000000D+00
 0.000   5.000   0.0000000D+00   0.0000000D+00   0.0000000D+00     0  23   0.0000000D+00   0.0000000D+00   0.0000000D+00   0.0000000D+00   0.0000000D+00   0.0000000D+00
 0.000   5.200   0.0000000D+00   0.0000000D+00   0.0000000D+00     0  24   0.0000000D+00   0.0000000D+00   0.0000000D+00   0.0000000D+00   0.0000000D+00   0.0000000D+00
 0.000   5.400   0.0000000D+00   0.0000000D+00   0.0000000D+00     0  25   0.0000000D+00   0.0000000D+00   0.0000000D+00   0.0000000D+00   0.0000000D+00   0.0000000D+00
 0.000   5.600   0.0000000D+00   0.0000000D+00   0.0000000D+00     0  26   0.0000000D+00   0.0000000D+00   0.0000000D+00   0.0000000D+00   0.0000000D+00   0.0000000D+00
 0.000   5.800   0.0000000D+00   0.0000000D+00   0.0000000D+00     0  27   0.0000000D+00   0.0000000D+00   0.0000000D+00   0.0000000D+00   0.0000000D+00   0.0000000D+00
 0.000   6.000   0.0000000D+00   0.0000000D+00   0.0000000D+00     0  28   0.0000000D+00   0.0000000D+00   0.0000000D+00   0.0000000D+00   0.0000000D+00   0.0000000D+00
 0.000   6.200   0.0000000D+00   0.0000000D+00   0.0000000D+00     0  29   0.0000000D+00   0.0000000D+00   0.0000000D+00   0.0000000D+00   0.0000000D+00   0.0000000D+00
 0.000   6.400   0.0000000D+00   0.0000000D+00   0.0000000D+00     0  30   0.0000000D+00   0.0000000D+00   0.0000000D+00   0.0000000D+00   0.0000000D+00   0.0000000D+00
