  0.59999999999999998        0.0000000000000000                0
  0.80000000000000004       0.93414030191693442                2
   1.0000000000000000        1.0005395454555430                3
   1.2000000000000000       0.89541338794900882               15
   1.3999999999999999       0.91653563374728075               27
   1.6000000000000001       0.83519808313892496               37
   1.8000000000000000       0.82537427583158551               37
   2.0000000000000000       0.86583800499787045               69
   2.2000000000000002       0.86887315313176638               90
   2.3999999999999999       0.84900383084284381               79
   2.6000000000000001       0.74842331344266633               56
   2.7999999999999998       0.75485027048490672               79
   3.0000000000000000       0.73580275810755225              123
   3.2000000000000002       0.75658362884414354              148
   3.3999999999999999       0.73478741794649949              179
   3.6000000000000001       0.74200047398196867              205
   3.7999999999999998       0.69506127503411941              241
   4.0000000000000000       0.67252620403550745              130
   4.2000000000000002       0.76247027956789015               41
   4.4000000000000004        1.0580763889594174               15
   4.5999999999999996        1.1932870737048602                8
   4.7999999999999998        1.2112783636303850                1
   5.0000000000000000        0.0000000000000000                0
   5.2000000000000002        1.1645670548205189                1
   5.4000000000000004        0.0000000000000000                0
   5.5999999999999996        0.0000000000000000                0
   5.7999999999999998        0.0000000000000000                0
   6.0000000000000000        0.0000000000000000                0
   6.2000000000000002        0.0000000000000000                0
   6.4000000000000004        0.0000000000000000                0
