  0.12500000186264515        0.0000000000000000     
  0.17500000260770321        0.0000000000000000     
  0.22500000335276127        0.0000000000000000     
  0.27500000409781933        0.0000000000000000     
  0.32500000484287739        0.0000000000000000     
  0.37500000558793545        0.0000000000000000     
  0.42500000633299351        0.0000000000000000     
  0.47500000707805157        0.0000000000000000     
  0.52500000782310963       0.10165484633569739     
  0.57500000856816769       0.27344365642237983     
  0.62500000931322575       0.18177042290517467     
  0.67500001005828381       0.10848437089571841     
  0.72500001080334187        6.9608615707906482E-002
  0.77500001154839993        5.3060152350932491E-002
  0.82500001229345798        3.8350407144733388E-002
  0.87500001303851604        3.0995534541633833E-002
  0.92500001378357410        3.2571578670869454E-002
  0.97500001452863216        2.3640661938534278E-002
   1.0250000152736902        2.2589965852377200E-002
   1.0750000160187483        1.5497767270816917E-002
   1.1250000167638063        1.1820330969267139E-002
   1.1750000175088644        1.3396375098502758E-002
   1.2250000182539225        1.0506960861570791E-002
   1.2750000189989805        5.2534804307853957E-003
   1.3250000197440386        3.4147622800105070E-003
   1.3750000204890966        3.9401103230890461E-003
