   12.676688827119985        3.6631088084283572E-002
   15.081184055757232        3.2240151464071921E-002
   15.623579663659099        2.2880482980121367E-002
   12.446757615663149        3.5320554791555790E-002
   12.035624786201833        2.7203233694517992E-002
   14.943217662298535        2.4744022216036270E-002
   15.042920065585738        2.3495678843191571E-002
   13.335165907099592        2.5230656860129454E-002
   13.442969601121293        3.3774070338393886E-002
   15.026423781070584        2.1497283065413816E-002
   15.408419549320371        3.9645452990119151E-002
   14.300708698742415        2.7891304083144278E-002
   14.942192001467010        3.9783128878726350E-002
   14.957268896618576        2.3720896430123435E-002
   14.950936015296163        3.9097292158500684E-002
   14.896004404872475        2.5896831649650249E-002
   14.926483180841270        1.5158691311741988E-002
   14.925905772690864        2.0993402033527973E-002
   25.254169316209342        9.2302464890338543E-003
   14.779232300544258        3.6276195045001416E-002
   14.827285395921047        2.6415251140705948E-002
   17.290706532098447        1.9025839478267022E-002
   15.268919978897198        2.1003559467231966E-002
   14.173649563358246        3.5954636320793140E-002
   13.274866970004821        3.2553798058942644E-002
   14.906499883532810        3.0078447660264671E-002
   14.904738964838643        3.6413580164798794E-002
   14.828089446993383        2.9054466525060881E-002
   12.512237540967954        3.9827756942649055E-002
   14.876776288147374        3.8436025429348805E-002
   14.801164801875743        3.9337864210946781E-002
   14.757519327589634        3.0165648415796765E-002
   15.954940011283885        2.6459729597563857E-002
   14.873541339481569        3.9693028471291018E-002
   14.808911794532255        3.9138366872894868E-002
   14.935088020467667        2.7541852171375735E-002
   14.703760021068319        3.6492783536892323E-002
   13.817769279145372        3.8554423902803461E-002
   14.857494072133269        2.1061163767696886E-002
   14.650398435801447        9.2896919828868735E-003
   15.060489729695426        3.4912552348044718E-002
   14.417600494387290        3.8428089752387248E-002
   14.080139374021103        1.9413687223275022E-002
   12.848617252795767        9.9232892084939982E-003
   13.395857614654991        1.9268923631425940E-002
   14.690031318396290        3.3919329574242991E-002
   14.813477876454822        3.0780111656440529E-002
   14.816600667572107        3.1475015459215834E-002
   10.892965325183722        3.4599401892495212E-002
   14.791934259441728        3.4577391775957089E-002
   14.773741088352267        2.6350638947985033E-002
   14.586474000814873        1.2083775915331878E-002
   14.673030488119512        3.4032799895373174E-002
   7.7737148822497613        1.3131048235954563E-002
   15.157573409106153        1.3397121828534005E-002
   15.371562227503807        2.9572255944738748E-002
   14.794277042684866        1.7259678160549335E-002
   12.546981606119862        3.7829972867040235E-002
   14.726885451995917        2.5253559044269125E-002
   14.928959703720034        3.3570303182112099E-002
   15.577346244932418        2.2274776515611047E-002
   14.529552192539256        3.9487194125001866E-002
   14.717055543146166        2.3083836196206360E-002
   14.542647858108110        2.7152666012351809E-002
   14.757214539103757        1.9570046500976605E-002
   22.810337198951029        3.5298410052474458E-002
   11.626113102302785        3.2909107327753699E-002
   14.760687167823750        2.5626515787395818E-002
   14.526171990816483        3.1657780819122378E-002
   11.528659417949086        3.4051653391984162E-002
   15.260862858945199        3.0440766899962505E-002
   11.809704668528177        3.8063899166933403E-002
   14.494448785345357        3.9548319417957625E-002
   14.561139053222046        3.0411488061942351E-002
   14.497599956007013        3.1949982983053279E-002
   15.593322335258103        2.7324105591657506E-002
   13.293247355095167        3.5206886350986594E-002
   14.628595025031347        2.4259741625543424E-002
   14.500009386226372        2.0053678214683256E-002
   14.141796496474550        2.5237414953295761E-002
   14.739871280634819        1.6331836635376327E-002
   14.680104300941183        2.6831596678484015E-002
   14.744545718460113        2.1233381388464787E-002
   11.341246203345154        3.6891690220040810E-002
   13.641862760915615        3.3834445799943741E-002
   12.221131777319531        2.6227417316751218E-002
   14.694850645279658        9.5973368826024613E-003
   13.905689721986187        3.6863852663602009E-002
   14.250531297190344        3.2029122987617904E-002
   11.950522094805548        2.8669769356322577E-002
   14.697809727657660        2.8081998991844832E-002
   13.004070622279887        3.0544715289894046E-002
   14.363772738112678        3.1380630698506329E-002
   16.733600481669168        2.2061835765210095E-002
   14.612506356229222        3.2115967778413433E-002
   14.630044326941356        3.2992787165338482E-002
   15.818601205557144        3.0778285013826828E-002
   14.635006362765912        1.6724638182401743E-002
   10.153006477095516        2.0219075764850162E-002
   14.682879125825931        3.4367263576237830E-002
   14.678950258915046        3.4887135464942660E-002
   15.945559584354074        3.2413518678725543E-002
   14.523636848220956        4.6383486327968284E-003
   14.589880912321044        3.8126409498394742E-002
   14.628430518343944        3.3996395879920469E-002
   14.505120679019424        3.8836835593178645E-002
   13.050028073655962        3.6947269729048382E-002
   14.654080317485386        3.1424448905230391E-002
   14.659967913825479        3.9121475179192025E-002
   14.425187816390592        3.3739697140359605E-002
   14.712494842385851        3.5366446605758800E-002
   14.462464618726447        2.8719077693548225E-002
   13.908047515345958        3.1430227304840866E-002
   11.880077706851964        3.5938617036566672E-002
   17.222373135392413        2.1929389655009391E-002
   12.129946374851913        3.6553691504362745E-002
   12.029050097046314        3.0080916724782403E-002
   14.394888200278064        3.2185713154271989E-002
   14.637725883876319        3.0276236309437318E-002
   14.637934135795005        1.9613231306652604E-002
   14.118223573533953        1.9403174061897857E-002
   15.893216456102870        2.8204426833568160E-002
   11.573048193832307        3.8019343367733008E-002
   14.491946258732737        2.9610296774829219E-002
   14.627038236927500        3.9744672456471210E-002
   13.791543717795529        3.2026501702308245E-002
   14.323983391684175        3.2068753693021583E-002
   14.645170269656973        2.7775796040310538E-002
   14.528067793525640        1.4505955839457761E-002
   13.067728663303809        2.9463964501852472E-002
   14.244485600929293        3.4789228946894561E-002
   12.563679553126953        3.0616086617317871E-002
   13.776856535224058        3.3684162707765655E-002
   14.383366080038353        2.1177034983839240E-002
   14.529548080917023        1.0066878435237949E-002
   14.801676014675962        3.0133757462574660E-002
   14.543343103373513        2.4404018363186730E-002
   14.563027238759574        2.8157735843348360E-002
   13.063192114719829        2.8836461046126333E-002
   14.572682365807481        3.7998493191386831E-002
   14.602071264744019        3.8617863551698793E-002
   14.598502725405517        3.0306118997261693E-002
   14.442551758745017        3.6364124008557916E-002
   14.510205059404127        3.6658613682734799E-002
   14.394710848801886        3.7264364917613729E-002
   14.589524970827888        2.3889430976375543E-002
   8.9683107382270659        2.8309533347400096E-002
   14.321265726006200        1.5292061260794075E-002
   14.227082711401103        3.7108542523674827E-002
   14.345606448987178        3.1405101505813729E-002
   13.885259768950615        3.1006723370802628E-002
   14.513266100112496        3.4675081050838642E-002
   14.581208373502555        3.8630022417282889E-002
   13.510290073489415        3.9446686954469429E-002
   14.415900481494008        3.7649039407786092E-002
   14.372186417040567        2.4054401924901613E-002
   14.485236448306653        2.7510944568317479E-002
   14.409506727663473        3.2503570831770308E-002
   14.569705396057813        1.9668176831542497E-002
   14.261782744071809        3.8141873975568084E-002
   14.391174510835185        3.7583949034140141E-002
   14.539471653815554        3.2602430090911169E-002
   14.372659872792152        3.2911037992275141E-002
   14.536915119328066        3.5189362284060090E-002
   14.054319645698557        3.4807319019944820E-002
   14.409937281996827        3.1776567737264429E-002
   13.979745530458926        3.5579448768779005E-002
   11.751049837186375        3.8723411418894654E-002
   14.298100405841769        3.6483651849493225E-002
   14.038806322142456        3.9205062333364210E-002
   13.712690784693798        3.4138106786303551E-002
   14.465333897310476        2.2961921970517551E-002
   14.289972410097251        3.0069370572957825E-002
   14.451420537196908        2.2048287493954998E-002
   14.145692429307726        3.3203567378613491E-002
   14.479189913808248        3.2251392656812664E-002
   13.536906255447697        3.4075708400602540E-002
   13.753592967586091        3.7498505475980964E-002
   14.229407725547256        2.2198857060083892E-002
   14.531863940537601        3.1081226057061030E-002
   14.527656594733594        3.1829392529204505E-002
   14.282163601793130        2.1020034822493889E-002
   12.811056051280953        1.9228883712254126E-002
   13.988126675866974        2.9071362554057817E-002
   14.514609591103572        3.7184399029317715E-002
   14.515465093946856        1.8616092316138998E-002
   14.259852922225443        1.9656749890075431E-002
   10.212408579006752        2.6756470398284177E-002
   13.846874927140151        3.6168401403365746E-002
   14.309610040005008        3.2312690081811465E-002
   14.181190361673739        3.7402086525074436E-002
   12.525832576112700        3.2553877016376950E-002
   8.7145329574408521        3.3685229470063943E-002
   14.248831185730177        3.0831379653981212E-002
   14.418317606254494        2.9513876139228262E-002
   14.107571780824518        3.4377632338441912E-002
   17.030772419273944        3.8950693457314459E-002
   13.997429121483052        2.2621268662845414E-002
   13.390963342056036        1.8409670939725852E-002
   14.240419988059752        3.1283582147764680E-002
   14.393185170943928        3.2074652035451283E-002
   14.469148849811750        2.3205802300029645E-002
   14.283985973520187        3.1713399098770766E-002
   13.683988015493345        3.7298153468847253E-002
   13.243541499911361        2.8951804572944648E-002
   14.319171411991739        1.1011299896842408E-002
   14.382864936944362        3.2910850173468849E-002
   14.389809823293378        2.3685460087838325E-002
   14.301566132311910        1.0361981165289065E-002
   14.403654995346116        2.1155184245625840E-002
   14.065700445425790        3.8712352171825087E-002
   14.097451516205936        3.7662452069778037E-002
   14.138374548451178        3.7780292073995553E-002
   14.375995839746411        3.4443177359620526E-002
   13.810804803364961        2.6844906518647804E-002
   14.466878945948284        2.8282372108161122E-002
   13.565771231193860        3.5381896801929005E-002
   14.325046934652951        2.8309585107382899E-002
   13.876539894956021        3.8053171244210635E-002
   14.289698501361851        3.8042523842958698E-002
   13.910983624036236        3.3198063856416819E-002
   14.149336301108244        2.9753877735841257E-002
   13.969822943596679        2.9912117836925888E-002
   14.297329260382813        2.2039297526094459E-002
   14.004160524239058        3.8062520094697197E-002
   14.030340205861174        3.0849231824914423E-002
   14.012590751217074        2.6934962284322943E-002
   14.154957795615577        2.3858422783915995E-002
   14.136208463347250        1.3999969578755999E-002
   13.893282786336243        3.8616297913902135E-002
   14.178486295421527        3.4924225529566692E-002
   14.338289837573976        2.6577645628374669E-002
   14.422703864039502        3.3127483915945423E-002
   14.404118700568333        2.9312322946452432E-002
   13.506019067784340        3.5713794888675432E-002
   13.534553018078167        3.1755987069685916E-002
   14.405631540293401        1.8709958613925628E-002
   14.269827969358857        1.1083965350330634E-002
   14.149703736367181        3.9007953718714433E-002
   14.416149373259600        2.6734908576074121E-002
   13.164114389323560        3.4734501702397620E-002
   14.352917039670746        2.1937797491635880E-002
   14.310617110954526        2.3742022923367734E-002
   14.068423658500738        8.8996430802725859E-003
   14.013831094740137        3.3512918310543587E-002
   14.005008583935570        3.3886612148613299E-002
   17.035749234133512        3.9629693714914524E-002
   11.312015940201359        3.9438677402653402E-002
   14.400025109746993        3.1382188090995099E-002
   12.560703786045949        2.2779946292534735E-002
   13.604659590946776        1.9062571025894572E-002
   14.328645265988625        3.9151684903733441E-002
   14.319650749659852        1.6411798938855904E-002
   14.187676220225073        3.3193890298397845E-002
   14.113450592952226        3.0222891097327304E-002
   14.219288345356631        3.1824355423207343E-002
   14.223238865999004        3.2319370846076306E-002
   14.215570203235337        3.1811207388625702E-002
   19.754626359574360        3.1634157377510935E-002
   13.969003222952521        3.0016006623758841E-002
   11.393742274342740        3.9813995394482292E-002
   14.383757942062257        2.9272214189933466E-002
   13.895293949333251        1.3390199440395555E-002
   14.335037391940109        1.6106561506067468E-002
   21.547174055916919        2.6491445435576615E-002
   13.053599453655403        3.8680516181089385E-002
   13.887839175402361        3.4667101203961916E-002
   14.353055841627793        1.6482552982455739E-002
   13.972578249988967        3.1056588999614540E-002
   13.636863563923047        3.0813219456837012E-002
   14.142958181137345        3.4793312130801009E-002
   14.303673744630323        3.3867865117952714E-002
   13.932538957621793        3.8584407131261003E-002
   14.337680046301188        3.8239559470788796E-002
   14.138301274874109        3.4571939304104911E-002
   13.805901035106700        3.7974408429389539E-002
   21.112229488556469        2.3032042696678197E-002
   14.309532427943111        3.1036973978158071E-002
   13.989944131358055        2.5752671975904907E-002
   14.188951678738549        3.9427779647325155E-002
   14.332848116749922        2.1132230385363673E-002
   13.817729483184886        1.5990454200583430E-002
   13.986416919083402        2.9759011445315661E-002
   15.279077863670683        3.4390408718885157E-002
   13.822834833823650        3.2007480198392162E-002
   13.288585723642061        3.6792969287144851E-002
   14.150297295129787        5.9756368873048662E-003
   14.313381894390126        3.5187467334298742E-002
   14.348104469439336        3.9511299915141539E-002
   13.801244886247003        2.5675793604970014E-002
   14.089061005697761        3.7331302748357310E-002
   14.122235487157356        3.4948760793350499E-002
   14.342139186516038        2.5800851300248541E-002
   14.097553999318066        3.3460311193188097E-002
   15.809234692648570        8.5721648627875222E-003
   14.312970222255480        3.8310391540366487E-002
   13.757782886731702        1.8423201920431974E-002
   14.280877512447638        3.7358005771121756E-002
   13.634084950256515        3.7075556025212023E-002
   13.509500777192811        2.0244719666906136E-002
   13.898384832034726        3.8908616217577845E-002
   14.233825812541580        2.8190651195943849E-002
   14.143426672555307        3.4907859372639266E-002
   13.714624230107818        3.5170645235919805E-002
   13.931391297739353        3.3307392242056678E-002
   14.037278205609082        3.6179004937376046E-002
   13.602713275953425        3.7782188561130983E-002
   15.034442812374898        1.5696082564834790E-002
   14.236250819648621        3.8532727825183459E-002
   14.288295762674458        2.7434787264191258E-002
   13.572692183040456        2.4601244456294104E-002
   14.259806421727351        3.4939653112687298E-002
   13.677391149752745        2.0301797977738609E-002
   14.243518698806842        3.2417041202776116E-002
   13.967853131654900        3.7469593396872738E-002
   13.791312388946450        3.2595841618772541E-002
   13.858663739603788        3.9475664306326784E-002
   13.742507366264656        3.2528851124198628E-002
   8.8067755188515289        3.7251285663177078E-002
   13.887357340720733        3.4855779991533109E-002
   14.031310263586471        9.1914188716913196E-003
   13.871459922187379        3.8309413826112422E-002
   13.969740788553256        3.1626068022061193E-002
   12.125108043526845        2.2590536664345524E-002
   14.010521147602990        3.7900546725778653E-002
   18.189109522968430        3.7022029272085075E-002
   14.169848165997557        2.1503742067593392E-002
   14.930246528418275        1.4561671830981669E-002
   13.977701723890412        2.4625424307113092E-002
   14.257569005597054        2.1733630749975818E-002
   14.258084319603004        2.3086992999615055E-002
   13.801457107688298        3.2846316336472503E-002
   13.903041621934571        1.7111594335302172E-002
   14.165119241037148        3.0444422021964325E-002
   12.554155929722342        3.1378961116736007E-002
   12.032320662973508        1.6516540962354689E-002
   14.177137527023032        3.8159515750440340E-002
   14.088984201815828        2.6046505414256592E-002
   13.268205854797934        2.8064799650026107E-002
   14.166297944623389        1.2234895222384679E-002
   14.072290374560369        3.7877476634603724E-002
   13.287891534436781        2.5727958307098630E-002
   13.972953518294805        3.7097612654242378E-002
   13.913721793888334        2.2296118592544750E-002
   12.034339206072726        3.9897621735818581E-002
   13.932435384752631        2.8406174159625753E-002
   14.250570150172763        3.8126079647676010E-002
   14.225373401203083        3.9514939191960335E-002
   13.117389512205335        1.5495456022731753E-002
   13.230561825083253        3.4905039415864952E-002
   13.662016974240899        7.6002768648888814E-003
   9.2018580662952374        3.8718881062235810E-002
   14.140159023921370        1.4579616108062823E-002
   14.132985406371276        2.6210939209751673E-002
   15.233090181189912        3.1798399988495991E-002
   13.920478723542516        3.1450585483052941E-002
   15.811665670784929        2.6679278947559868E-002
   14.235551092053189        3.6461861207820558E-002
   14.234405593320728        2.4572092031988284E-002
   14.058214845092207        3.9812578537730826E-002
   13.921191485027419        9.1770670008242058E-003
   14.135371698825223        3.6561027179999754E-002
   14.223663679929631        3.2580520378011631E-002
   12.669184289463345        3.1918543673120192E-002
   13.991423203263345        3.7506605836833622E-002
   14.143369531678333        3.5403854170100342E-002
   13.905487701003761        3.6577969924051150E-002
   14.018619436273138        3.6895612453961522E-002
   13.909043013041906        3.3342303952953962E-002
   13.765847964518894        3.9074133209319087E-002
   9.7678748235712973        3.7609755979184575E-002
   13.591924008079067        3.6994937763704390E-002
   14.190735890256608        3.3500710349548976E-002
   14.186298752547735        3.0684325152230060E-002
   11.262784166535916        3.7954649048538923E-002
   14.123131611411130        3.0303388718849539E-002
   14.122293461728441        3.6914402109197782E-002
   14.166910892338384        3.0839761022071231E-002
   14.114066485588889        3.8753562649868782E-002
   14.054720596298584        2.8791466532637297E-002
   13.946543350719137        2.7932710772147047E-002
   14.084286168716496        2.8825367087142881E-002
   14.199654787658249        3.4639618914342467E-002
   13.568679255293000        2.0436087870899761E-002
   14.175711374741967        3.1263571861132239E-002
   14.128534402794118        3.6003903706909243E-002
   13.653298894668199        3.4121509140710243E-002
   14.192843617206790        3.6433739141978526E-002
   14.089781694884760        1.5786197856052946E-002
   13.608723763456712        2.0501085132780348E-002
   14.180117480950596        3.7501298092342518E-002
   14.184297786274703        1.4858142934385945E-002
   17.864329413885152        3.0374920251690512E-002
   14.166220363491002        3.8088123036222860E-002
   13.130616733221375        2.1113004116837735E-002
   13.704593338535609        3.3079929325658966E-002
   13.672826819061497        2.5385024837254074E-002
   14.141150374598583        3.6268036547813520E-002
   14.151277268866895        2.0205367158551205E-002
   13.177903839252199        3.2405193202259007E-002
   14.053184147675474        1.9857673110013359E-002
   14.148484354107234        3.3791185327903601E-002
   13.194921728575919        3.3269309294395664E-002
   13.960626645753917        2.7208536385206553E-002
   13.570422296043072        3.8144521671975982E-002
   14.168577803334115        1.8991716655542452E-002
   14.167793840725301        3.9032616379957745E-002
   9.4358509425068551        3.5562495516334940E-002
   14.018035528281901        1.7698836722133893E-002
   14.119581266495585        2.3521604977110252E-002
   14.026412097921785        2.9788500593231820E-002
   14.034419509640150        7.6629191385638546E-003
   14.163949974431421        3.9205376039296545E-002
   11.792322076483583        3.9615557912600324E-002
   13.669716968870169        2.6616943424690055E-002
   14.030301557257015        2.9985383456374533E-002
   14.148801004105451        2.5729550292910911E-002
   13.740299051731036        2.7067725417175399E-002
   12.925034018949477        3.2475840078302655E-002
   13.387003202851790        1.4951905469965797E-002
   18.795918879923448        3.0077930764079854E-002
   15.649301642906295        3.3350062536589911E-002
   13.901268818464430        3.0963175810328019E-002
   14.804631490133259        3.1640733113267962E-002
   13.643153608922896        1.7573965584416339E-002
   14.141491538319483        3.6007993219957513E-002
   14.032800263668218        3.4432230963604621E-002
   13.075526883807289        3.5035802482594865E-002
   13.671481413878482        3.1219881577208196E-002
   10.053779450914858        3.5958197330584953E-002
   14.052789338007535        9.6326910100797275E-003
   16.151411448634569        3.4879414057879969E-002
   13.930309616539512        3.9201366242155006E-002
   14.138977222506940        4.7253351548505150E-003
   13.564948301150396        3.2731613002076311E-002
   14.142618223553036        2.3835548962333062E-002
   14.126655118938954        2.4358152423156282E-002
   13.136996741447510        3.0801274604315646E-002
   14.142228343068263        3.1076454999003467E-002
   14.133473434320701        1.8380080911386786E-002
   14.065194965634403        3.2081099916901966E-002
   13.582972812657216        3.7242029517848670E-002
   12.961521457986748        2.6052703923536424E-002
   14.097014100671133        3.1858982181767290E-002
   15.239472349023846        2.5818046265595373E-002
   13.268451148293483        3.8855482691652239E-002
   14.131462325247274        1.8076090616044663E-002
   14.108076401529747        3.2656485789997754E-002
   14.126269174266827        3.8691659906537661E-002
   13.402052677425564        2.8215810245818960E-002
   13.273532903952763        3.5023044385539825E-002
   14.084829410309947        3.0820819176992895E-002
   14.116181731417051        3.4086723190360900E-002
   13.370398973054233        2.1536739602604271E-002
   14.061448234456456        3.7037039084609764E-002
   13.507649935133385        2.2573830812566999E-002
   13.964293627461879        2.4713508989498149E-002
   13.378166792439611        2.8162482127749616E-002
   13.968185869463980        1.7118778549406778E-002
   13.982034923413980        2.7829565292154003E-002
   14.112642001194516        1.1418602113847477E-002
   13.435712678041234        2.5151710847658777E-002
   13.356608065571587        3.9010866762178083E-002
   13.496819010324696        2.3696749882120737E-002
   13.507225246185094        2.3483607802037350E-002
   13.324340894995323        2.4131676341015543E-002
   14.008478468406699        2.9791918505977715E-002
   14.064278711113676        2.5115784869519389E-002
   13.272194157627194        3.1102248881832814E-002
   13.786408858287597        3.0120777289518473E-002
   14.094441985194175        2.7314022092447515E-002
   13.968109633181822        2.5372724173179116E-002
   12.975773211393804        3.0080721667237104E-002
   12.537931670095345        3.8596705580971301E-002
   13.982255325549060        3.9175227530363642E-002
   14.047175111468141        3.0096252419753548E-002
   14.084549883925568        2.3956412797375197E-002
   13.988230945791988        3.9622632820593390E-002
   14.080020913391134        3.8380089856084168E-002
   16.875043971626614        2.7336786789438763E-002
   12.597234670195402        2.6032126568702723E-002
   13.332850375083144        2.8293155682393854E-002
   13.765622637097362        2.8358727038840709E-002
   13.919546676582410        3.1536540651924419E-002
   13.212243520063645        3.8845469868330880E-002
   13.620836156053372        2.9585204136769586E-002
   7.5174778861501368        2.1515142595773518E-002
   13.226187155620021        3.1904250347335600E-002
   14.006065041097157        3.6076777150768347E-002
   14.006249899255348        2.1439950389805333E-002
   14.056385762236687        3.8217335492195678E-002
   13.300782547239189        3.8267736235521009E-002
   13.943478088021383        3.8570190483680565E-002
   12.839230384261207        3.5597472307072352E-002
   13.680766913329425        2.9562135823031702E-002
   14.054860997914027        2.7826890754640173E-002
   15.509279770113444        1.5195811310931040E-002
   12.995292964201331        2.6758669377940067E-002
   13.989386393010991        2.5764813827368244E-002
   14.034868663726366        2.2104201932389891E-002
   13.467072925961988        3.2245255568782778E-002
   13.117580768683421        3.9529041850335608E-002
   13.608994574879294        3.4124449975525675E-002
   13.412561733190042        2.0542694071056453E-002
   13.046539209821791        3.7367716042451177E-002
   12.687874114006693        3.2450831301775340E-002
   13.545069055633260        2.4301265741013899E-002
   14.034672292469674        2.0002338031363712E-002
   13.477101713624092        2.9231199964339781E-002
   14.019251049714155        2.1461752486280967E-002
   13.557047429447630        3.6224265226293018E-002
   13.742834184301692        2.1329418723044630E-002
   13.721331983078077        3.8536662338843536E-002
   13.988601666141390        3.5036541139687925E-002
   13.991705456484970        3.7885069435065602E-002
   9.1150976763932583        3.1057100785980177E-002
   14.017484174143080        2.5712067806994084E-002
   13.381452104123287        2.0414532857269119E-002
   12.787504922235550        3.6269486116561007E-002
   13.929046772495091        3.1395129052097029E-002
   16.457863467994066        3.8958548508505546E-002
   10.380463859295871        3.2432629161917720E-002
   14.009710993918098        3.6382805635706970E-002
   13.869983441098142        1.4303960761267607E-002
   13.803385631063502        2.4959867322901660E-002
   13.138946327480152        2.6953313458583546E-002
   13.321360550969420        3.7627662698259776E-002
   14.009356168025711        3.7998967251572438E-002
   11.289728260024114        3.0307948853332253E-002
   13.823601657044017        3.8908792586928365E-002
   13.888303840337738        3.9002536066894848E-002
   13.502908691783860        3.0416167172407145E-002
   13.985250043126102        2.3442030798477415E-002
   15.540684554379236        1.6262339306790715E-002
   10.945216803433834        2.1290295220517407E-002
   13.472381056796005        3.0357937032992704E-002
   13.957929504753569        3.2845130622422551E-002
   13.538245020719021        2.2096058129886950E-002
   13.077826712999403        2.5711317841204985E-002
   13.880166553424324        2.2476430726501895E-002
   13.023003250299372        1.7316563534176051E-002
   13.339780992071748        1.3382031356035990E-002
   13.782683148820704        2.1776056722739700E-002
   13.954261664702564        7.1708837778066865E-003
   13.834807654172700        2.3661232338862252E-002
   11.270808932107233        2.1882147656651176E-002
   13.945166050627035        2.8072781242543081E-002
   13.359784459985208        2.5160126046491434E-002
   14.368925689234167        3.8625623877630279E-002
   15.639438835276133        3.8009394122418237E-002
   13.461379785948163        2.6554978778435448E-002
   13.250611780170432        3.6120157626801631E-002
   9.5861231583293822        3.4048615188454256E-002
   13.844675613632020        2.3287209662284782E-002
   13.775455501079795        2.2177028876174485E-002
   13.374500595778660        3.8345761927151965E-002
   13.107239048965257        2.9787925160816221E-002
   13.957840005910615        2.2371608201206459E-002
   18.119608902343295        2.8372746001196499E-002
   13.938486422607060        3.8386715163480682E-002
   13.909704998058647        2.7259744342756461E-002
   11.445053099307508        3.1758974594158884E-002
   13.670835846341340        3.5844803484221185E-002
   13.881433926496001        2.8546092389445344E-003
   13.346268478604967        2.8806520561530203E-002
   10.206219703163125        3.4187875215285865E-002
   12.995865532137516        1.7695775706798242E-002
   13.354146511022124        1.9749869171329343E-002
   13.878848444728872        3.5866929465855395E-002
   13.902557724707981        3.0893441164380031E-002
   11.036247163244552        2.0077968228018238E-002
   13.556211875644001        3.8525493294072108E-002
   13.937335961023432        2.8316818027720528E-002
   13.632783352700073        3.1972275578854882E-002
   13.567819113513016        2.0208567433389321E-002
   13.903480653264946        3.5220502894869152E-002
   13.300404773977341        3.1070699677469730E-002
   13.001505621428493        3.8231830007526918E-002
   13.295651838743257        2.8905614202969939E-002
   14.987170730517571        3.1982184347645805E-002
   15.866527935865532        3.6792505698244472E-002
   13.745498834430581        3.4255987227032970E-002
   13.456572016534388        3.8523072364954454E-002
   13.382583317772317        2.7228546725419349E-002
   13.380435698283661        2.5751555027169293E-002
   13.248112875206999        2.2883750169069281E-002
   12.945898158866001        2.2866109915467048E-002
   13.488957861036400        3.3117566480456918E-002
   13.804553948360134        2.2378615262082430E-002
   13.893624551552193        2.5321774503488943E-002
   13.881915815540740        2.4740066085219985E-002
   13.632788786352442        2.9711783180986721E-002
   12.480466731058904        3.0247614886207821E-002
   13.716316860271602        3.5526953995239058E-002
   12.970180902980342        3.3147281534307807E-002
   13.361949719790166        2.3654917356446883E-002
   13.890498967298793        3.4675644917715638E-002
   13.450893590515937        3.9261717125117668E-002
   13.204242623302580        3.3837004925638708E-002
   13.507039425483613        3.8639178395385491E-002
   13.816341811475095        2.5299683893757606E-002
   13.846037714610608        2.3882734936252183E-002
   13.823061780714765        3.7138759110379976E-002
   12.870735829086003        1.4145167584678224E-002
   13.254388489255030        3.1156706259926972E-002
   13.251292198932925        3.3895395476147651E-002
   11.963748971772961        3.9878490774394607E-002
   13.526214982439519        2.3895982990593947E-002
   13.839545394139908        3.4192353398960179E-002
   13.252254709001773        2.8378898643197696E-002
   11.404888293851201        1.5297221379677350E-002
   13.073389606008854        3.4199700415719840E-002
   13.855482331667346        2.9027892808592377E-002
   13.113677012014620        3.8978056416352422E-002
   12.676167188583548        2.7248697956778058E-002
   13.852329792160216        2.5926936426429657E-002
   12.211486885679676        2.3297017595936931E-002
   12.896746898618087        3.2127997354669348E-002
   13.689372249740179        2.9148566528448452E-002
   12.874280270668660        3.1313339974957118E-002
   13.782256158384413        2.1928185972970107E-002
   12.401436440577397        1.8880528275963017E-002
   13.591459445956772        1.3112229680868210E-002
   13.840002376678187        3.4794787909237720E-002
   13.500511303965947        1.6452305051265721E-002
   13.239647701158491        2.7447825503714041E-002
   10.030197700323157        3.6302353749312517E-002
   13.843135437442582        3.8278718169708383E-002
   13.574291149414369        1.9226352957929377E-002
   13.604919036858353        3.2243233786512171E-002
   14.528481859827025        3.0206358314023140E-002
   12.110091036170145        2.3958624326473523E-002
   13.262496183133035        3.7530462143578761E-002
   13.681221740040760        2.6120900469916507E-002
   12.887458035141126        3.5152659246771786E-002
   13.826803831492590        1.5680130491579410E-002
   13.672734127865384        3.1147816537685575E-002
   13.257560234136960        2.7170209010119944E-002
   13.669347954732691        2.2402175980177699E-002
   13.688464408121453        3.1476756155949977E-002
   13.755409125648532        1.9352499142384100E-002
   13.256038334664483        3.8730167431915749E-002
   13.246176259779403        2.3426022782575655E-002
   13.469542246530166        2.9467025577257302E-002
   13.652084747219552        3.9589871379805797E-002
   13.237106069376306        1.2578856853993826E-002
   12.957939132266226        3.2658628579404277E-002
   11.370744317267567        3.4847735660138400E-002
   13.132274413239974        2.1180493346001496E-002
   13.650706242347217        3.2524984710683186E-002
   13.785492428847283        3.5237068744258894E-002
   13.798953082072195        3.3978248322204745E-002
   12.589861726759292        3.6042817100517960E-002
   13.777177032239781        2.6397879301188518E-002
   12.914312428230037        3.1146035375353081E-002
   12.766403164522252        3.4460186832967581E-002
   13.754703406046279        3.4927587527287481E-002
   13.780047589964342        3.7348901231552427E-002
   12.599544193852433        2.7734630619436401E-002
   17.146218515949919        3.5415740988529870E-002
   12.680177945748998        3.7514873346646355E-002
   13.775206312108576        2.7044609525921824E-002
   13.407364474993175        2.6677251620441763E-002
   13.718457322619852        3.6435433939671670E-002
   13.666467277281956        2.0790730109802862E-002
   13.305005677415149        2.7819283658334380E-002
   12.593143455813205        9.1768140151654229E-003
   13.138773924970987        3.7452484565766317E-002
   13.332286667236930        3.4700687695065943E-002
   13.747337937635036        1.2354253652490524E-002
   12.995693294066230        3.9416629931841224E-002
   13.193905529353067        3.7152422758707726E-002
   13.459404679663901        2.7345215176667579E-002
   13.467913802864835        3.3425747453271877E-002
   13.756859886041974        3.8527418601948700E-002
   13.702558924857568        3.7601307055365990E-002
   13.756224934204486        3.5999014115699425E-002
   12.999116751767350        3.8172380398842305E-002
   10.855284373872138        2.1915153025603998E-002
   12.927594661799546        2.6904807759539857E-002
   13.157119746504826        2.1690964815274116E-002
   13.741154731873573        1.9175062045819140E-002
   13.400295513251024        2.8138281796289057E-002
   13.681393186138806        1.5804268735904410E-002
   13.740116094196178        3.0224317458032567E-002
   13.637681441697840        1.5003985191402901E-002
   13.444828352914303        3.2686959217670328E-002
   13.638693284302834        2.3471169662510203E-002
   14.969883390921009        3.7604363996790791E-002
   13.513229440147335        2.7997805446146079E-002
   12.934027793652785        3.6591635896576817E-002
   12.585147255818214        3.4194332911009900E-002
   12.201653944674666        3.7366453127440295E-002
   13.171607896533807        1.6205412234748150E-002
   13.648017743980720        3.8136835400154868E-002
   13.690842665345896        3.9271082570938858E-002
   13.677133002193893        2.0670073260781123E-002
   12.866996431395327        3.6377581811205699E-002
   13.715474144765333        3.4448680538297270E-002
   13.541012948840356        1.7417764930380275E-002
   13.706121250952098        3.9134253223544448E-002
   12.448124624031340        1.6072963302605908E-002
   12.681913135777570        2.9925589923681852E-002
   13.241816263761496        3.9233018551726180E-002
   13.097399463980620        3.7092111912188384E-002
   13.633843105648010        2.2049468485101045E-002
   13.025610164541053        3.0494227290908258E-002
   11.573464581996856        3.4348462813594563E-002
   13.009003887356220        3.0047226181630835E-002
   13.283281007284559        2.8801794892927630E-002
   13.243415797396210        3.2596496159258921E-002
   13.642904660486144        3.7750722901916542E-002
   13.040877569854224        3.7022653915851911E-002
   13.456702259963471        3.2276161581035710E-002
   15.397017055711970        3.2301020066575391E-002
   11.797320984921186        3.8266521007833121E-002
   13.589758217396012        3.2852544577622773E-002
   12.838499985752437        2.0507623928771770E-002
   13.600243737770439        3.1978755827633293E-002
   13.182468691566879        2.6810534476146817E-002
   13.035984341655855        2.1418666749648180E-002
   13.605790776929330        3.7160154082705704E-002
   12.631718727527431        2.4201627083220607E-002
   12.339469030960917        8.3044985116004413E-003
   15.468989369494018        3.6222271144987321E-002
   13.595543749280599        1.8567573400660422E-002
   13.436577207559022        3.7953401855317599E-002
   13.636771547132078        3.5678083248433107E-002
   13.513138689573818        2.5608622514886256E-002
   12.891299646783056        3.5219182735965165E-002
   13.539636768026689        3.0282765498373252E-002
   13.664157923207927        3.6216003972498419E-002
   12.688711228987163        3.3517602307313724E-002
   12.623423062025834        2.9181783030656702E-002
   13.200223819150299        3.3388382112558450E-002
   12.229083727792112        1.5165790024229530E-002
   12.637832069314877        3.9956196554914378E-002
   13.726588522488353        1.4702775309196144E-002
   13.656555132705448        3.3388676376203158E-002
   13.518463721011479        2.9514942817082147E-002
   13.636419939251805        3.2698884885836464E-002
   15.912569620439793        8.1075999103991259E-003
   13.659094441955389        2.9828459473865764E-002
   13.358524577092108        3.4215949366759077E-002
   12.935717641725343        3.0922259377127420E-002
   13.434821510429870        3.8561348236005655E-002
   15.141047692294812        3.1210562624529078E-002
   13.412872058779925        2.0551997645474204E-002
   13.585172116504127        3.8604676370532137E-002
   14.092610431663065        2.9059655549485794E-002
   13.624650734026323        1.9028498494059552E-002
   15.668746101339780        3.6756392541441904E-002
   13.430323662808702        3.1238277222387617E-002
   12.571376172207064        3.7421238208220534E-002
   13.389918410953234        2.0242100819201577E-002
   10.522337416687575        3.9824353665843276E-002
   12.967961212624052        3.9262377435096682E-002
   12.635159115081063        7.7303075946781041E-003
   13.001452255036574        3.6582602153972223E-002
   12.882378251128522        3.0806118732426755E-002
   13.061864542304923        1.4363892325955897E-002
   11.805750484221130        7.1847376182416879E-003
   12.995263961748201        3.7953163384537553E-002
   12.415711113339299        3.8152540361414022E-002
   12.974512758075424        3.8556886662904993E-002
   12.862786856472191        2.5714670684081245E-002
   13.618592233147304        2.1401169657056299E-002
   13.126669981296136        3.4962720084162763E-002
   12.680896347750139        3.4234957088382888E-002
   13.121550039834659        3.2400513365131306E-002
   13.500283108187700        3.7397988690010701E-002
   13.531691916489947        2.1836427406684462E-002
   12.471099036072735        3.6327490787729823E-002
   12.823321507571212        2.6652327303588047E-002
   13.326383042249008        3.4726424800765862E-002
   12.737587241859524        3.6530432107754064E-002
   13.342219671218261        3.9114002179941230E-002
   13.274417507788689        3.4707469713342307E-002
   12.146637315259078        3.0434827181019607E-002
   13.234059943758872        3.4045131682984127E-002
   11.349450380522747        2.7067063476151558E-002
   13.565412000444148        2.7672339624996600E-002
   12.526153891487450        2.0398912167173065E-002
   12.506697506039615        1.2964757942918783E-002
   9.6146482035213925        2.9162790781502291E-002
   12.019907105069521        2.1490785187688492E-002
   12.894579756754325        3.5839158495848546E-002
   12.217416271694972        1.4180671525923576E-002
   13.499490349795034        3.2632808192046156E-002
   13.321440448258368        3.2058422745265283E-002
   13.491490426165594        3.2418722064646500E-002
   13.534396718776184        2.8095757673126585E-002
   14.175914141528102        3.3851863522317081E-002
   12.540602142152771        3.0901649604413238E-002
   12.937308168938854        3.9095780513874683E-002
   12.922952483253688        2.2508274702344205E-002
   11.046679635943743        2.8965073421000437E-002
   13.432826736625820        3.9393808971768474E-002
   12.920337429036508        1.0770866276072740E-002
   13.194316812001645        3.9288853173919537E-002
   13.020994456515682        9.0000121251894386E-003
   12.494038466346108        2.4800728895434689E-002
   13.143726625330473        3.1020351990979956E-002
   12.536926263751624        3.5485478982550757E-002
   13.530634784554223        3.6347137604708632E-002
   11.219253729264317        3.5385832991491804E-002
   12.120315849941775        8.1074922281020433E-003
   12.681483748813278        2.4565513236217487E-002
   13.206739257914357        3.2634359923542973E-002
   11.177743546802681        2.7400660617153114E-002
   13.479267385486061        2.5431401387665791E-002
   12.837413185363390        3.8347489235535923E-002
   13.269954715901765        3.0890365662587634E-002
   10.131621816583875        3.6769333729097922E-002
   11.685490545126157        2.5885927238545041E-002
   12.482368261493331        2.6458325011480831E-002
   10.042404807585012        1.5819985157519787E-002
   12.780431826458145        2.8443660693926842E-002
   13.203529827824248        3.8151022239950101E-002
   11.062549672701380        3.4937158955102035E-002
   13.444644308509835        3.6443378513140536E-002
   13.797160316002911        3.6203611895804726E-002
   13.351849171783133        3.1985135501397088E-002
   13.321446021089233        2.3017134901111534E-002
   11.630989549739921        3.6018445971443776E-002
   13.441068845659142        2.5334253504254601E-002
   12.765530517001555        3.7135306860383681E-002
   13.197812187762020        3.0700967723155923E-002
   13.456483144026169        3.9352274489527481E-002
   13.006003695020436        3.2928359400829658E-002
   13.434409485770040        3.9875472192952795E-002
   13.490120095043922        3.9883162228497505E-002
   13.484515258214051        3.7536667784120244E-002
   13.458652288919133        3.6717603462171462E-002
   12.747677223943803        3.9034507686182295E-002
   13.121252055836958        2.0728599534016550E-002
   13.473083230392115        3.9756091720103068E-002
   12.709848953736484        3.5155132821683532E-002
   13.382436523779363        3.7050873598494433E-002
   13.465252818621384        3.8933664757487420E-002
   12.226757368570190        3.7024338912168643E-002
   11.994761680762014        3.3981751005198145E-002
   12.197375929343471        3.6764547852695097E-002
   12.358989804513110        3.2439397134551115E-002
   12.735834072548894        2.5625100019885324E-002
   11.494132467934229        2.5601486369969010E-002
   10.893965304656687        3.7981508415011009E-002
   13.106806367151597        1.8145886929877546E-002
   13.390549880011109        2.0943128368918158E-002
   12.132226305718065        2.4839939823719816E-002
   12.611927471146666        3.8710829017034688E-002
   12.038961260979608        3.6974272177406238E-002
   13.397719191102022        3.3181041210081655E-002
   12.085491804028113        2.0517635044787475E-002
   13.218703419708154        3.7560185669947392E-002
   13.377099848876869        3.9298595224811148E-002
   13.429144081099855        3.9615897201357296E-002
   13.388263398599008        3.3970203784154412E-002
   12.845833373623989        3.1182216096079022E-002
   13.414450498375452        3.6394314614541949E-002
   10.481230350824566        3.1234343196344855E-002
   12.480379879726989        3.8171294692792894E-002
   10.345877765877338        2.9837399632197892E-002
   13.328212570743268        2.0428354590562463E-002
   13.175738499468952        2.4102176151341810E-002
   13.192034577022808        1.5358419902989891E-002
   13.408319845689961        3.8672275127942274E-002
   13.435119264286580        3.7281676567183425E-002
   12.515125512729718        3.2366185972521284E-002
   13.118859751626111        3.2621536768954698E-002
   12.640301735012230        2.9438780758315380E-002
   10.153144630932330        3.5816262203113632E-002
   13.076726024140219        3.7197940726490027E-002
   13.183644743967257        3.7623094086647872E-002
   13.186222864453352        3.7807763153475643E-002
   13.387210805317636        2.8313323959563170E-002
   12.503176088718876        3.8374700045272693E-002
   13.231079723906340        3.9376434593827482E-002
   12.568907039579720        2.9311125388276727E-002
   12.528778904996868        1.3957089582992644E-002
   13.344762096920576        1.8228451429392393E-002
   13.208683015742119        2.7966408554346695E-002
   13.245824125640734        1.7869048543655095E-002
   11.234334042515844        2.8868886128945524E-002
   12.947014895805809        2.9372232279405070E-002
   13.149279126632447        2.6254218050058141E-002
   12.553936407935957        3.7745774649303572E-002
   12.642764436545455        3.8094326329035179E-002
   11.252353698391770        3.1184272611351982E-002
   12.705113916679176        2.8205774788131653E-002
   13.189727164230717        2.5008795202799257E-002
   10.084653483353117        3.3908647124946990E-002
   13.125734611000860        3.9541227105605703E-002
   13.139866178440036        2.6317124139020660E-002
   14.689376159889648        2.3952944240917300E-002
   13.155161744258322        3.1887746802859780E-002
   13.262004014403317        3.5780170792729118E-002
   12.704457633575169        3.3374392751160595E-002
   12.432681608634413        2.7943223786921881E-002
   11.756007511085969        2.6516995654397323E-002
   9.2591260706776577        1.8077210690537471E-002
   12.532615753256501        3.9111466036986141E-002
   13.299130764469000        3.8256207883672365E-002
   10.008202669792798        1.5281146501448965E-002
   10.970200386873268        3.2685209879621563E-002
   12.990374290084532        3.0928461331654774E-002
   11.359526286196974        3.1780529206940057E-002
   10.949099688599786        3.7409010960017329E-002
   12.498608769612993        3.1200147835634892E-002
   12.798930820843241        3.3931537494963727E-002
   12.101692572346025        3.8810982902845063E-002
   13.296402741086585        3.9105574800393755E-002
   11.696156671459544        3.3615717639765300E-002
   14.740118689282573        3.9424314543811116E-002
   13.265606531845650        3.7427273093133200E-002
   10.922816215177809        3.5184556514104598E-002
   13.081719841392838        2.7021516991496731E-002
   12.424184270848940        3.1396176494649819E-002
   12.508716109475341        3.9967737464122036E-002
   13.085216358596108        2.2891002771110766E-002
   13.798400327008302        3.9356740303872879E-002
   14.009750303298794        3.0543508689425080E-002
   12.920307386997941        2.7855325166656373E-002
   12.435091309826140        2.8897927096615102E-002
   12.532389348007213        3.6553577088121375E-002
   12.627845582053968        3.2020007433185435E-002
   12.870835009836169        1.9723840496643281E-002
   13.229939165689922        1.4617282285735804E-002
   11.754186881498896        2.2044132306854269E-002
   11.017065311148675        2.5148031099355810E-002
   13.057131558564523        2.5985820792186150E-002
   13.178625792481846        8.4509494045343237E-003
   13.131131429584176        2.2759134486982319E-002
   13.074490725922962        3.7149628826357653E-002
   12.098381010335615        3.8794697214414003E-002
   13.204252619944398        3.1906381104254249E-002
   13.214435708581181        3.2978492007777874E-002
   11.671828955023130        3.6666461740152798E-002
   13.146319600457609        2.9274734742599569E-002
   12.832473751405518        2.0947026543302268E-002
   11.133708591166078        3.5310444580949542E-002
   12.149908800310516        2.7868481077094710E-002
   12.447137057224475        3.9428176358013982E-002
   12.522453105621405        2.2628998855659065E-002
   13.279630266960718        1.9042713593909761E-002
   13.176475197622622        3.4054500308464887E-002
   13.196723698151528        3.8304256397359224E-002
   12.898152821265308        2.5580982329372576E-002
   11.049272107751550        3.5880395546975898E-002
   13.160108702462647        3.2912398449271747E-002
   10.660645727198469        2.6527675950849018E-002
   13.069505594779917        9.9502982200324608E-003
   13.206739610025261        3.4934597113239575E-002
   13.189745566497637        2.3772869576147493E-002
   13.146322081112563        3.1155270002216340E-002
   12.946836944342325        3.5716462367065938E-002
   12.987677720686339        3.7882523717003271E-002
   12.437430695953035        3.8435852423677523E-002
   13.059600957766973        2.6365496289178895E-002
   11.534753991060715        3.9838245262927251E-002
   12.198368446933571        3.8601139227115548E-002
   13.086772848127417        1.9665797885249556E-002
   12.986794971701189        2.5008019475665971E-002
   12.675232156161371        3.6849288435405421E-002
   12.689002031433901        3.0734062267642848E-002
   11.717702249421968        3.5441481836762621E-002
   12.975403129640140        2.9542253970400893E-002
   12.506229099606099        3.6674081656869778E-002
   12.539404068103618        3.1789284662056008E-002
   13.097327926617478        2.4436214788223182E-002
   12.749150894594624        2.5081469213478980E-002
   11.060304349892245        2.8080577761846772E-002
   13.135049907409455        3.9554763950239734E-002
   13.072977831624932        2.9360634105332628E-002
   12.065272884055156        3.8193489323763312E-002
   13.106398400142194        3.3783307385098153E-002
   12.597664742046071        3.8477518880548477E-002
   12.354932212685100        3.3611177560256084E-002
   12.198324243729214        3.9802025742169629E-002
   12.593578605257544        3.0886621913834348E-002
   12.593114333865810        3.5076477425501358E-002
   11.795878708436968        2.9681548818084082E-002
   12.556380225023741        3.5371101138311128E-002
   12.814102117813331        3.9742757284230865E-002
   13.106134849976600        3.6494519283230359E-002
   12.681044057893530        3.1691777218940086E-002
   12.561306727753154        3.0283635917355455E-002
   11.949587586097261        3.9396428656465456E-002
   11.977903419779382        3.6771724861670609E-002
   12.153349946783594        3.6804318204966810E-002
   12.084862435665851        3.1734726000642227E-002
   13.077738086516167        3.7744694350515716E-002
   12.524600279060238        2.6709353571713643E-002
   12.650670035018358        2.4673035035198177E-002
   13.081980613754782        3.0587055954164527E-002
   13.041650424128843        3.8906368757612879E-002
   11.926642763649799        3.7872226772904229E-002
   12.952620650826336        2.9068714813272931E-002
   12.686571349701728        2.0134296555722943E-002
   13.005773367871752        3.0007171026804617E-002
   9.7369310540334340        3.3056087726657447E-002
   12.906891238212454        1.7744673963868272E-002
   11.544876059103416        3.8642689790702740E-002
   12.003012059323201        5.4551177312349699E-003
   13.676273774402846        3.4945194663774354E-002
   12.584472265270522        2.5513192993585135E-002
   12.835118018533606        3.9050960656499309E-002
   12.998913062358836        3.0607114873671123E-002
   12.885808543073141        1.6253952611926831E-002
   12.539426082937592        3.7817925329881409E-002
   10.963563749807502        3.8099686350968179E-002
   12.092786776547310        3.6065540576450977E-002
   13.784143216047333        1.6375605818919507E-002
   12.557982052398721        3.3436343170271228E-002
   12.537349258343475        2.0370221773247280E-002
   12.800934731372141        2.7437466848677958E-002
   12.980124019779488        3.1027775010527843E-002
   12.948293833584959        3.6770719426742954E-002
   12.974299219505090        2.6075893640286788E-002
   11.933836016722186        3.0987849433051051E-002
   12.896846361364933        3.4355649135584809E-002
   10.482193558525150        1.7136442565515785E-002
   12.258595126882490        2.8421853421335883E-002
   12.998623335064474        1.9861894207736552E-002
   12.807371220784814        3.5486411265165108E-002
   12.978154797211262        3.8174774869026103E-002
   10.726421665111989        1.9627397280528855E-002
   12.886533348918476        2.9198330220964113E-002
   11.595839913170657        2.6280318636045501E-002
   10.832950653177246        2.2382715407481334E-002
   12.255641149649682        3.6473389396010039E-002
   12.130274668560515        3.2219199868615024E-002
   12.966000383664907        3.9849925770688958E-002
   12.307165688101188        1.3522709161470454E-002
   12.121251827063515        3.5603671897120680E-002
   12.706950399056407        1.4368387195083316E-002
   12.842302415242139        3.1366603578386970E-002
   12.958808976017171        2.4461148750062087E-002
   12.205583041466713        2.4944880729796903E-002
   12.297184335744067        3.7395130626398737E-002
   12.422477037827029        3.1974846162172103E-002
   13.291949352307853        2.9942432573674113E-002
   12.895055966339008        2.1540847782444951E-002
   10.729717864499182        1.3069636820215334E-002
   12.531688123787635        2.9388140096403254E-002
   12.360484928043139        1.6154350196917071E-002
   12.804794211997958        3.7994234419523792E-002
   12.250605276793092        2.6345108283465174E-002
   12.791105324126164        3.6083469319587808E-002
   12.610130131467379        3.7271142535482131E-002
   11.257028737184477        2.7713280158922292E-002
   10.514277446799468        1.0542042925735315E-002
   10.141868412530840        2.8026539772265054E-002
   8.9639957966577128        3.2175578455717641E-002
   12.772114304777130        3.9032647168259833E-002
   12.158074339720834        3.1008590556685148E-002
   12.101151851009268        3.5392476816542146E-002
   11.887481533531203        2.3675953006574595E-002
   11.227904719395251        2.3524595264959036E-002
   12.335354022233810        3.2439871871202321E-002
   12.869877110970277        3.5226558813492265E-002
   9.8591988712361598        2.0309270557067417E-002
   12.856104110453492        3.6780344366407904E-002
   12.441338874014271        3.8436425702282555E-002
   12.533448876044510        2.5292326322589070E-002
   12.113879631657831        2.8529010590280138E-002
   12.523713766716517        2.0481006770578295E-002
   12.350764574984552        1.8196084265537087E-002
   10.747275097712347        3.3696086320980721E-002
   12.763691135822693        1.7563739851593572E-002
   12.736673646541597        3.4330012679638588E-002
   11.893725219052451        3.8034017401991131E-002
   12.784842441594410        3.5189844657807952E-002
   12.495802025146666        3.2415422300526825E-002
   12.089660017320719        3.2329998242566722E-002
   11.928921711454224        2.3980608160498292E-002
   11.789528995299642        3.2585774100582186E-002
   12.442434373443596        1.2698140163062080E-002
   12.746593926888607        2.1974396806170571E-002
   12.334406894407993        2.6930985119632989E-002
   12.613577445202672        2.2269087931347006E-002
   12.230809506804830        3.3602122746217634E-002
   12.644214738128724        3.4700628218582490E-002
   12.136021641905952        2.3303297745289848E-002
   9.3825586379892165        3.8935624978504571E-002
   11.844284080329817        2.5543060512328981E-002
   12.342213992686277        3.4369118976977996E-002
   11.869847125653543        7.7088140624799895E-003
   9.3540053156966287        2.9643328808112400E-002
   11.940902517566027        1.8420493889447380E-002
   12.698080792123342        3.7563860673595267E-002
   5.5891546564711421        2.8782910014031972E-002
   12.683339326629895        3.8334897125387832E-002
   12.643677747408544        3.9714157567745892E-002
   12.680123525790872        3.6305200539065857E-002
   12.307337595647901        3.2265913095507193E-002
   12.665795782158682        3.3138317365089480E-002
   10.351595936280575        2.5107118373099233E-002
   12.716487639181057        2.7631882339841676E-002
   12.469289083646681        3.7886722621553168E-002
   12.563331617157266        2.5007848864136036E-002
   12.260806178289185        2.4283190355818253E-002
   13.002339675209125        3.0330956545370318E-002
   12.646620907415663        3.8864933746047547E-002
   11.824062186469295        2.6834465657899497E-002
   11.878302105164448        1.8055174110871368E-002
   11.338794158312183        3.4488415480407764E-002
   12.640030346194701        3.4715704593974939E-002
   12.264889642399650        3.7075991858307372E-002
   12.716051649820198        1.9613476290378313E-002
   12.560196864061696        2.9448094059356025E-002
   12.231420759691492        2.9078411648653858E-002
   12.586522846106718        2.6341666306918164E-002
   10.554889743083315        3.8452576965650943E-002
   12.398038223969973        3.9096904302573683E-002
   11.573782890048030        3.6310345504839248E-002
   12.509610534793516        2.1286628126226233E-002
   12.603376824505913        3.4122877403237988E-002
   10.265998057514407        2.9330903926302086E-002
   12.361453366054846        2.6078662747555027E-002
   11.973875646976037        3.5124670591811763E-002
   12.579386613191815        2.9454640808615408E-002
   12.525184651989960        2.8304304381450960E-002
   11.709148951153146        2.8822033211549896E-002
   12.565823822512868        3.8930808603779711E-002
   10.105396716175919        2.1058934763378442E-002
   11.893289964379303        2.9481373648546302E-002
   12.323416838819417        1.2063751397468205E-002
   12.195340436684747        3.8534676120497859E-002
   11.810963438298799        2.0744066971192226E-002
   12.181142340122472        2.7641015218321532E-002
   12.164211710209669        3.7747443329902090E-002
   10.556601896660244        3.9049370944899665E-002
   11.055764519048616        2.8447823350654867E-002
   12.079570883999859        1.4393959901255209E-002
   12.495815567354638        3.1695111385708664E-002
   12.154101173119267        1.8120264397304683E-002
   11.811920869142471        3.6892969549556738E-002
   10.632741419912941        2.6330341023132326E-002
   12.492031442962508        1.5287797810320585E-002
   12.143791384970388        3.9521712894964707E-002
   11.925660491124091        2.2555422958489914E-002
   11.827859651891664        3.8501697493914307E-002
   12.391389153876171        2.8897279550703602E-002
   12.055141618820056        3.3402749101839116E-002
   12.426865069615404        2.1936220305545540E-002
   11.845051190033038        3.4820841735466151E-002
   11.830386530139089        3.1967766776573071E-002
   12.053275100332160        3.7955905316080757E-002
   12.439698850694917        8.3512954857845323E-003
   11.763160292258414        3.4517222795545394E-002
   12.110010622272604        2.7946546168863107E-002
   9.2040742955882280        2.3924679718022555E-002
   12.166742053217250        3.2342708168691475E-002
   12.382969801407718        3.6289383198723012E-002
   12.281912624753687        2.0100502608824556E-002
   11.742840419302812        3.6408880299051385E-002
   11.376771986317955        2.5303951896537252E-002
   12.336576699587614        3.4408309146403755E-002
   10.748719182426900        3.0668185001387131E-002
   12.409804298737916        2.6689989824613652E-002
   12.364017773058844        2.1561692197669846E-002
   11.443213433180958        3.6243198375497991E-002
   11.646679961597739        3.3902923497783177E-002
   12.386706549102497        3.7203443595383856E-002
   10.354268688588743        3.2765997507385153E-002
   10.792489976702804        3.5555627617984788E-002
   12.368450573373028        1.8181354639617259E-002
   12.268418223523028        3.8271691354293799E-002
   12.230357196986926        3.7829754697266835E-002
   12.062370799844697        3.6694657375246159E-002
   11.890637612884106        3.2323154577648151E-002
   8.4279233484309231        3.1056668934357243E-002
   12.121259351273489        3.4377482292270237E-002
   11.770999198941718        2.0901891164699902E-002
   11.360876429253469        2.7749886769612830E-002
   12.103485529471822        3.6111217403062092E-002
   10.162782114287658        2.3184759906942853E-002
   12.320059824106256        1.8099078945836740E-002
   10.346623471601117        3.3974003058131030E-002
   11.904863397438938        3.7770181547773563E-002
   12.016963953292329        1.4282793655038369E-002
   12.288718054472756        2.3663809061587202E-002
   11.904048063746078        3.8780398380144937E-002
   11.696514110667660        3.7891520623123995E-002
   12.260947084219804        3.8183176589855379E-002
   12.050164885548138        2.5314414680359283E-002
   11.974543489239920        3.9276445961311621E-002
   12.139266559884788        3.8546563287271352E-002
   10.169426361931549        2.8775062627575933E-002
   12.201197353375665        2.3293940600296634E-002
   12.189825202675898        2.9943310278325794E-002
   9.8185696273864806        3.2806807631356891E-002
   11.998962634822727        3.1065651147395672E-002
   11.803944082070943        2.5881182370949114E-002
   12.150660229152839        2.2817689651701917E-002
   11.601703538518009        2.3139135982310818E-002
   12.038669417822767        1.7415529081125862E-002
   11.817525752121625        2.6714825532314898E-002
   11.886298040253788        2.7670939247006247E-002
   11.729222324835142        3.1294171551379112E-002
   12.115613010833368        3.7811136981838661E-002
   11.292015397482279        3.0131277596288024E-002
   12.018396544509649        3.5332402014562676E-002
   12.061205032837815        3.7532082807162831E-002
   12.043368839305955        3.5937974058679663E-002
   11.842577088786920        2.3561965947278093E-002
   11.716582513924406        3.7185558488210334E-002
   11.974989800728089        3.6016724101427380E-002
   8.5286831611564704        3.7443304395987760E-002
   11.936780368747240        3.6144180643257959E-002
   12.004966102095143        2.1462105195233425E-002
   10.899687273736939        3.5855444319560871E-002
   12.007502812270641        2.6690982824488764E-002
   11.267466371494415        4.9639127477011892E-003
   9.4380902399856446        1.5851636687228034E-002
   10.754485733107435        2.8871460024667839E-002
   10.270294349866015        6.2282765840094689E-003
   11.964266972453558        3.8696632587412065E-002
   11.760440754866647        2.6322748052031716E-002
   9.9612390098219343        2.7828998420485213E-002
   11.924058516891224        1.9464391192469808E-002
   11.178503818410206        3.4504131026263506E-002
   11.905498479317515        2.4661519344620755E-002
   11.680972945759169        3.3012638802500542E-002
   11.169265382502470        3.5152405903194142E-002
   11.395149531597756        3.9916908483892524E-002
   11.176290141477843        2.0604875209767608E-002
   11.644527491726199        3.0765918030982112E-002
   11.846520975456222        3.1470406358659601E-002
   11.715191161650148        3.1273198442770031E-002
   11.421555625212541        3.6987533406210277E-002
   11.598851658906550        3.5115087199114450E-002
   11.775369184760358        3.1641190722876252E-002
   11.826404065989404        3.1861199844320197E-002
   10.991610649965690        3.9004368117092500E-002
   11.751353907400540        3.9910543697493861E-002
   9.8943881005878929        2.8589039557769862E-002
   11.661128121785497        3.9931299400028576E-002
   12.041340238108475        2.5549489550104134E-002
   10.942307546229033        3.9082129139989950E-002
   11.548492756927988        2.9958449664036151E-002
   11.196567704887151        2.8144789636749070E-002
   11.750296595086454        2.5787754827278783E-002
   11.611688819284382        3.8815122110287585E-002
   11.385337185858333        3.8720948903599645E-002
   11.665223121759123        3.9619003371225377E-002
   11.729404073928915        3.2098332629651026E-002
   11.260248910775321        2.3518581034007016E-002
   11.651183408604055        3.7568556541227441E-002
   11.633988561039370        2.3758824813168378E-002
   11.357882488631647        3.1578915666239063E-002
   11.670375518803244        3.9882467881015481E-002
   11.301736520431845        3.2422977715582571E-002
   11.616085484568490        3.1450494474224905E-002
   11.064547171189243        2.2457870792126130E-002
   11.559375539859694        3.7999771606394450E-002
   11.635853985040615        2.2508183142709897E-002
   11.566561325716785        2.2927450134205916E-002
   11.601198092097697        3.0611940717162764E-002
   10.839736680733640        2.6316621102969784E-002
   11.372540300535031        1.6318110378866272E-002
   11.608871590634719        2.0911501025590445E-002
   11.500514436817245        3.3318862130641995E-002
   10.366919774298136        3.2211195226224391E-002
   9.5670862347625416        2.6782677009627796E-002
   11.499018045721868        2.4940591465634598E-002
   11.459367649252798        3.2400118007054092E-002
   11.173674994467110        3.7357001499169554E-002
   11.084176183837616        1.9246566145964109E-002
   9.2240657270403172        3.5953449204416114E-002
   11.497699336985839        3.6577290523330412E-002
   8.1660215647528265        2.9343392251616175E-002
   11.476516351270533        2.7420356088721350E-002
   10.294150037054626        3.0138835729949985E-002
   11.475218962445393        3.4204055871437142E-002
   11.319149492608251        1.8871605366656163E-002
   11.395418168094547        3.0809912446213256E-002
   11.360471568619602        3.0259637658618090E-002
   11.331929645604980        1.3891514778674511E-002
   11.191259652770132        3.4063698711644344E-002
   10.961084961164508        1.2660053248775605E-002
   8.8048668076667820        3.0548588509972368E-002
   11.304041551673544        2.5170771009815438E-002
   11.003621649185094        3.9333654369915982E-002
   11.304869996614061        3.6813735238431858E-002
   10.881977455245814        1.9819746104313234E-002
   11.345343026560926        2.2861559728393838E-002
   10.504852564974554        3.8568249538201864E-002
   11.277957176892523        1.8431908060017085E-002
   10.944826538689195        3.5209231774082091E-002
   10.932601124934360        2.1297680882348024E-002
   10.998301277888149        2.7739231394809532E-002
   9.6445809755616878        3.2761919073031456E-002
   9.5557939935076668        2.7582209325986852E-002
   10.889079718307258        1.9906914618162720E-002
   10.815774062607826        3.6692604046656439E-002
   10.676672054289329        3.7846430257267381E-002
   7.8699944707080087        2.2479490628631561E-002
   11.156221657389541        2.9844695299587755E-002
   8.1202319305968516        3.3769808318427984E-002
   10.898007741630181        3.0893317557797319E-002
   10.913544194851966        2.8741923233122857E-002
   8.6171027178127364        3.2077856514036947E-002
   10.845941896804085        3.3145600978089204E-002
   11.087290206419077        2.1865750151946542E-002
   10.587376841660328        1.3574537375544595E-002
   10.897560791984578        2.0666246168460058E-002
   10.739830630031982        2.3654556453540917E-002
   9.8275783875917355        3.2956546111605034E-002
   10.314686819838933        3.4715447048110908E-002
   10.646200554858872        3.0661214710022169E-002
   10.896274504377509        2.5363245483726853E-002
   7.5986829645284280        3.8262428933411800E-002
   8.2983358880853153        3.5491608467686030E-002
   8.5816109229886735        3.3439245081035386E-002
   10.793787203037391        2.0004506071999380E-002
   10.496408465397792        3.1068295298564742E-002
   10.823764404880404        3.3449693048186534E-002
   10.736050585356328        3.4129873063366720E-002
   10.057750559428680        2.9954320101207407E-002
   8.6451538927236520        3.8070528303086625E-002
   10.499254117737232        3.8307341041912239E-002
   10.818034362998944        3.8431468877732494E-002
   9.4498016230328865        2.8156202254542038E-002
   9.2533254685538022        3.4585035450597650E-002
   10.760245169542365        3.6278209026670255E-002
   10.493503309235537        2.2896074890911468E-002
   10.795550288869610        2.6674764437741274E-002
   10.434692484792986        3.6470171720769176E-002
   10.495711901577467        3.5998805717130489E-002
   9.3141501444871864        3.0808688043102054E-002
   10.783445382843670        3.6796077462079441E-002
   10.673029775118152        3.7587470836240928E-002
   9.4838487649299452        3.6015554686793405E-002
   10.509108159551321        3.9349296897972987E-002
   10.352792077263175        3.0547507789104544E-002
   10.749496469423168        2.5382189602862031E-002
   9.7361867844590293        3.4310123746222151E-002
   10.503036678737232        2.0444653557149223E-002
   10.590366057782731        3.8698602813548422E-002
   10.547600073468448        3.1650714714575451E-002
   10.571254256856569        2.6790775029703982E-002
   10.614927330017158        3.2154260387012738E-002
   10.724673423763779        1.6088041667784318E-002
   9.1444660816275096        2.9755115986446926E-002
   10.618243651239773        3.6307948501312283E-002
   10.703096585323021        3.5330187775781126E-002
   10.704042076970492        3.6691674735355645E-002
   10.391116806992688        3.3973308030716971E-002
   10.708460295608674        3.2866761684091736E-002
   9.6929883060060149        2.1581647994164021E-002
   9.9956072173853450        3.8438395464765372E-002
   10.374310411057031        3.1640332616133540E-002
   7.8185760579839538        2.3016860011541705E-002
   10.582657755750169        2.1229832342680367E-002
   10.260475203050554        3.1988471855898558E-002
   9.8110453916234395        3.3696172385390660E-002
   9.8569291344561556        2.4511435830009476E-002
   10.559716294382667        2.5346591674099774E-002
   10.435823945250151        3.9635855852372961E-002
   10.351000196972397        2.0044152858764649E-002
   10.622636355048845        2.4872058497819524E-002
   10.585319012031830        3.2539962185358567E-002
   10.557433071755982        6.8950094128393943E-003
   10.260258555963322        3.7083036176749476E-002
   9.0598249124595132        3.1667339158206166E-002
   9.7566747206472719        2.8442199597885423E-002
   10.155557611943470        3.0074265744766914E-002
   8.6654768224745240        2.9932324285584698E-002
   9.8082493699828071        2.7785373723831861E-002
   10.187621344810562        1.8990251492301782E-002
   9.2037243866186458        3.4593222604887126E-002
   10.136114931381172        2.4187800587988612E-002
   10.204376255344506        1.7358943891717799E-002
   9.5705848137403962        2.9341350670366015E-002
   10.519618754285570        3.7951578816200135E-002
   10.320058353690568        3.7939418111849407E-002
   10.536569554215534        3.0923880891424456E-002
   10.226474915234617        1.5622071223622757E-002
   10.140568132405942        2.8631050212161342E-002
   10.394493551708726        3.4495875083620085E-002
   10.050390878455703        3.0593582521461007E-002
   10.206771741944060        3.2267764326468724E-002
   9.9433345980507344        3.9071022986280596E-002
   10.347949224184159        2.4308719414350463E-002
   10.198921697327904        1.8462587057987940E-002
   9.2539916552816859        1.9407906164909595E-002
   10.498683112874055        3.5055586838737191E-002
   9.8298057650149673        3.6216638532817529E-002
   10.330776699994818        3.8343974059601660E-002
   10.488575998307386        3.3411896882929407E-002
   8.6609314591389861        3.3529534770291400E-002
   10.084370843862789        2.1535563138261462E-002
   9.6548246971913709        2.8142641025958485E-002
   9.8572213970856239        2.6005960557744054E-002
   9.2360393495632103        3.7423955412576163E-002
   8.0893883708708874        1.5358926565079627E-002
   9.9626254667578547        2.9913862885409228E-002
   10.448205589017537        2.8294243358145867E-002
   10.057637648856758        8.4955046796070591E-003
   9.9459197352363127        2.4769268325488883E-002
   10.153530942284222        3.1271553496709098E-002
   10.071272098838110        2.9941134986140972E-002
   10.442564538420104        3.0153935222108630E-002
   10.213850548406644        2.7807289295570106E-002
   8.9695065548242567        2.8104560925888606E-002
   9.6536118987953135        2.4164461442228866E-002
   10.417357102325608        3.6062022680399590E-002
   9.2460397768287983        3.2504689825606170E-002
   10.374885103093979        2.1718830999067552E-002
   10.391995038590736        1.7596332244884234E-002
   8.3339595281772851        3.5062197046952237E-002
   10.416951130211293        2.5546380368309286E-002
   10.130120623110610        3.9276070412099087E-002
   8.9623389029890070        1.1932725962796150E-002
   9.3231958012470493        1.1523499888421470E-002
   10.391662760123271        3.6525453934434314E-002
   10.059837471875211        3.9939309420592456E-002
   10.375691406744350        3.8824640864488225E-002
   10.154474059629091        3.7958077597066237E-002
   9.5923537562118373        3.9330863375969506E-002
   8.5805128351711097        2.6251947987297849E-002
   10.310076282764964        3.8463360578130039E-002
   8.5049029702413783        3.5699749331041038E-002
   10.154633804365556        2.3793993018834610E-002
   8.4601504679911272        3.7116975224349015E-002
   10.318052675259022        3.9198744176981409E-002
   9.6283397826014543        3.4603711309157771E-002
   9.6931478773372532        3.0609941126410505E-002
   10.247254004320922        2.8333376386929395E-002
   10.203619562644304        3.4622462299864092E-002
   10.256613634434334        3.5435023504337221E-002
   10.004859074629156        3.6409215794523608E-002
   9.6291602359259940        2.9239546226631646E-002
   10.298405458123238        3.6692725398339107E-002
   9.9523347903282176        3.9718977285779888E-002
   8.8049227057926505        3.3284940899924016E-002
   6.7231091621512595        2.9691946407434684E-002
   9.0956822390042582        3.5150500225137438E-002
   10.086122354500338        2.4629200472532548E-002
   9.8982182198020610        2.3772688898812559E-002
   10.264630004530279        3.6514235021847884E-002
   10.045392181811174        3.1074584498528658E-002
   10.239774164115081        1.7236983836680132E-002
   9.9083769582618952        3.0075725490678072E-002
   9.7889895229520221        2.3794338930225256E-002
   10.201618431731294        3.3716005102766705E-002
   9.9962590076036371        2.3186958244915300E-002
   10.191823902322156        2.2023370107122686E-002
   10.211747689596763        2.5027682469850772E-002
   9.5107664539656920        2.8233580060160326E-002
   9.8211622156463267        1.8044054085080113E-002
   10.110947658330211        3.0414069948553214E-002
   9.2746212521126257        3.8655071865365612E-002
   10.127730740250385        1.3241941966700189E-002
   10.063832436296487        3.8816635078694969E-002
   10.171115297477684        3.8747633526829237E-002
   10.077492427837768        1.4569519249064562E-002
   10.058682441716069        1.7717200590672038E-002
   7.5621170627628933        3.6003753875043447E-002
   10.097643422733906        2.6459620569382020E-002
   9.2724496714886371        3.8954376225816732E-002
   10.122596447002742        3.8829216382077134E-002
   10.030733098289680        2.4818929315637808E-002
   8.8841695108153989        2.0372331841808991E-002
   10.077780660719952        2.8702705548273481E-002
   9.8714643889002645        3.5389119288508908E-002
   9.3797860990951083        8.5110565532703249E-003
   10.007747918562174        3.8657171660778790E-002
   10.025004146119230        1.0374201970717518E-002
   9.9131474128152313        3.9360965170264016E-002
   9.5610786898969113        3.2631357531935676E-002
   9.9117100796007414        3.4912936096875270E-002
   9.7184156642754989        1.4055993018040979E-002
   9.3624719530832738        3.7838628983984116E-002
   8.2398883527713487        2.3550240325073423E-002
   8.9469528163811187        3.8938578198469777E-002
   9.8347560316793583        3.4471822737915062E-002
   9.6605447259742050        1.5485364824332938E-002
   9.5564865236377301        2.1115240626182221E-002
   9.4628897934246705        2.3979072057967170E-002
   9.9265241453950814        3.5060036783608209E-002
   9.7641780079679901        3.6190632733296479E-002
   9.7633517293802399        1.3788207102472980E-002
   9.7767037066701405        1.2129448215792099E-002
   8.2034802131988993        3.2292186624534758E-002
   9.7259371028651245        3.0584891986512357E-002
   9.8769471491332386        3.7804801726675039E-002
   9.3942756180221973        2.6158510164335010E-002
   9.8752755689977292        3.5339403017769166E-002
   9.2021236577643286        3.3476481984625737E-002
   9.7832278538718214        3.1737505701697519E-002
   8.3383500841117630        3.7485872782788081E-002
   8.8072527867332013        2.5328297767871308E-002
   9.3388268934954439        2.2970507312953532E-002
   9.3777424557346514        3.8654850346845848E-002
   9.7588704562221888        3.8340357959572323E-002
   9.4781218979377115        2.4955910776752230E-002
   7.9423193555133391        3.7727754794065323E-002
   9.6645072473923399        3.9847239167506932E-002
   9.7171857767020136        2.5105467284495014E-002
   9.2939467153226634        1.9846340476521989E-002
   9.7906792440223107        3.4972214207276947E-002
   9.2864877346666717        3.9974055632291748E-002
   9.7712816029692782        3.9040715236302655E-002
   9.3227239514656759        3.3077542276193202E-002
   9.4133783526908239        3.5429815734449879E-002
   9.1698331057046580        2.4129462450907087E-002
   8.8040252306401623        1.7154674855348603E-002
   9.7306726903912590        3.1642735959744393E-002
   9.2438963745190144        3.2956893182095132E-002
   9.6597420523537547        2.3482672708118792E-002
   7.5458907766669405        1.6994079593750034E-002
   9.3846689355272837        3.7052197037113953E-002
   9.5580175916720123        3.5507698245680258E-002
   9.2340252066246205        2.0089504125226410E-002
   9.5869919933695371        3.3843671049043504E-002
   8.7299651362478112        3.7631176914398844E-002
   8.0849448312286292        1.9441421158132577E-002
   8.7125871229870526        3.6596825554518167E-002
   9.5338749634453865        2.5790302653539311E-002
   8.4374840054514912        2.3833730563456151E-002
   9.5693610912394291        3.1227603525322639E-002
   9.2933039218827087        3.7302512785693610E-002
   9.6244036453833530        3.9640450733695813E-002
   9.5980622308483667        3.2188144814521827E-002
   9.5692099661961869        1.4305521334150646E-002
   9.4581521777724440        1.8165851236089367E-002
   9.3151796849412207        3.4680271174585692E-002
   8.5421696391051505        2.3311615338197669E-002
   9.3622364652382437        3.3888746415585355E-002
   9.4318764592971824        3.6765889041130345E-002
   9.4707954605284712        2.0457466173265011E-002
   9.3959669727077930        3.4176733862673545E-002
   9.3855096699312401        2.7270661235772001E-002
   8.7249491449019381        3.3256650454015470E-002
   9.1958388209931758        1.6094818710846247E-002
   9.4480956107272860        3.2182544315575767E-002
   8.8767222620744306        1.2379849568518602E-002
   7.2909367676964738        3.9960584130596180E-002
   9.3815922363638578        2.8549395858102608E-002
   9.3619851751730891        7.9607737828248492E-003
   9.3360627034911907        3.1115500509979081E-002
   9.1579551407051056        2.8463587794198976E-002
   7.6985453255137646        3.6134958823237744E-002
   9.1256691180734784        3.4563166770323742E-002
   9.0303804990103345        3.9729006612611563E-002
   8.3812614032542037        3.8589811132165655E-002
   8.4924598831951315        2.2098044203762140E-002
   8.3681062515632281        1.9373425467990830E-002
   8.5761152702368548        3.7837907400632295E-002
   9.0493748232045377        3.9592851900700457E-002
   9.1924913140678655        2.1424961255955520E-002
   9.1747067947621623        3.0064507735458591E-002
   8.1946184546183058        3.0361129631817460E-002
   8.4574763173903449        3.8780487667418088E-002
   8.4437471454436057        2.3554155281857839E-002
   9.0450494137141213        2.2031117047698143E-002
   8.1115387294419286        2.9219998656782927E-002
   8.8380912910352407        1.7405938277598110E-002
   8.9170891271849442        2.4096092474306767E-002
   8.7169323846508266        3.7075741541682257E-002
   8.2931061316058763        3.0905542028374849E-002
   8.4853466537646725        3.3250887066816871E-002
   8.4228035672668753        3.7370847781318967E-002
   8.7906961875458283        1.9959062957117329E-002
   7.6671144216211555        3.3329300209750265E-002
   8.6949152389065123        3.3161146865294568E-002
   8.2401803842821959        2.5915444495329305E-002
   8.6027263350593586        3.2418387846096880E-002
   8.3015733487449204        2.6051271369929681E-002
   8.5415875439971494        2.1045978202168081E-002
   8.3525161913247796        2.3230267056197507E-002
   8.0208175505042014        3.2472147772944882E-002
   8.4952899161478310        3.1413691155832958E-002
   8.3268485470977716        3.9277653532924027E-002
   7.7428295718794642        2.9467099867956072E-002
   8.0104676894756164        3.2776747003474431E-002
   8.2799378299619733        2.8791135465829194E-002
   8.2264182154855376        3.9750103160966034E-002
   7.5282391277534142        3.3690187094954457E-002
   8.1903292588154173        1.9590492366980353E-002
   8.1495043409919017        2.9499099845882084E-003
   7.6886398975727666        2.3427768411374939E-002
   7.8304513282218249        2.4701183179755913E-002
   7.8082597967050695        3.6060976680517852E-002
   7.8687465756641188        3.3202220683547640E-002
   8.0432343107059960        2.8980084158897673E-002
   6.9544902543715184        2.9413221382249513E-002
   7.7699756811100622        3.9500357554369397E-002
   7.8439463734955233        2.4554454141317981E-002
   7.8764175956466600        3.4074942702435683E-002
   7.8600858534514835        3.3736300439518564E-002
   7.8455591675645202        3.9609673284712980E-002
   7.4151028368727303        3.5097025905266893E-002
   7.6573676371311157        3.4429000893813878E-002
   7.7484809553051974        3.5860199735360622E-002
   7.4251800230223584        2.6196101971280032E-002
   7.3664166368597925        1.9060537972683339E-002
   6.9838442473453899        3.3532639003478568E-002
   7.2171482181500846        2.1013188688819854E-002
   6.4737848014244834        2.7226045311534407E-002
